Log file open, 10/25/18 22:31:46
LogInit:Display: Running engine for game: Proyecto2
LogPlatformFile: Not using cached read wrapper
LogInit:Display: RandInit(-1584446154) SRandInit(-1584446154).
LogTaskGraph: Started task graph with 5 named threads and 8 total threads with 1 sets of task threads.
LogStats: Stats thread started at 0.095744
LogInit: Using libcurl 7.47.1
LogInit:  - built for x86_64-pc-win32
LogInit:  - supports SSL with OpenSSL/1.0.2g
LogInit:  - supports HTTP deflate (compression) using libz 1.2.8
LogInit:  - other features:
LogInit:      CURL_VERSION_SSL
LogInit:      CURL_VERSION_LIBZ
LogInit:      CURL_VERSION_IPV6
LogInit:      CURL_VERSION_ASYNCHDNS
LogInit:      CURL_VERSION_LARGEFILE
LogInit:      CURL_VERSION_IDN
LogInit:  CurlRequestOptions (configurable via config and command line):
LogInit:  - bVerifyPeer = false  - Libcurl will NOT verify peer certificate
LogInit:  - bUseHttpProxy = false  - Libcurl will NOT use HTTP proxy
LogInit:  - bDontReuseConnections = false  - Libcurl will reuse connections
LogInit:  - CertBundlePath = nullptr  - Libcurl will use whatever was configured at build time.
LogInit: Build: ++UE4+Release-4.16-CL-3561208
LogInit: Engine Version: 4.16.3-3561208+++UE4+Release-4.16
LogInit: Compatible Engine Version: 4.16.0-3452394+++UE4+Release-4.16
LogInit: Net CL: 3452394
LogDevObjectVersion: Number of dev versions registered: 16
LogDevObjectVersion:   Dev-Blueprints (B0D832E4-1F89-4F0D-ACCF-7EB736FD4AA2): 9
LogDevObjectVersion:   Dev-Build (E1C64328-A22C-4D53-A36C-8E866417BD8C): 0
LogDevObjectVersion:   Dev-Core (375EC13C-06E4-48FB-B500-84F0262A717E): 2
LogDevObjectVersion:   Dev-Editor (E4B068ED-F494-42E9-A231-DA0B2E46BB41): 17
LogDevObjectVersion:   Dev-Framework (CFFC743F-43B0-4480-9391-14DF171D2073): 23
LogDevObjectVersion:   Dev-Mobile (B02B49B5-BB20-44E9-A304-32B752E40360): 0
LogDevObjectVersion:   Dev-Networking (A4E4105C-59A1-49B5-A7C5-40C4547EDFEE): 0
LogDevObjectVersion:   Dev-Online (39C831C9-5AE6-47DC-9A44-9C173E1C8E7C): 0
LogDevObjectVersion:   Dev-Physics (78F01B33-EBEA-4F98-B9B4-84EACCB95AA2): 0
LogDevObjectVersion:   Dev-Platform (6631380F-2D4D-43E0-8009-CF276956A95A): 0
LogDevObjectVersion:   Dev-Rendering (12F88B9F-8875-4AFC-A67C-D90C383ABD29): 15
LogDevObjectVersion:   Dev-Sequencer (7B5AE74C-D270-4C10-A958-57980B212A5A): 4
LogDevObjectVersion:   Dev-VR (D7296918-1DD6-4BDD-9DE2-64A83CC13884): 0
LogDevObjectVersion:   Dev-LoadTimes (C2A15278-BFE7-4AFE-6C17-90FF531DF755): 1
LogDevObjectVersion:   Private-Geometry (6EACA3D4-40EC-4CC1-B786-8BED09428FC5): 1
LogDevObjectVersion:   Dev-AnimPhys (29E575DD-E0A3-4627-9D10-D276232CDCEA): 3
LogInit: Compiled (64-bit): Jul 28 2017 11:49:47
LogInit: Compiled with Visual C++: 19.00.24215.01
LogInit: Build Configuration: Development
LogInit: Branch Name: ++UE4+Release-4.16
LogInit: Command line: 
LogInit: Base directory: D:/Fortnite/fortniteeee/UE_4.16/Engine/Binaries/Win64/
LogInit: Installed Engine Build: 1
LogInit: Presizing for max 8388607 objects, including 0 objects not considered by GC, pre-allocating 0 bytes for permanent pool.
LogInit: Object subsystem initialized
[2018.10.25-20.31.47:311][  0]LogInit: Selected Device Profile: [Windows]
[2018.10.25-20.31.47:311][  0]LogInit: Applying CVar settings loaded from the selected device profile: [Windows]
[2018.10.25-20.31.47:327][  0]LogInit: Computer: DESKTOP-CRJ97SF
[2018.10.25-20.31.47:327][  0]LogInit: User: marcs
[2018.10.25-20.31.47:327][  0]LogInit: CPU Page size=4096, Cores=4
[2018.10.25-20.31.47:327][  0]LogInit: High frequency timer resolution =2.648438 MHz
[2018.10.25-20.31.47:327][  0]LogMemory: Memory total: Physical=15.9GB (16GB approx)
[2018.10.25-20.31.47:327][  0]LogMemory: Platform Memory Stats for Windows
[2018.10.25-20.31.47:327][  0]LogMemory: Process Physical Memory: 272.30 MB used, 272.30 MB peak
[2018.10.25-20.31.47:327][  0]LogMemory: Process Virtual Memory: 258.70 MB used, 258.70 MB peak
[2018.10.25-20.31.47:327][  0]LogMemory: Physical Memory: 6959.17 MB used,  9346.88 MB free, 16306.04 MB total
[2018.10.25-20.31.47:327][  0]LogMemory: Virtual Memory: 4771.45 MB used,  9346.88 MB free, 134217728.00 MB total
[2018.10.25-20.31.47:387][  0]LogInit: Overriding language with editor language configuration option (en).
[2018.10.25-20.31.47:387][  0]LogInit: Overriding locale with editor locale configuration option (en).
[2018.10.25-20.31.48:305][  0]LogD3D11RHI: D3D11 adapters:
[2018.10.25-20.31.48:356][  0]LogD3D11RHI:    0. 'NVIDIA GeForce GTX 1050 Ti' (Feature Level 11_0)
[2018.10.25-20.31.48:356][  0]LogD3D11RHI:       4029/0/8153 MB DedicatedVideo/DedicatedSystem/SharedSystem, Outputs:1, VendorId:0x10de
[2018.10.25-20.31.48:358][  0]LogD3D11RHI:    1. 'Microsoft Basic Render Driver' (Feature Level 11_0)
[2018.10.25-20.31.48:358][  0]LogD3D11RHI:       0/0/8153 MB DedicatedVideo/DedicatedSystem/SharedSystem, Outputs:0, VendorId:0x1414
[2018.10.25-20.31.48:358][  0]LogD3D11RHI: Chosen D3D11 Adapter: 0
[2018.10.25-20.31.48:365][  0]LogD3D11RHI: Creating new Direct3DDevice
[2018.10.25-20.31.48:365][  0]LogD3D11RHI:     GPU DeviceId: 0x1c82 (for the marketing name, search the web for "GPU Device Id")
[2018.10.25-20.31.48:365][  0]LogWindows: EnumDisplayDevices:
[2018.10.25-20.31.48:365][  0]LogWindows:    0. 'NVIDIA GeForce GTX 1050 Ti' (P:1 D:1)
[2018.10.25-20.31.48:365][  0]LogWindows:    1. 'NVIDIA GeForce GTX 1050 Ti' (P:0 D:0)
[2018.10.25-20.31.48:365][  0]LogWindows:    2. 'NVIDIA GeForce GTX 1050 Ti' (P:0 D:0)
[2018.10.25-20.31.48:365][  0]LogWindows:    3. 'NVIDIA GeForce GTX 1050 Ti' (P:0 D:0)
[2018.10.25-20.31.48:365][  0]LogWindows: DebugString: GetVideoDriverDetailsInvalid PrimaryIsNotTheChoosenAdapter GetVideoDriverDetailsInvalid PrimaryIsNotTheChoosenAdapter GetVideoDriverDetailsInvalid PrimaryIsNotTheChoosenAdapter GetVideoDriverDetailsInvalid PrimaryIsNotTheChoosenAdapter FoundDriverCount:0 
[2018.10.25-20.31.48:365][  0]LogD3D11RHI:     Adapter Name: NVIDIA GeForce GTX 1050 Ti
[2018.10.25-20.31.48:365][  0]LogD3D11RHI:   Driver Version: Unknown (internal:Unknown, unified:Unknown)
[2018.10.25-20.31.48:365][  0]LogD3D11RHI:      Driver Date: Unknown
[2018.10.25-20.31.48:365][  0]LogRHI: Texture pool is 1361 MB (70% of 1945 MB)
[2018.10.25-20.31.48:391][  0]LogD3D11RHI: Async texture creation enabled
[2018.10.25-20.31.48:403][  0]LogD3D11RHI: GPU Timing Frequency: 1000.000000 (Debug: 2 1)
[2018.10.25-20.31.48:404][  0]LogShaderCompilers: Guid format shader working directory is -2 characters bigger than the processId version (../../../../../../Proyecto2Repository/Proyecto2/Intermediate/Shaders/WorkingDirectory/27036/).
[2018.10.25-20.31.48:404][  0]LogShaderCompilers: Cleaned the shader compiler working directory 'C:/Users/marcs/AppData/Local/Temp/UnrealShaderWorkingDir/C69FA2424A17AD4212D596AA878639B6/'.
[2018.10.25-20.31.48:404][  0]LogShaderCompilers:Display: Using Local Shader Compiler.
[2018.10.25-20.31.49:343][  0]LogTemp:Display: Loaded TP AllDesktopTargetPlatform
[2018.10.25-20.31.49:387][  0]LogTemp:Display: Loaded TP MacClientTargetPlatform
[2018.10.25-20.31.49:432][  0]LogTemp:Display: Loaded TP MacNoEditorTargetPlatform
[2018.10.25-20.31.49:475][  0]LogTemp:Display: Loaded TP MacServerTargetPlatform
[2018.10.25-20.31.49:520][  0]LogTemp:Display: Loaded TP MacTargetPlatform
[2018.10.25-20.31.49:563][  0]LogTemp:Display: Loaded TP WindowsClientTargetPlatform
[2018.10.25-20.31.49:609][  0]LogTemp:Display: Loaded TP WindowsNoEditorTargetPlatform
[2018.10.25-20.31.49:653][  0]LogTemp:Display: Loaded TP WindowsServerTargetPlatform
[2018.10.25-20.31.49:693][  0]LogTemp:Display: Loaded TP WindowsTargetPlatform
[2018.10.25-20.31.49:736][  0]LogTemp:Display: Loaded TP AndroidTargetPlatform
[2018.10.25-20.31.49:778][  0]LogTemp:Display: Loaded TP Android_ASTCTargetPlatform
[2018.10.25-20.31.49:822][  0]LogTemp:Display: Loaded TP Android_ATCTargetPlatform
[2018.10.25-20.31.49:864][  0]LogTemp:Display: Loaded TP Android_DXTTargetPlatform
[2018.10.25-20.31.49:907][  0]LogTemp:Display: Loaded TP Android_ETC1TargetPlatform
[2018.10.25-20.31.49:948][  0]LogTemp:Display: Loaded TP Android_ETC2TargetPlatform
[2018.10.25-20.31.50:035][  0]LogTemp:Display: Loaded TP Android_MultiTargetPlatform
[2018.10.25-20.31.50:035][  0]LogTemp:Display: Loaded TP Android_PVRTCTargetPlatform
[2018.10.25-20.31.50:068][  0]LogTemp:Display: Loaded TP HTML5TargetPlatform
[2018.10.25-20.31.50:150][  0]LogTemp:Display: Loaded TP IOSTargetPlatform
[2018.10.25-20.31.50:176][  0]LogTemp:Display: Loaded TP TVOSTargetPlatform
[2018.10.25-20.31.50:218][  0]LogTemp:Display: Loaded TP LinuxClientTargetPlatform
[2018.10.25-20.31.50:261][  0]LogTemp:Display: Loaded TP LinuxNoEditorTargetPlatform
[2018.10.25-20.31.50:303][  0]LogTemp:Display: Loaded TP LinuxServerTargetPlatform
[2018.10.25-20.31.50:345][  0]LogTemp:Display: Loaded TP LinuxTargetPlatform
[2018.10.25-20.31.50:345][  0]LogTargetPlatformManager:Display: Building Assets For Windows
[2018.10.25-20.31.50:767][  0]LogDerivedDataCache:Display: Max Cache Size: 512 MB
[2018.10.25-20.31.50:841][  0]LogDerivedDataCache: Loaded boot cache 0.07s 90MB C:/Users/marcs/AppData/Local/UnrealEngine/4.16/DerivedDataCache/Boot.ddc.
[2018.10.25-20.31.50:842][  0]LogDerivedDataCache:Display: Loaded Boot cache: C:/Users/marcs/AppData/Local/UnrealEngine/4.16/DerivedDataCache/Boot.ddc
[2018.10.25-20.31.50:842][  0]LogDerivedDataCache: FDerivedDataBackendGraph:  Pak pak cache file ../../../../../../Proyecto2Repository/Proyecto2/DerivedDataCache/DDC.ddp not found, will not use a pak cache.
[2018.10.25-20.31.50:842][  0]LogDerivedDataCache: Unable to find inner node Pak for hierarchical cache Hierarchy.
[2018.10.25-20.31.50:842][  0]LogDerivedDataCache: FDerivedDataBackendGraph:  CompressedPak pak cache file ../../../../../../Proyecto2Repository/Proyecto2/DerivedDataCache/Compressed.ddp not found, will not use a pak cache.
[2018.10.25-20.31.50:842][  0]LogDerivedDataCache: Unable to find inner node CompressedPak for hierarchical cache Hierarchy.
[2018.10.25-20.31.50:858][  0]LogDerivedDataCache:Display: Pak cache opened for reading ../../../Engine/DerivedDataCache/Compressed.ddp.
[2018.10.25-20.31.50:870][  0]LogDerivedDataCache: Using Local data cache path C:/Users/marcs/AppData/Local/UnrealEngine/Common/DerivedDataCache: Writable
[2018.10.25-20.31.50:880][  0]LogMaterial: Verifying Global Shaders for PCD3D_SM5
[2018.10.25-20.31.50:880][  0]LogSlate: Using Freetype 2.6.0
[2018.10.25-20.31.50:880][  0]LogSlate: SlateFontCache - WITH_FREETYPE: 1, WITH_HARFBUZZ: 1
[2018.10.25-20.31.50:880][  0]LogSlate: SlateFontCache - WITH_FREETYPE: 1, WITH_HARFBUZZ: 1
[2018.10.25-20.31.51:189][  0]LogInit: Selected Device Profile: [Windows]
[2018.10.25-20.31.51:270][  0]LogContentStreaming: Texture pool size is 0.00 MB
[2018.10.25-20.31.51:415][  0]LogMeshUtilities: Using QuadricMeshReduction for automatic static mesh reduction
[2018.10.25-20.31.51:453][  0]LogSimplygon: Simplygon DLL not present - disabling.
[2018.10.25-20.31.51:493][  0]LogMeshUtilities: Using SimplygonSwarm for distributed automatic mesh merging
[2018.10.25-20.31.51:493][  0]LogMeshUtilities: No automatic skeletal mesh reduction module available
[2018.10.25-20.31.51:493][  0]LogMeshUtilities: No automatic mesh merging module available
[2018.10.25-20.31.52:026][  0]LogNetVersion: Proyecto2 , NetCL: 3452394, EngineNetVer: 2, GameNetVer: 0 (Checksum: 2528454084)
[2018.10.25-20.31.52:085][  0]LogAssetRegistry: FAssetRegistry took 0.0258 seconds to start up
[2018.10.25-20.31.52:120][  0]LogPackageLocalizationCache: Processed 4 localized package path(s) for 1 prioritized culture(s) in 0.016838 seconds
[2018.10.25-20.31.52:125][  0]LogUObjectArray: 34194 objects as part of root set at end of initial load.
[2018.10.25-20.31.52:125][  0]LogUObjectAllocator: 7260416 out of 0 bytes used by permanent object pool.
[2018.10.25-20.31.52:125][  0]LogUObjectArray: CloseDisregardForGC: 0/0 objects in disregard for GC pool
[2018.10.25-20.31.52:178][  0]LogInit: WinSock: version 1.1 (2.2), MaxSocks=32767, MaxUdp=65467
[2018.10.25-20.31.54:434][  0]LogTcpMessaging: Initializing TcpMessaging bridge
[2018.10.25-20.31.54:470][  0]LogUdpMessaging: Initializing bridge on interface 0.0.0.0:0 to multicast group 230.0.0.1:6666.
[2018.10.25-20.31.54:923][  0]LogMaterial: Uniform references updated for custom material expression Custom.
[2018.10.25-20.31.55:269][  0]SourceControl: Info Source control is disabled
[2018.10.25-20.31.55:310][  0]SourceControl: Info Source control is disabled
[2018.10.25-20.31.55:354][  0]SourceControl: Info Source control is disabled
[2018.10.25-20.31.55:395][  0]SourceControl: Info Source control is disabled
[2018.10.25-20.31.55:953][  0]LogAndroidPermission: UAndroidPermissionCallbackProxy::GetInstance
[2018.10.25-20.31.56:453][  0]LogEngine: Initializing Engine...
[2018.10.25-20.31.56:453][  0]LogHMD: Failed to initialize OpenVR with code 110
[2018.10.25-20.31.56:631][  0]LogStats: UGameplayTagsManager::ConstructGameplayTagTree: Construct from data asset -  0.000 s
[2018.10.25-20.31.56:631][  0]LogStats: UGameplayTagsManager::ConstructGameplayTagTree: GameplayTagTreeChangedEvent.Broadcast -  0.000 s
[2018.10.25-20.31.56:739][  0]LogAIModule: Creating AISystem for world Untitled
[2018.10.25-20.31.56:750][  0]LogInit: XAudio2 using 'Altavoces (2- Logitech G933 Gaming Headset)' : 6 channels at 48 kHz using 16 bits per sample (channel mask 0x3f)
[2018.10.25-20.31.56:773][  0]LogInit: FAudioDevice initialized.
[2018.10.25-20.31.56:813][  0]LogDerivedDataCache: Saved boot cache 0.04s 90MB C:/Users/marcs/AppData/Local/UnrealEngine/4.16/DerivedDataCache/Boot.ddc.
[2018.10.25-20.31.56:823][  0]LogInit: Texture streaming: Enabled
[2018.10.25-20.31.56:910][  0]LogEngineSessionManager: EngineSessionManager initialized
[2018.10.25-20.31.57:098][  0]LogInit: Transaction tracking system initialized
[2018.10.25-20.31.57:365][  0]BlueprintLog: New page: Editor Load
[2018.10.25-20.31.58:168][  0]LocalizationService: Info Localization service is disabled
[2018.10.25-20.31.58:751][  0]LogConsoleResponse:Display: 
[2018.10.25-20.31.58:891][  0]LogCook:Display: Max memory allowance for cook 16384mb min free memory 0mb
[2018.10.25-20.31.58:891][  0]LogCook:Display: Mobile HDR setting 1
[2018.10.25-20.31.59:709][  0]LogFileCache: Scanning file cache for directory 'D:/Proyecto2Repository/Proyecto2/Content/' took 0.02s
[2018.10.25-20.31.59:747][  0]SourceControl: Info Source control is disabled
[2018.10.25-20.31.59:747][  0]Cmd: MAP LOAD FILE="../../../../../../Proyecto2Repository/Proyecto2/Content/FirstPersonBP/Maps/FirstPersonExampleMap.umap" TEMPLATE=0 SHOWPROGRESS=1 FEATURELEVEL=3
[2018.10.25-20.31.59:748][  0]LightingResults: New page: Lighting Build
[2018.10.25-20.31.59:782][  0]MapCheck: New page: Map Check
[2018.10.25-20.31.59:782][  0]LightingResults: New page: Lighting Build
[2018.10.25-20.32.02:886][  0]LogAIModule: Creating AISystem for world FirstPersonExampleMap
[2018.10.25-20.32.02:956][  0]LogEditorServer: Finished looking for orphan Actors (0.000 secs)
[2018.10.25-20.32.02:974][  0]Cmd: MAP CHECKDEP NOCLEARLOG
[2018.10.25-20.32.03:017][  0]MapCheck: Info Map check complete: 0 Error(s), 0 Warning(s), took 42.789ms to complete.
[2018.10.25-20.32.03:017][  0]LogFileHelpers: Loading map 'FirstPersonExampleMap' took 3.270
[2018.10.25-20.32.03:189][  0]LogCollectionManager: Loaded 0 collections in 0.001367 seconds
[2018.10.25-20.32.03:260][  0]LogFileCache: Scanning file cache for directory 'D:/Proyecto2Repository/Proyecto2/Saved/Collections/' took 0.01s
[2018.10.25-20.32.03:260][  0]LogFileCache: Scanning file cache for directory 'D:/Proyecto2Repository/Proyecto2/Content/Developers/marcs/Collections/' took 0.01s
[2018.10.25-20.32.03:260][  0]LogFileCache: Scanning file cache for directory 'D:/Proyecto2Repository/Proyecto2/Content/Collections/' took 0.01s
[2018.10.25-20.32.03:260][  0]LogCollectionManager: Rebuilt the GUID cache for 0 collections in 0.000002 seconds
[2018.10.25-20.32.03:270][  0]LogContentBrowser: Native class hierarchy populated in 0.0093 seconds. Added 2329 classes and 491 folders.
[2018.10.25-20.32.03:327][  0]LogContentBrowser: Native class hierarchy updated for 'WidgetCarousel' in 0.0007 seconds. Added 0 classes and 0 folders.
[2018.10.25-20.32.04:742][  0]LogContentBrowser: Native class hierarchy updated for 'AddContentDialog' in 0.0012 seconds. Added 0 classes and 0 folders.
[2018.10.25-20.32.04:836][  0]LogContentBrowser: Native class hierarchy updated for 'SceneOutliner' in 0.0012 seconds. Added 1 classes and 2 folders.
[2018.10.25-20.32.04:897][  0]LogCrashTracker: Crashtracker disabled due to settings.
[2018.10.25-20.32.04:902][  0]LogSlate: Took 0.000228 seconds to synchronously load lazily loaded font '../../../Engine/Content/Slate/Fonts/Roboto-Regular.ttf' (155K)
[2018.10.25-20.32.04:903][  0]LogSlate: Took 0.000161 seconds to synchronously load lazily loaded font '../../../Engine/Content/Slate/Fonts/Roboto-Bold.ttf' (160K)
[2018.10.25-20.32.04:933][  0]LogSlate: Took 0.024511 seconds to synchronously load lazily loaded font '../../../Engine/Content/Editor/Slate/Fonts/FontAwesome.ttf' (139K)
[2018.10.25-20.32.05:137][  0]LogRenderer: Reallocating scene render targets to support 1072x556 NumSamples 1 (Frame:1).
[2018.10.25-20.32.05:458][  0]LogContentBrowser: Native class hierarchy updated for 'HierarchicalLODOutliner' in 0.0007 seconds. Added 1 classes and 2 folders.
[2018.10.25-20.32.05:458][  0]LogLoad: (Engine Initialization) Total time: 20.16 seconds
[2018.10.25-20.32.05:458][  0]LogLoad: (Engine Initialization) Total Blueprint compile time: 0.21 seconds
[2018.10.25-20.32.05:458][  0]LogExternalProfiler: Found external profiler: VSPerf
[2018.10.25-20.32.05:458][  0]LogExternalProfiler: Using external profiler: VSPerf
[2018.10.25-20.32.05:467][  0]LogWindowsTextInputMethodSystem:Display: IME system now deactivated.
[2018.10.25-20.32.05:468][  0]LogOcInput: OculusInput pre-init called
[2018.10.25-20.32.05:468][  0]LogHMD: Starting GearVRController plugin
[2018.10.25-20.32.05:484][  0]LogAssetRegistry: Asset discovery search completed in 13.4213 seconds
[2018.10.25-20.32.05:486][  0]LogCollectionManager: Rebuilt the object cache for 0 collections in 0.000000 seconds (found 0 objects)
[2018.10.25-20.32.05:486][  0]LogCollectionManager: Fixed up redirectors for 0 collections in 0.000041 seconds (updated 0 objects)
[2018.10.25-20.32.05:489][  0]LogContentStreaming: Texture pool size now 1000 MB
[2018.10.25-20.32.05:588][  0]LogSlate: Took 0.016932 seconds to synchronously load lazily loaded font '../../../Engine/Content/Slate/Fonts/Roboto-Light.ttf' (159K)
[2018.10.25-20.32.42:190][838]LogSlate: Took 0.000144 seconds to synchronously load lazily loaded font '../../../Engine/Content/Slate/Fonts/Roboto-Light.ttf' (159K)
[2018.10.25-20.32.42:708][838]LogContentBrowser: Native class hierarchy updated for 'BlueprintGraph' in 0.0011 seconds. Added 112 classes and 0 folders.
[2018.10.25-20.32.43:356][838]LogSlate: Took 0.000301 seconds to synchronously load lazily loaded font '../../../Engine/Content/Slate/Fonts/Roboto-Regular.ttf' (155K)
[2018.10.25-20.32.43:600][838]LogSlate: Took 0.023688 seconds to synchronously load lazily loaded font '../../../Engine/Content/Editor/Slate/Fonts/Roboto-BoldCondensed.ttf' (158K)
[2018.10.25-20.32.43:844][839]LogSlate: Took 0.020012 seconds to synchronously load lazily loaded font '../../../Engine/Content/Editor/Slate/Fonts/Roboto-Italic.ttf' (157K)
[2018.10.25-20.41.57:198][ 34]LogSlate: Took 0.000211 seconds to synchronously load lazily loaded font '../../../Engine/Content/Slate/Fonts/Roboto-Light.ttf' (159K)
[2018.10.25-20.42.17:904][ 96]LogFileHelpers: Editor autosave (incl. sublevels) for '/Game/FirstPersonBP/Maps/FirstPersonExampleMap' took 0.048
[2018.10.25-20.42.17:965][ 96]OBJ SavePackage: Generating thumbnails for [1] asset(s) in package [/Game/FirstPersonBP/Blueprints/FirstPersonCharacter] ([1] browsable assets)...
[2018.10.25-20.42.17:998][ 96]OBJ SavePackage:     Rendered thumbnail for [Blueprint /Game/FirstPersonBP/Blueprints/FirstPersonCharacter.FirstPersonCharacter]
[2018.10.25-20.42.17:998][ 96]OBJ SavePackage: Finished generating thumbnails for package [/Game/FirstPersonBP/Blueprints/FirstPersonCharacter]
[2018.10.25-20.42.18:381][ 96]LogSavePackage: Save=314.40ms
[2018.10.25-20.42.18:381][ 96]LogSavePackage: Moving '../../../../../../Proyecto2Repository/Proyecto2/Saved/FirstPersonCharacter_Auto19688AB004238D31B7BB7DBBA4B6AD7A7.tmp' to '../../../../../../Proyecto2Repository/Proyecto2/Saved/Autosaves/Game/FirstPersonBP/Blueprints/FirstPersonCharacter_Auto1.uasset'
[2018.10.25-20.42.18:381][ 96]LogSavePackage:Display: Finished SavePackage ../../../../../../Proyecto2Repository/Proyecto2/Saved/Autosaves/Game/FirstPersonBP/Blueprints/FirstPersonCharacter_Auto1.uasset
[2018.10.25-20.42.18:381][ 96]LogFileHelpers: Auto-saving content packages took 0.469
[2018.10.25-20.57.45:256][201]LogTemp: Repeting last play command: Selected Viewport
[2018.10.25-20.57.45:483][201]LogBlueprintUserMessages: Early PlayInEditor Detection: Level '/Game/FirstPersonBP/Maps/FirstPersonExampleMap.FirstPersonExampleMap:PersistentLevel' has LevelScriptBlueprint '/Game/FirstPersonBP/Maps/FirstPersonExampleMap.FirstPersonExampleMap:PersistentLevel.FirstPersonExampleMap' with GeneratedClass '/Game/FirstPersonBP/Maps/FirstPersonExampleMap.FirstPersonExampleMap_C' with ClassGeneratedBy '/Game/FirstPersonBP/Maps/FirstPersonExampleMap.FirstPersonExampleMap:PersistentLevel.FirstPersonExampleMap'
[2018.10.25-20.57.45:505][201]BlueprintLog: New page: Pre-Play auto-recompile
[2018.10.25-20.57.45:505][201]LogPlayLevel: [PlayLevel] Compiling FirstPersonCharacter before play...
[2018.10.25-20.57.46:016][201]LogPlayLevel: PlayLevel: Blueprint regeneration took 511 ms (1 blueprints)
[2018.10.25-20.57.46:079][201]PIE: New page: PIE session: FirstPersonExampleMap (Oct 26, 2018, 12:57:46 AM)
[2018.10.25-20.57.46:109][201]LogPlayLevel: Creating play world package: /Game/FirstPersonBP/Maps/UEDPIE_0_FirstPersonExampleMap
[2018.10.25-20.57.46:181][201]LogPlayLevel: PIE: StaticDuplicateObject took: (0.072227s)
[2018.10.25-20.57.46:182][201]LogAIModule: Creating AISystem for world FirstPersonExampleMap
[2018.10.25-20.57.46:182][201]LogPlayLevel: PIE: World Init took: (0.001059s)
[2018.10.25-20.57.46:194][201]LogPlayLevel: PIE: Created PIE world by copying editor world from /Game/FirstPersonBP/Maps/FirstPersonExampleMap.FirstPersonExampleMap to /Game/FirstPersonBP/Maps/UEDPIE_0_FirstPersonExampleMap.FirstPersonExampleMap (0.094158s)
[2018.10.25-20.57.46:273][201]LogInit: XAudio2 using 'Altavoces (2- Logitech G933 Gaming Headset)' : 6 channels at 48 kHz using 16 bits per sample (channel mask 0x3f)
[2018.10.25-20.57.46:296][201]LogInit: FAudioDevice initialized.
[2018.10.25-20.57.46:381][201]LogLoad: Game class is 'FirstPersonGameMode_C'
[2018.10.25-20.57.46:582][201]LogWorld: Bringing World /Game/FirstPersonBP/Maps/UEDPIE_0_FirstPersonExampleMap.FirstPersonExampleMap up for play (max tick rate 0) at 2018.10.25-22.57.46
[2018.10.25-20.57.46:828][201]LogWorld: Bringing up level for play took: 0.243891
[2018.10.25-20.57.47:011][201]LogContentBrowser: Native class hierarchy updated for 'MovieSceneCapture' in 0.0010 seconds. Added 11 classes and 0 folders.
[2018.10.25-20.57.47:079][201]PIE: Info Play in editor start time for /Game/FirstPersonBP/Maps/UEDPIE_0_FirstPersonExampleMap 1.306
[2018.10.25-20.57.47:087][201]LogBlueprintUserMessages: Late PlayInEditor Detection: Level '/Game/FirstPersonBP/Maps/FirstPersonExampleMap.FirstPersonExampleMap:PersistentLevel' has LevelScriptBlueprint '/Game/FirstPersonBP/Maps/FirstPersonExampleMap.FirstPersonExampleMap:PersistentLevel.FirstPersonExampleMap' with GeneratedClass '/Game/FirstPersonBP/Maps/FirstPersonExampleMap.FirstPersonExampleMap_C' with ClassGeneratedBy '/Game/FirstPersonBP/Maps/FirstPersonExampleMap.FirstPersonExampleMap:PersistentLevel.FirstPersonExampleMap'
[2018.10.25-20.57.47:354][201]LogRenderer: Reallocating scene render targets to support 1292x756 NumSamples 1 (Frame:1).
[2018.10.25-20.57.50:798][497]LogBlueprintUserMessages: Early EndPlayMap Detection: Level '/Game/FirstPersonBP/Maps/FirstPersonExampleMap.FirstPersonExampleMap:PersistentLevel' has LevelScriptBlueprint '/Game/FirstPersonBP/Maps/FirstPersonExampleMap.FirstPersonExampleMap:PersistentLevel.FirstPersonExampleMap' with GeneratedClass '/Game/FirstPersonBP/Maps/FirstPersonExampleMap.FirstPersonExampleMap_C' with ClassGeneratedBy '/Game/FirstPersonBP/Maps/FirstPersonExampleMap.FirstPersonExampleMap:PersistentLevel.FirstPersonExampleMap'
[2018.10.25-20.57.50:930][497]LogBlueprintUserMessages: Late EndPlayMap Detection: Level '/Game/FirstPersonBP/Maps/FirstPersonExampleMap.FirstPersonExampleMap:PersistentLevel' has LevelScriptBlueprint '/Game/FirstPersonBP/Maps/FirstPersonExampleMap.FirstPersonExampleMap:PersistentLevel.FirstPersonExampleMap' with GeneratedClass '/Game/FirstPersonBP/Maps/FirstPersonExampleMap.FirstPersonExampleMap_C' with ClassGeneratedBy '/Game/FirstPersonBP/Maps/FirstPersonExampleMap.FirstPersonExampleMap:PersistentLevel.FirstPersonExampleMap'
[2018.10.25-20.57.57:053][138]LogTemp: Repeting last play command: Selected Viewport
[2018.10.25-20.57.57:073][138]LogBlueprintUserMessages: Early PlayInEditor Detection: Level '/Game/FirstPersonBP/Maps/FirstPersonExampleMap.FirstPersonExampleMap:PersistentLevel' has LevelScriptBlueprint '/Game/FirstPersonBP/Maps/FirstPersonExampleMap.FirstPersonExampleMap:PersistentLevel.FirstPersonExampleMap' with GeneratedClass '/Game/FirstPersonBP/Maps/FirstPersonExampleMap.FirstPersonExampleMap_C' with ClassGeneratedBy '/Game/FirstPersonBP/Maps/FirstPersonExampleMap.FirstPersonExampleMap:PersistentLevel.FirstPersonExampleMap'
[2018.10.25-20.57.57:073][138]BlueprintLog: New page: Pre-Play auto-recompile
[2018.10.25-20.57.57:073][138]LogPlayLevel: [PlayLevel] Compiling FirstPersonCharacter before play...
[2018.10.25-20.57.57:231][138]LogPlayLevel: PlayLevel: Blueprint regeneration took 158 ms (1 blueprints)
[2018.10.25-20.57.57:231][138]PIE: New page: PIE session: FirstPersonExampleMap (Oct 26, 2018, 12:57:57 AM)
[2018.10.25-20.57.57:232][138]LogPlayLevel: Creating play world package: /Game/FirstPersonBP/Maps/UEDPIE_0_FirstPersonExampleMap
[2018.10.25-20.57.57:248][138]LogPlayLevel: PIE: StaticDuplicateObject took: (0.016438s)
[2018.10.25-20.57.57:249][138]LogAIModule: Creating AISystem for world FirstPersonExampleMap
[2018.10.25-20.57.57:249][138]LogPlayLevel: PIE: World Init took: (0.000720s)
[2018.10.25-20.57.57:249][138]LogPlayLevel: PIE: Created PIE world by copying editor world from /Game/FirstPersonBP/Maps/FirstPersonExampleMap.FirstPersonExampleMap to /Game/FirstPersonBP/Maps/UEDPIE_0_FirstPersonExampleMap.FirstPersonExampleMap (0.017444s)
[2018.10.25-20.57.57:275][138]LogInit: XAudio2 using 'Altavoces (2- Logitech G933 Gaming Headset)' : 6 channels at 48 kHz using 16 bits per sample (channel mask 0x3f)
[2018.10.25-20.57.57:295][138]LogInit: FAudioDevice initialized.
[2018.10.25-20.57.57:340][138]LogLoad: Game class is 'FirstPersonGameMode_C'
[2018.10.25-20.57.57:344][138]LogWorld: Bringing World /Game/FirstPersonBP/Maps/UEDPIE_0_FirstPersonExampleMap.FirstPersonExampleMap up for play (max tick rate 0) at 2018.10.25-22.57.57
[2018.10.25-20.57.57:345][138]LogWorld: Bringing up level for play took: 0.003827
[2018.10.25-20.57.57:350][138]PIE: Info Play in editor start time for /Game/FirstPersonBP/Maps/UEDPIE_0_FirstPersonExampleMap -0.423
[2018.10.25-20.57.57:351][138]LogBlueprintUserMessages: Late PlayInEditor Detection: Level '/Game/FirstPersonBP/Maps/FirstPersonExampleMap.FirstPersonExampleMap:PersistentLevel' has LevelScriptBlueprint '/Game/FirstPersonBP/Maps/FirstPersonExampleMap.FirstPersonExampleMap:PersistentLevel.FirstPersonExampleMap' with GeneratedClass '/Game/FirstPersonBP/Maps/FirstPersonExampleMap.FirstPersonExampleMap_C' with ClassGeneratedBy '/Game/FirstPersonBP/Maps/FirstPersonExampleMap.FirstPersonExampleMap:PersistentLevel.FirstPersonExampleMap'
[2018.10.25-20.58.07:633][ 47]LogBlueprintUserMessages: [Attack_C_0] Attack
[2018.10.25-20.58.08:741][145]LogBlueprintUserMessages: [Attack_C_0] Attack
[2018.10.25-20.58.09:865][260]LogBlueprintUserMessages: [Attack_C_0] Attack
[2018.10.25-20.58.10:990][375]LogBlueprintUserMessages: [Attack_C_0] Attack
[2018.10.25-20.58.12:125][490]LogBlueprintUserMessages: [Attack_C_0] Attack
[2018.10.25-20.58.13:256][599]LogBlueprintUserMessages: [Attack_C_0] Attack
[2018.10.25-20.58.14:385][703]LogBlueprintUserMessages: [Attack_C_0] Attack
[2018.10.25-20.58.15:526][814]LogBlueprintUserMessages: [Attack_C_0] Attack
[2018.10.25-20.58.16:287][885]LogBlueprintUserMessages: Early EndPlayMap Detection: Level '/Game/FirstPersonBP/Maps/FirstPersonExampleMap.FirstPersonExampleMap:PersistentLevel' has LevelScriptBlueprint '/Game/FirstPersonBP/Maps/FirstPersonExampleMap.FirstPersonExampleMap:PersistentLevel.FirstPersonExampleMap' with GeneratedClass '/Game/FirstPersonBP/Maps/FirstPersonExampleMap.FirstPersonExampleMap_C' with ClassGeneratedBy '/Game/FirstPersonBP/Maps/FirstPersonExampleMap.FirstPersonExampleMap:PersistentLevel.FirstPersonExampleMap'
[2018.10.25-20.58.16:343][885]LogBlueprintUserMessages: Late EndPlayMap Detection: Level '/Game/FirstPersonBP/Maps/FirstPersonExampleMap.FirstPersonExampleMap:PersistentLevel' has LevelScriptBlueprint '/Game/FirstPersonBP/Maps/FirstPersonExampleMap.FirstPersonExampleMap:PersistentLevel.FirstPersonExampleMap' with GeneratedClass '/Game/FirstPersonBP/Maps/FirstPersonExampleMap.FirstPersonExampleMap_C' with ClassGeneratedBy '/Game/FirstPersonBP/Maps/FirstPersonExampleMap.FirstPersonExampleMap:PersistentLevel.FirstPersonExampleMap'
[2018.10.25-20.58.17:162][972]LogTemp: Repeting last play command: Selected Viewport
[2018.10.25-20.58.17:184][972]LogBlueprintUserMessages: Early PlayInEditor Detection: Level '/Game/FirstPersonBP/Maps/FirstPersonExampleMap.FirstPersonExampleMap:PersistentLevel' has LevelScriptBlueprint '/Game/FirstPersonBP/Maps/FirstPersonExampleMap.FirstPersonExampleMap:PersistentLevel.FirstPersonExampleMap' with GeneratedClass '/Game/FirstPersonBP/Maps/FirstPersonExampleMap.FirstPersonExampleMap_C' with ClassGeneratedBy '/Game/FirstPersonBP/Maps/FirstPersonExampleMap.FirstPersonExampleMap:PersistentLevel.FirstPersonExampleMap'
[2018.10.25-20.58.17:184][972]LogPlayLevel: PlayLevel: No blueprints needed recompiling
[2018.10.25-20.58.17:184][972]PIE: New page: PIE session: FirstPersonExampleMap (Oct 26, 2018, 12:58:17 AM)
[2018.10.25-20.58.17:184][972]LogPlayLevel: Creating play world package: /Game/FirstPersonBP/Maps/UEDPIE_0_FirstPersonExampleMap
[2018.10.25-20.58.17:199][972]LogPlayLevel: PIE: StaticDuplicateObject took: (0.015014s)
[2018.10.25-20.58.17:200][972]LogAIModule: Creating AISystem for world FirstPersonExampleMap
[2018.10.25-20.58.17:200][972]LogPlayLevel: PIE: World Init took: (0.000839s)
[2018.10.25-20.58.17:200][972]LogPlayLevel: PIE: Created PIE world by copying editor world from /Game/FirstPersonBP/Maps/FirstPersonExampleMap.FirstPersonExampleMap to /Game/FirstPersonBP/Maps/UEDPIE_0_FirstPersonExampleMap.FirstPersonExampleMap (0.016031s)
[2018.10.25-20.58.17:225][972]LogInit: XAudio2 using 'Altavoces (2- Logitech G933 Gaming Headset)' : 6 channels at 48 kHz using 16 bits per sample (channel mask 0x3f)
[2018.10.25-20.58.17:249][972]LogInit: FAudioDevice initialized.
[2018.10.25-20.58.17:291][972]LogLoad: Game class is 'FirstPersonGameMode_C'
[2018.10.25-20.58.17:295][972]LogWorld: Bringing World /Game/FirstPersonBP/Maps/UEDPIE_0_FirstPersonExampleMap.FirstPersonExampleMap up for play (max tick rate 0) at 2018.10.25-22.58.17
[2018.10.25-20.58.17:295][972]LogWorld: Bringing up level for play took: 0.003112
[2018.10.25-20.58.17:300][972]PIE: Info Play in editor start time for /Game/FirstPersonBP/Maps/UEDPIE_0_FirstPersonExampleMap -0.474
[2018.10.25-20.58.17:301][972]LogBlueprintUserMessages: Late PlayInEditor Detection: Level '/Game/FirstPersonBP/Maps/FirstPersonExampleMap.FirstPersonExampleMap:PersistentLevel' has LevelScriptBlueprint '/Game/FirstPersonBP/Maps/FirstPersonExampleMap.FirstPersonExampleMap:PersistentLevel.FirstPersonExampleMap' with GeneratedClass '/Game/FirstPersonBP/Maps/FirstPersonExampleMap.FirstPersonExampleMap_C' with ClassGeneratedBy '/Game/FirstPersonBP/Maps/FirstPersonExampleMap.FirstPersonExampleMap:PersistentLevel.FirstPersonExampleMap'
[2018.10.25-20.58.24:661][693]LogBlueprintUserMessages: [Attack_C_0] Attack
[2018.10.25-20.58.25:785][805]LogBlueprintUserMessages: [Attack_C_0] Attack
[2018.10.25-20.58.26:905][925]LogBlueprintUserMessages: [Attack_C_0] Attack
[2018.10.25-20.58.27:709][ 12]LogBlueprintUserMessages: Early EndPlayMap Detection: Level '/Game/FirstPersonBP/Maps/FirstPersonExampleMap.FirstPersonExampleMap:PersistentLevel' has LevelScriptBlueprint '/Game/FirstPersonBP/Maps/FirstPersonExampleMap.FirstPersonExampleMap:PersistentLevel.FirstPersonExampleMap' with GeneratedClass '/Game/FirstPersonBP/Maps/FirstPersonExampleMap.FirstPersonExampleMap_C' with ClassGeneratedBy '/Game/FirstPersonBP/Maps/FirstPersonExampleMap.FirstPersonExampleMap:PersistentLevel.FirstPersonExampleMap'
[2018.10.25-20.58.27:775][ 12]LogBlueprintUserMessages: Late EndPlayMap Detection: Level '/Game/FirstPersonBP/Maps/FirstPersonExampleMap.FirstPersonExampleMap:PersistentLevel' has LevelScriptBlueprint '/Game/FirstPersonBP/Maps/FirstPersonExampleMap.FirstPersonExampleMap:PersistentLevel.FirstPersonExampleMap' with GeneratedClass '/Game/FirstPersonBP/Maps/FirstPersonExampleMap.FirstPersonExampleMap_C' with ClassGeneratedBy '/Game/FirstPersonBP/Maps/FirstPersonExampleMap.FirstPersonExampleMap:PersistentLevel.FirstPersonExampleMap'
[2018.10.25-20.58.53:205][156]LogSavePackage: Save=245.12ms
[2018.10.25-20.58.53:205][156]LogSavePackage: Moving '../../../../../../Proyecto2Repository/Proyecto2/Saved/FirstPersonExampleMap_Auto255BA87EC4E8E29F2B9D94D957E08602D.tmp' to '../../../../../../Proyecto2Repository/Proyecto2/Saved/Autosaves/Game/FirstPersonBP/Maps/FirstPersonExampleMap_Auto2.umap'
[2018.10.25-20.58.53:205][156]LogSavePackage:Display: Finished SavePackage ../../../../../../Proyecto2Repository/Proyecto2/Saved/Autosaves/Game/FirstPersonBP/Maps/FirstPersonExampleMap_Auto2.umap
[2018.10.25-20.58.53:224][156]LogFileHelpers: Editor autosave (incl. sublevels) for '/Game/FirstPersonBP/Maps/FirstPersonExampleMap' took 0.347
[2018.10.25-20.58.53:224][156]LogFileHelpers: Editor autosave (incl. sublevels) for all levels took 0.347
[2018.10.25-20.58.53:229][156]OBJ SavePackage: Generating thumbnails for [1] asset(s) in package [/Game/FirstPersonBP/Blueprints/FirstPersonCharacter] ([1] browsable assets)...
[2018.10.25-20.58.53:243][156]OBJ SavePackage:     Rendered thumbnail for [Blueprint /Game/FirstPersonBP/Blueprints/FirstPersonCharacter.FirstPersonCharacter]
[2018.10.25-20.58.53:243][156]OBJ SavePackage: Finished generating thumbnails for package [/Game/FirstPersonBP/Blueprints/FirstPersonCharacter]
[2018.10.25-20.58.53:396][156]LogSavePackage: Save=141.99ms
[2018.10.25-20.58.53:396][156]LogSavePackage: Moving '../../../../../../Proyecto2Repository/Proyecto2/Saved/FirstPersonCharacter_Auto2EAE1AC38408E08E6B60F8AAF3C1E8220.tmp' to '../../../../../../Proyecto2Repository/Proyecto2/Saved/Autosaves/Game/FirstPersonBP/Blueprints/FirstPersonCharacter_Auto2.uasset'
[2018.10.25-20.58.53:407][156]LogSavePackage:Display: Finished SavePackage ../../../../../../Proyecto2Repository/Proyecto2/Saved/Autosaves/Game/FirstPersonBP/Blueprints/FirstPersonCharacter_Auto2.uasset
[2018.10.25-20.58.53:407][156]LogFileHelpers: Auto-saving content packages took 0.179
[2018.10.25-21.22.36:710][414]LogTemp: Repeting last play command: Selected Viewport
[2018.10.25-21.22.36:733][414]LogBlueprintUserMessages: Early PlayInEditor Detection: Level '/Game/FirstPersonBP/Maps/FirstPersonExampleMap.FirstPersonExampleMap:PersistentLevel' has LevelScriptBlueprint '/Game/FirstPersonBP/Maps/FirstPersonExampleMap.FirstPersonExampleMap:PersistentLevel.FirstPersonExampleMap' with GeneratedClass '/Game/FirstPersonBP/Maps/FirstPersonExampleMap.FirstPersonExampleMap_C' with ClassGeneratedBy '/Game/FirstPersonBP/Maps/FirstPersonExampleMap.FirstPersonExampleMap:PersistentLevel.FirstPersonExampleMap'
[2018.10.25-21.22.36:733][414]LogPlayLevel: PlayLevel: No blueprints needed recompiling
[2018.10.25-21.22.36:733][414]PIE: New page: PIE session: FirstPersonExampleMap (Oct 26, 2018, 1:22:36 AM)
[2018.10.25-21.22.36:734][414]LogPlayLevel: Creating play world package: /Game/FirstPersonBP/Maps/UEDPIE_0_FirstPersonExampleMap
[2018.10.25-21.22.36:751][414]LogPlayLevel: PIE: StaticDuplicateObject took: (0.017428s)
[2018.10.25-21.22.36:752][414]LogAIModule: Creating AISystem for world FirstPersonExampleMap
[2018.10.25-21.22.36:752][414]LogPlayLevel: PIE: World Init took: (0.001311s)
[2018.10.25-21.22.36:753][414]LogPlayLevel: PIE: Created PIE world by copying editor world from /Game/FirstPersonBP/Maps/FirstPersonExampleMap.FirstPersonExampleMap to /Game/FirstPersonBP/Maps/UEDPIE_0_FirstPersonExampleMap.FirstPersonExampleMap (0.019122s)
[2018.10.25-21.22.36:783][414]LogInit: XAudio2 using 'Altavoces (2- Logitech G933 Gaming Headset)' : 6 channels at 48 kHz using 16 bits per sample (channel mask 0x3f)
[2018.10.25-21.22.36:802][414]LogInit: FAudioDevice initialized.
[2018.10.25-21.22.36:841][414]LogLoad: Game class is 'FirstPersonGameMode_C'
[2018.10.25-21.22.36:845][414]LogWorld: Bringing World /Game/FirstPersonBP/Maps/UEDPIE_0_FirstPersonExampleMap.FirstPersonExampleMap up for play (max tick rate 0) at 2018.10.25-23.22.36
[2018.10.25-21.22.36:846][414]LogWorld: Bringing up level for play took: 0.003783
[2018.10.25-21.22.36:852][414]PIE: Info Play in editor start time for /Game/FirstPersonBP/Maps/UEDPIE_0_FirstPersonExampleMap 1.077
[2018.10.25-21.22.36:852][414]LogBlueprintUserMessages: Late PlayInEditor Detection: Level '/Game/FirstPersonBP/Maps/FirstPersonExampleMap.FirstPersonExampleMap:PersistentLevel' has LevelScriptBlueprint '/Game/FirstPersonBP/Maps/FirstPersonExampleMap.FirstPersonExampleMap:PersistentLevel.FirstPersonExampleMap' with GeneratedClass '/Game/FirstPersonBP/Maps/FirstPersonExampleMap.FirstPersonExampleMap_C' with ClassGeneratedBy '/Game/FirstPersonBP/Maps/FirstPersonExampleMap.FirstPersonExampleMap:PersistentLevel.FirstPersonExampleMap'
[2018.10.25-21.22.49:487][606]LogBlueprintUserMessages: [Attack_C_0] Attack
[2018.10.25-21.22.50:606][720]LogBlueprintUserMessages: [Attack_C_0] Attack
[2018.10.25-21.22.51:737][834]LogBlueprintUserMessages: [Attack_C_0] Attack
[2018.10.25-21.22.52:870][948]LogBlueprintUserMessages: [Attack_C_0] Attack
[2018.10.25-21.22.54:000][ 62]LogBlueprintUserMessages: [Attack_C_0] Attack
[2018.10.25-21.22.55:132][177]LogBlueprintUserMessages: [Attack_C_0] Attack
[2018.10.25-21.22.56:267][292]LogBlueprintUserMessages: [Attack_C_0] Attack
[2018.10.25-21.22.57:389][405]LogBlueprintUserMessages: [Attack_C_0] Attack
[2018.10.25-21.22.58:516][527]LogBlueprintUserMessages: [Attack_C_0] Attack
[2018.10.25-21.22.59:639][648]LogBlueprintUserMessages: [Attack_C_0] Attack
[2018.10.25-21.23.00:772][770]LogBlueprintUserMessages: [Attack_C_0] Attack
[2018.10.25-21.23.01:895][888]LogBlueprintUserMessages: [Attack_C_0] Attack
[2018.10.25-21.23.03:029][  2]LogBlueprintUserMessages: [Attack_C_0] Attack
[2018.10.25-21.23.04:161][115]LogBlueprintUserMessages: [Attack_C_0] Attack
[2018.10.25-21.23.05:299][227]LogBlueprintUserMessages: [Attack_C_0] Attack
[2018.10.25-21.23.06:427][339]LogBlueprintUserMessages: [Attack_C_0] Attack
[2018.10.25-21.23.07:670][452]LogBlueprintUserMessages: [Attack_C_0] Attack
[2018.10.25-21.23.08:802][563]LogBlueprintUserMessages: [Attack_C_0] Attack
[2018.10.25-21.23.09:935][658]LogBlueprintUserMessages: [Attack_C_0] Attack
[2018.10.25-21.23.10:598][722]LogBlueprintUserMessages: Early EndPlayMap Detection: Level '/Game/FirstPersonBP/Maps/FirstPersonExampleMap.FirstPersonExampleMap:PersistentLevel' has LevelScriptBlueprint '/Game/FirstPersonBP/Maps/FirstPersonExampleMap.FirstPersonExampleMap:PersistentLevel.FirstPersonExampleMap' with GeneratedClass '/Game/FirstPersonBP/Maps/FirstPersonExampleMap.FirstPersonExampleMap_C' with ClassGeneratedBy '/Game/FirstPersonBP/Maps/FirstPersonExampleMap.FirstPersonExampleMap:PersistentLevel.FirstPersonExampleMap'
[2018.10.25-21.23.10:659][722]LogBlueprintUserMessages: Late EndPlayMap Detection: Level '/Game/FirstPersonBP/Maps/FirstPersonExampleMap.FirstPersonExampleMap:PersistentLevel' has LevelScriptBlueprint '/Game/FirstPersonBP/Maps/FirstPersonExampleMap.FirstPersonExampleMap:PersistentLevel.FirstPersonExampleMap' with GeneratedClass '/Game/FirstPersonBP/Maps/FirstPersonExampleMap.FirstPersonExampleMap_C' with ClassGeneratedBy '/Game/FirstPersonBP/Maps/FirstPersonExampleMap.FirstPersonExampleMap:PersistentLevel.FirstPersonExampleMap'
[2018.10.25-21.23.11:703][827]LogTemp: Repeting last play command: Selected Viewport
[2018.10.25-21.23.11:724][827]LogBlueprintUserMessages: Early PlayInEditor Detection: Level '/Game/FirstPersonBP/Maps/FirstPersonExampleMap.FirstPersonExampleMap:PersistentLevel' has LevelScriptBlueprint '/Game/FirstPersonBP/Maps/FirstPersonExampleMap.FirstPersonExampleMap:PersistentLevel.FirstPersonExampleMap' with GeneratedClass '/Game/FirstPersonBP/Maps/FirstPersonExampleMap.FirstPersonExampleMap_C' with ClassGeneratedBy '/Game/FirstPersonBP/Maps/FirstPersonExampleMap.FirstPersonExampleMap:PersistentLevel.FirstPersonExampleMap'
[2018.10.25-21.23.11:725][827]LogPlayLevel: PlayLevel: No blueprints needed recompiling
[2018.10.25-21.23.11:725][827]PIE: New page: PIE session: FirstPersonExampleMap (Oct 26, 2018, 1:23:11 AM)
[2018.10.25-21.23.11:725][827]LogPlayLevel: Creating play world package: /Game/FirstPersonBP/Maps/UEDPIE_0_FirstPersonExampleMap
[2018.10.25-21.23.11:741][827]LogPlayLevel: PIE: StaticDuplicateObject took: (0.015925s)
[2018.10.25-21.23.11:742][827]LogAIModule: Creating AISystem for world FirstPersonExampleMap
[2018.10.25-21.23.11:742][827]LogPlayLevel: PIE: World Init took: (0.001072s)
[2018.10.25-21.23.11:742][827]LogPlayLevel: PIE: Created PIE world by copying editor world from /Game/FirstPersonBP/Maps/FirstPersonExampleMap.FirstPersonExampleMap to /Game/FirstPersonBP/Maps/UEDPIE_0_FirstPersonExampleMap.FirstPersonExampleMap (0.017214s)
[2018.10.25-21.23.11:766][827]LogInit: XAudio2 using 'Altavoces (2- Logitech G933 Gaming Headset)' : 6 channels at 48 kHz using 16 bits per sample (channel mask 0x3f)
[2018.10.25-21.23.11:785][827]LogInit: FAudioDevice initialized.
[2018.10.25-21.23.11:823][827]LogLoad: Game class is 'FirstPersonGameMode_C'
[2018.10.25-21.23.11:826][827]LogWorld: Bringing World /Game/FirstPersonBP/Maps/UEDPIE_0_FirstPersonExampleMap.FirstPersonExampleMap up for play (max tick rate 0) at 2018.10.25-23.23.11
[2018.10.25-21.23.11:827][827]LogWorld: Bringing up level for play took: 0.003549
[2018.10.25-21.23.11:832][827]PIE: Info Play in editor start time for /Game/FirstPersonBP/Maps/UEDPIE_0_FirstPersonExampleMap 0.058
[2018.10.25-21.23.11:833][827]LogBlueprintUserMessages: Late PlayInEditor Detection: Level '/Game/FirstPersonBP/Maps/FirstPersonExampleMap.FirstPersonExampleMap:PersistentLevel' has LevelScriptBlueprint '/Game/FirstPersonBP/Maps/FirstPersonExampleMap.FirstPersonExampleMap:PersistentLevel.FirstPersonExampleMap' with GeneratedClass '/Game/FirstPersonBP/Maps/FirstPersonExampleMap.FirstPersonExampleMap_C' with ClassGeneratedBy '/Game/FirstPersonBP/Maps/FirstPersonExampleMap.FirstPersonExampleMap:PersistentLevel.FirstPersonExampleMap'
[2018.10.25-21.23.54:864][944]LogBlueprintUserMessages: Early EndPlayMap Detection: Level '/Game/FirstPersonBP/Maps/FirstPersonExampleMap.FirstPersonExampleMap:PersistentLevel' has LevelScriptBlueprint '/Game/FirstPersonBP/Maps/FirstPersonExampleMap.FirstPersonExampleMap:PersistentLevel.FirstPersonExampleMap' with GeneratedClass '/Game/FirstPersonBP/Maps/FirstPersonExampleMap.FirstPersonExampleMap_C' with ClassGeneratedBy '/Game/FirstPersonBP/Maps/FirstPersonExampleMap.FirstPersonExampleMap:PersistentLevel.FirstPersonExampleMap'
[2018.10.25-21.23.54:938][944]LogBlueprintUserMessages: Late EndPlayMap Detection: Level '/Game/FirstPersonBP/Maps/FirstPersonExampleMap.FirstPersonExampleMap:PersistentLevel' has LevelScriptBlueprint '/Game/FirstPersonBP/Maps/FirstPersonExampleMap.FirstPersonExampleMap:PersistentLevel.FirstPersonExampleMap' with GeneratedClass '/Game/FirstPersonBP/Maps/FirstPersonExampleMap.FirstPersonExampleMap_C' with ClassGeneratedBy '/Game/FirstPersonBP/Maps/FirstPersonExampleMap.FirstPersonExampleMap:PersistentLevel.FirstPersonExampleMap'
[2018.10.25-21.24.20:079][ 96]LogFileHelpers: Editor autosave (incl. sublevels) for '/Game/FirstPersonBP/Maps/FirstPersonExampleMap' took 0.017
[2018.10.25-21.24.20:080][ 96]OBJ SavePackage: Generating thumbnails for [0] asset(s) in package [/Game/FirstPersonBP/Blueprints/FirstPersonCharacter] ([1] browsable assets)...
[2018.10.25-21.24.20:080][ 96]OBJ SavePackage: Finished generating thumbnails for package [/Game/FirstPersonBP/Blueprints/FirstPersonCharacter]
[2018.10.25-21.24.20:218][ 96]LogSavePackage: Save=125.45ms
[2018.10.25-21.24.20:218][ 96]LogSavePackage: Moving '../../../../../../Proyecto2Repository/Proyecto2/Saved/FirstPersonCharacter_Auto3D8CE54174C3C805E2FA70E8AAFC0D654.tmp' to '../../../../../../Proyecto2Repository/Proyecto2/Saved/Autosaves/Game/FirstPersonBP/Blueprints/FirstPersonCharacter_Auto3.uasset'
[2018.10.25-21.24.20:219][ 96]LogSavePackage:Display: Finished SavePackage ../../../../../../Proyecto2Repository/Proyecto2/Saved/Autosaves/Game/FirstPersonBP/Blueprints/FirstPersonCharacter_Auto3.uasset
[2018.10.25-21.24.20:219][ 96]LogFileHelpers: Auto-saving content packages took 0.140
[2018.10.25-21.33.10:959][966]LogTemp: Repeting last play command: Selected Viewport
[2018.10.25-21.33.10:981][966]LogBlueprintUserMessages: Early PlayInEditor Detection: Level '/Game/FirstPersonBP/Maps/FirstPersonExampleMap.FirstPersonExampleMap:PersistentLevel' has LevelScriptBlueprint '/Game/FirstPersonBP/Maps/FirstPersonExampleMap.FirstPersonExampleMap:PersistentLevel.FirstPersonExampleMap' with GeneratedClass '/Game/FirstPersonBP/Maps/FirstPersonExampleMap.FirstPersonExampleMap_C' with ClassGeneratedBy '/Game/FirstPersonBP/Maps/FirstPersonExampleMap.FirstPersonExampleMap:PersistentLevel.FirstPersonExampleMap'
[2018.10.25-21.33.10:982][966]LogPlayLevel: PlayLevel: No blueprints needed recompiling
[2018.10.25-21.33.10:982][966]PIE: New page: PIE session: FirstPersonExampleMap (Oct 26, 2018, 1:33:10 AM)
[2018.10.25-21.33.10:982][966]LogPlayLevel: Creating play world package: /Game/FirstPersonBP/Maps/UEDPIE_0_FirstPersonExampleMap
[2018.10.25-21.33.11:001][966]LogPlayLevel: PIE: StaticDuplicateObject took: (0.018774s)
[2018.10.25-21.33.11:003][966]LogAIModule: Creating AISystem for world FirstPersonExampleMap
[2018.10.25-21.33.11:004][966]LogPlayLevel: PIE: World Init took: (0.003103s)
[2018.10.25-21.33.11:005][966]LogPlayLevel: PIE: Created PIE world by copying editor world from /Game/FirstPersonBP/Maps/FirstPersonExampleMap.FirstPersonExampleMap to /Game/FirstPersonBP/Maps/UEDPIE_0_FirstPersonExampleMap.FirstPersonExampleMap (0.022687s)
[2018.10.25-21.33.11:031][966]LogInit: XAudio2 using 'Altavoces (2- Logitech G933 Gaming Headset)' : 6 channels at 48 kHz using 16 bits per sample (channel mask 0x3f)
[2018.10.25-21.33.11:068][966]LogInit: FAudioDevice initialized.
[2018.10.25-21.33.11:113][966]LogLoad: Game class is 'FirstPersonGameMode_C'
[2018.10.25-21.33.11:117][966]LogWorld: Bringing World /Game/FirstPersonBP/Maps/UEDPIE_0_FirstPersonExampleMap.FirstPersonExampleMap up for play (max tick rate 0) at 2018.10.25-23.33.11
[2018.10.25-21.33.11:118][966]LogWorld: Bringing up level for play took: 0.003760
[2018.10.25-21.33.11:123][966]PIE: Info Play in editor start time for /Game/FirstPersonBP/Maps/UEDPIE_0_FirstPersonExampleMap -0.651
[2018.10.25-21.33.11:123][966]LogBlueprintUserMessages: Late PlayInEditor Detection: Level '/Game/FirstPersonBP/Maps/FirstPersonExampleMap.FirstPersonExampleMap:PersistentLevel' has LevelScriptBlueprint '/Game/FirstPersonBP/Maps/FirstPersonExampleMap.FirstPersonExampleMap:PersistentLevel.FirstPersonExampleMap' with GeneratedClass '/Game/FirstPersonBP/Maps/FirstPersonExampleMap.FirstPersonExampleMap_C' with ClassGeneratedBy '/Game/FirstPersonBP/Maps/FirstPersonExampleMap.FirstPersonExampleMap:PersistentLevel.FirstPersonExampleMap'
[2018.10.25-21.33.25:896][ 30]LogBlueprintUserMessages: [Attack_C_0] Attack
[2018.10.25-21.33.27:022][116]LogBlueprintUserMessages: [Attack_C_0] Attack
[2018.10.25-21.33.30:133][354]LogBlueprintUserMessages: [Attack_C_0] Attack
[2018.10.25-21.33.31:270][442]LogBlueprintUserMessages: [Attack_C_0] Attack
[2018.10.25-21.33.32:515][540]LogBlueprintUserMessages: [Attack_C_0] Attack
[2018.10.25-21.33.33:654][631]LogBlueprintUserMessages: [Attack_C_0] Attack
[2018.10.25-21.33.34:787][724]LogBlueprintUserMessages: [Attack_C_0] Attack
[2018.10.25-21.33.35:362][772]LogBlueprintUserMessages: Early EndPlayMap Detection: Level '/Game/FirstPersonBP/Maps/FirstPersonExampleMap.FirstPersonExampleMap:PersistentLevel' has LevelScriptBlueprint '/Game/FirstPersonBP/Maps/FirstPersonExampleMap.FirstPersonExampleMap:PersistentLevel.FirstPersonExampleMap' with GeneratedClass '/Game/FirstPersonBP/Maps/FirstPersonExampleMap.FirstPersonExampleMap_C' with ClassGeneratedBy '/Game/FirstPersonBP/Maps/FirstPersonExampleMap.FirstPersonExampleMap:PersistentLevel.FirstPersonExampleMap'
[2018.10.25-21.33.35:422][772]LogBlueprintUserMessages: Late EndPlayMap Detection: Level '/Game/FirstPersonBP/Maps/FirstPersonExampleMap.FirstPersonExampleMap:PersistentLevel' has LevelScriptBlueprint '/Game/FirstPersonBP/Maps/FirstPersonExampleMap.FirstPersonExampleMap:PersistentLevel.FirstPersonExampleMap' with GeneratedClass '/Game/FirstPersonBP/Maps/FirstPersonExampleMap.FirstPersonExampleMap_C' with ClassGeneratedBy '/Game/FirstPersonBP/Maps/FirstPersonExampleMap.FirstPersonExampleMap:PersistentLevel.FirstPersonExampleMap'
[2018.10.25-21.33.36:467][855]LogTemp: Repeting last play command: Selected Viewport
[2018.10.25-21.33.36:488][855]LogBlueprintUserMessages: Early PlayInEditor Detection: Level '/Game/FirstPersonBP/Maps/FirstPersonExampleMap.FirstPersonExampleMap:PersistentLevel' has LevelScriptBlueprint '/Game/FirstPersonBP/Maps/FirstPersonExampleMap.FirstPersonExampleMap:PersistentLevel.FirstPersonExampleMap' with GeneratedClass '/Game/FirstPersonBP/Maps/FirstPersonExampleMap.FirstPersonExampleMap_C' with ClassGeneratedBy '/Game/FirstPersonBP/Maps/FirstPersonExampleMap.FirstPersonExampleMap:PersistentLevel.FirstPersonExampleMap'
[2018.10.25-21.33.36:488][855]LogPlayLevel: PlayLevel: No blueprints needed recompiling
[2018.10.25-21.33.36:489][855]PIE: New page: PIE session: FirstPersonExampleMap (Oct 26, 2018, 1:33:36 AM)
[2018.10.25-21.33.36:489][855]LogPlayLevel: Creating play world package: /Game/FirstPersonBP/Maps/UEDPIE_0_FirstPersonExampleMap
[2018.10.25-21.33.36:508][855]LogPlayLevel: PIE: StaticDuplicateObject took: (0.019407s)
[2018.10.25-21.33.36:509][855]LogAIModule: Creating AISystem for world FirstPersonExampleMap
[2018.10.25-21.33.36:509][855]LogPlayLevel: PIE: World Init took: (0.000902s)
[2018.10.25-21.33.36:509][855]LogPlayLevel: PIE: Created PIE world by copying editor world from /Game/FirstPersonBP/Maps/FirstPersonExampleMap.FirstPersonExampleMap to /Game/FirstPersonBP/Maps/UEDPIE_0_FirstPersonExampleMap.FirstPersonExampleMap (0.020511s)
[2018.10.25-21.33.36:533][855]LogInit: XAudio2 using 'Altavoces (2- Logitech G933 Gaming Headset)' : 6 channels at 48 kHz using 16 bits per sample (channel mask 0x3f)
[2018.10.25-21.33.36:552][855]LogInit: FAudioDevice initialized.
[2018.10.25-21.33.36:593][855]LogLoad: Game class is 'FirstPersonGameMode_C'
[2018.10.25-21.33.36:597][855]LogWorld: Bringing World /Game/FirstPersonBP/Maps/UEDPIE_0_FirstPersonExampleMap.FirstPersonExampleMap up for play (max tick rate 0) at 2018.10.25-23.33.36
[2018.10.25-21.33.36:598][855]LogWorld: Bringing up level for play took: 0.003447
[2018.10.25-21.33.36:603][855]PIE: Info Play in editor start time for /Game/FirstPersonBP/Maps/UEDPIE_0_FirstPersonExampleMap 0.829
[2018.10.25-21.33.36:604][855]LogBlueprintUserMessages: Late PlayInEditor Detection: Level '/Game/FirstPersonBP/Maps/FirstPersonExampleMap.FirstPersonExampleMap:PersistentLevel' has LevelScriptBlueprint '/Game/FirstPersonBP/Maps/FirstPersonExampleMap.FirstPersonExampleMap:PersistentLevel.FirstPersonExampleMap' with GeneratedClass '/Game/FirstPersonBP/Maps/FirstPersonExampleMap.FirstPersonExampleMap_C' with ClassGeneratedBy '/Game/FirstPersonBP/Maps/FirstPersonExampleMap.FirstPersonExampleMap:PersistentLevel.FirstPersonExampleMap'
[2018.10.25-21.33.55:675][199]LogBlueprintUserMessages: Early EndPlayMap Detection: Level '/Game/FirstPersonBP/Maps/FirstPersonExampleMap.FirstPersonExampleMap:PersistentLevel' has LevelScriptBlueprint '/Game/FirstPersonBP/Maps/FirstPersonExampleMap.FirstPersonExampleMap:PersistentLevel.FirstPersonExampleMap' with GeneratedClass '/Game/FirstPersonBP/Maps/FirstPersonExampleMap.FirstPersonExampleMap_C' with ClassGeneratedBy '/Game/FirstPersonBP/Maps/FirstPersonExampleMap.FirstPersonExampleMap:PersistentLevel.FirstPersonExampleMap'
[2018.10.25-21.33.55:740][199]LogBlueprintUserMessages: Late EndPlayMap Detection: Level '/Game/FirstPersonBP/Maps/FirstPersonExampleMap.FirstPersonExampleMap:PersistentLevel' has LevelScriptBlueprint '/Game/FirstPersonBP/Maps/FirstPersonExampleMap.FirstPersonExampleMap:PersistentLevel.FirstPersonExampleMap' with GeneratedClass '/Game/FirstPersonBP/Maps/FirstPersonExampleMap.FirstPersonExampleMap_C' with ClassGeneratedBy '/Game/FirstPersonBP/Maps/FirstPersonExampleMap.FirstPersonExampleMap:PersistentLevel.FirstPersonExampleMap'
[2018.10.25-21.36.57:133][555]LogEditorTransaction: Undo Move Node
[2018.10.25-21.37.36:096][ 78]LogSavePackage: Save=215.50ms
[2018.10.25-21.37.36:096][ 78]LogSavePackage: Moving '../../../../../../Proyecto2Repository/Proyecto2/Saved/FirstPersonExampleMap_Auto4816D8EAD4CA9A17972D4ECA48FC89C2E.tmp' to '../../../../../../Proyecto2Repository/Proyecto2/Saved/Autosaves/Game/FirstPersonBP/Maps/FirstPersonExampleMap_Auto4.umap'
[2018.10.25-21.37.36:097][ 78]LogSavePackage:Display: Finished SavePackage ../../../../../../Proyecto2Repository/Proyecto2/Saved/Autosaves/Game/FirstPersonBP/Maps/FirstPersonExampleMap_Auto4.umap
[2018.10.25-21.37.36:104][ 78]LogFileHelpers: Editor autosave (incl. sublevels) for '/Game/FirstPersonBP/Maps/FirstPersonExampleMap' took 0.270
[2018.10.25-21.37.36:104][ 78]LogFileHelpers: Editor autosave (incl. sublevels) for all levels took 0.270
[2018.10.25-21.37.36:105][ 78]OBJ SavePackage: Generating thumbnails for [1] asset(s) in package [/Game/FirstPersonBP/Blueprints/FirstPersonCharacter] ([1] browsable assets)...
[2018.10.25-21.37.36:123][ 78]OBJ SavePackage:     Rendered thumbnail for [Blueprint /Game/FirstPersonBP/Blueprints/FirstPersonCharacter.FirstPersonCharacter]
[2018.10.25-21.37.36:123][ 78]OBJ SavePackage: Finished generating thumbnails for package [/Game/FirstPersonBP/Blueprints/FirstPersonCharacter]
[2018.10.25-21.37.36:268][ 78]LogSavePackage: Save=132.34ms
[2018.10.25-21.37.36:268][ 78]LogSavePackage: Moving '../../../../../../Proyecto2Repository/Proyecto2/Saved/FirstPersonCharacter_Auto460CCDC5249A9728B111788BC237716F9.tmp' to '../../../../../../Proyecto2Repository/Proyecto2/Saved/Autosaves/Game/FirstPersonBP/Blueprints/FirstPersonCharacter_Auto4.uasset'
[2018.10.25-21.37.36:268][ 78]LogSavePackage:Display: Finished SavePackage ../../../../../../Proyecto2Repository/Proyecto2/Saved/Autosaves/Game/FirstPersonBP/Blueprints/FirstPersonCharacter_Auto4.uasset
[2018.10.25-21.37.36:268][ 78]LogFileHelpers: Auto-saving content packages took 0.163
[2018.10.25-22.14.14:901][ 97]LogTemp: Repeting last play command: Selected Viewport
[2018.10.25-22.14.14:936][ 97]LogBlueprintUserMessages: Early PlayInEditor Detection: Level '/Game/FirstPersonBP/Maps/FirstPersonExampleMap.FirstPersonExampleMap:PersistentLevel' has LevelScriptBlueprint '/Game/FirstPersonBP/Maps/FirstPersonExampleMap.FirstPersonExampleMap:PersistentLevel.FirstPersonExampleMap' with GeneratedClass '/Game/FirstPersonBP/Maps/FirstPersonExampleMap.FirstPersonExampleMap_C' with ClassGeneratedBy '/Game/FirstPersonBP/Maps/FirstPersonExampleMap.FirstPersonExampleMap:PersistentLevel.FirstPersonExampleMap'
[2018.10.25-22.14.14:936][ 97]BlueprintLog: New page: Pre-Play auto-recompile
[2018.10.25-22.14.14:936][ 97]LogPlayLevel: [PlayLevel] Compiling FirstPersonCharacter before play...
[2018.10.25-22.14.15:185][ 97]LogPlayLevel: PlayLevel: Blueprint regeneration took 249 ms (1 blueprints)
[2018.10.25-22.14.15:185][ 97]PIE: New page: PIE session: FirstPersonExampleMap (Oct 26, 2018, 2:14:15 AM)
[2018.10.25-22.14.15:185][ 97]LogPlayLevel: Creating play world package: /Game/FirstPersonBP/Maps/UEDPIE_0_FirstPersonExampleMap
[2018.10.25-22.14.15:209][ 97]LogPlayLevel: PIE: StaticDuplicateObject took: (0.023685s)
[2018.10.25-22.14.15:212][ 97]LogAIModule: Creating AISystem for world FirstPersonExampleMap
[2018.10.25-22.14.15:212][ 97]LogPlayLevel: PIE: World Init took: (0.003412s)
[2018.10.25-22.14.15:213][ 97]LogPlayLevel: PIE: Created PIE world by copying editor world from /Game/FirstPersonBP/Maps/FirstPersonExampleMap.FirstPersonExampleMap to /Game/FirstPersonBP/Maps/UEDPIE_0_FirstPersonExampleMap.FirstPersonExampleMap (0.027539s)
[2018.10.25-22.14.15:237][ 97]LogInit: XAudio2 using 'Altavoces (2- Logitech G933 Gaming Headset)' : 6 channels at 48 kHz using 16 bits per sample (channel mask 0x3f)
[2018.10.25-22.14.15:257][ 97]LogInit: FAudioDevice initialized.
[2018.10.25-22.14.15:301][ 97]LogLoad: Game class is 'FirstPersonGameMode_C'
[2018.10.25-22.14.15:306][ 97]LogWorld: Bringing World /Game/FirstPersonBP/Maps/UEDPIE_0_FirstPersonExampleMap.FirstPersonExampleMap up for play (max tick rate 0) at 2018.10.26-00.14.15
[2018.10.25-22.14.15:307][ 97]LogWorld: Bringing up level for play took: 0.004830
[2018.10.25-22.14.15:313][ 97]PIE: Info Play in editor start time for /Game/FirstPersonBP/Maps/UEDPIE_0_FirstPersonExampleMap -0.461
[2018.10.25-22.14.15:313][ 97]LogBlueprintUserMessages: Late PlayInEditor Detection: Level '/Game/FirstPersonBP/Maps/FirstPersonExampleMap.FirstPersonExampleMap:PersistentLevel' has LevelScriptBlueprint '/Game/FirstPersonBP/Maps/FirstPersonExampleMap.FirstPersonExampleMap:PersistentLevel.FirstPersonExampleMap' with GeneratedClass '/Game/FirstPersonBP/Maps/FirstPersonExampleMap.FirstPersonExampleMap_C' with ClassGeneratedBy '/Game/FirstPersonBP/Maps/FirstPersonExampleMap.FirstPersonExampleMap:PersistentLevel.FirstPersonExampleMap'
[2018.10.25-22.14.21:679][536]LogBlueprintUserMessages: Early EndPlayMap Detection: Level '/Game/FirstPersonBP/Maps/FirstPersonExampleMap.FirstPersonExampleMap:PersistentLevel' has LevelScriptBlueprint '/Game/FirstPersonBP/Maps/FirstPersonExampleMap.FirstPersonExampleMap:PersistentLevel.FirstPersonExampleMap' with GeneratedClass '/Game/FirstPersonBP/Maps/FirstPersonExampleMap.FirstPersonExampleMap_C' with ClassGeneratedBy '/Game/FirstPersonBP/Maps/FirstPersonExampleMap.FirstPersonExampleMap:PersistentLevel.FirstPersonExampleMap'
[2018.10.25-22.14.21:750][536]LogBlueprintUserMessages: Late EndPlayMap Detection: Level '/Game/FirstPersonBP/Maps/FirstPersonExampleMap.FirstPersonExampleMap:PersistentLevel' has LevelScriptBlueprint '/Game/FirstPersonBP/Maps/FirstPersonExampleMap.FirstPersonExampleMap:PersistentLevel.FirstPersonExampleMap' with GeneratedClass '/Game/FirstPersonBP/Maps/FirstPersonExampleMap.FirstPersonExampleMap_C' with ClassGeneratedBy '/Game/FirstPersonBP/Maps/FirstPersonExampleMap.FirstPersonExampleMap:PersistentLevel.FirstPersonExampleMap'
[2018.10.25-22.14.29:365][177]LogTemp: Repeting last play command: Selected Viewport
[2018.10.25-22.14.29:386][177]LogBlueprintUserMessages: Early PlayInEditor Detection: Level '/Game/FirstPersonBP/Maps/FirstPersonExampleMap.FirstPersonExampleMap:PersistentLevel' has LevelScriptBlueprint '/Game/FirstPersonBP/Maps/FirstPersonExampleMap.FirstPersonExampleMap:PersistentLevel.FirstPersonExampleMap' with GeneratedClass '/Game/FirstPersonBP/Maps/FirstPersonExampleMap.FirstPersonExampleMap_C' with ClassGeneratedBy '/Game/FirstPersonBP/Maps/FirstPersonExampleMap.FirstPersonExampleMap:PersistentLevel.FirstPersonExampleMap'
[2018.10.25-22.14.29:386][177]BlueprintLog: New page: Pre-Play auto-recompile
[2018.10.25-22.14.29:386][177]LogPlayLevel: [PlayLevel] Compiling FirstPersonCharacter before play...
[2018.10.25-22.14.29:524][177]LogPlayLevel: PlayLevel: Blueprint regeneration took 139 ms (1 blueprints)
[2018.10.25-22.14.29:524][177]PIE: New page: PIE session: FirstPersonExampleMap (Oct 26, 2018, 2:14:29 AM)
[2018.10.25-22.14.29:524][177]LogPlayLevel: Creating play world package: /Game/FirstPersonBP/Maps/UEDPIE_0_FirstPersonExampleMap
[2018.10.25-22.14.29:546][177]LogPlayLevel: PIE: StaticDuplicateObject took: (0.021755s)
[2018.10.25-22.14.29:548][177]LogAIModule: Creating AISystem for world FirstPersonExampleMap
[2018.10.25-22.14.29:548][177]LogPlayLevel: PIE: World Init took: (0.001645s)
[2018.10.25-22.14.29:548][177]LogPlayLevel: PIE: Created PIE world by copying editor world from /Game/FirstPersonBP/Maps/FirstPersonExampleMap.FirstPersonExampleMap to /Game/FirstPersonBP/Maps/UEDPIE_0_FirstPersonExampleMap.FirstPersonExampleMap (0.023649s)
[2018.10.25-22.14.29:571][177]LogInit: XAudio2 using 'Altavoces (2- Logitech G933 Gaming Headset)' : 6 channels at 48 kHz using 16 bits per sample (channel mask 0x3f)
[2018.10.25-22.14.29:589][177]LogInit: FAudioDevice initialized.
[2018.10.25-22.14.29:629][177]LogLoad: Game class is 'FirstPersonGameMode_C'
[2018.10.25-22.14.29:634][177]LogWorld: Bringing World /Game/FirstPersonBP/Maps/UEDPIE_0_FirstPersonExampleMap.FirstPersonExampleMap up for play (max tick rate 0) at 2018.10.26-00.14.29
[2018.10.25-22.14.29:634][177]LogWorld: Bringing up level for play took: 0.003926
[2018.10.25-22.14.29:640][177]PIE: Info Play in editor start time for /Game/FirstPersonBP/Maps/UEDPIE_0_FirstPersonExampleMap -0.134
[2018.10.25-22.14.29:640][177]LogBlueprintUserMessages: Late PlayInEditor Detection: Level '/Game/FirstPersonBP/Maps/FirstPersonExampleMap.FirstPersonExampleMap:PersistentLevel' has LevelScriptBlueprint '/Game/FirstPersonBP/Maps/FirstPersonExampleMap.FirstPersonExampleMap:PersistentLevel.FirstPersonExampleMap' with GeneratedClass '/Game/FirstPersonBP/Maps/FirstPersonExampleMap.FirstPersonExampleMap_C' with ClassGeneratedBy '/Game/FirstPersonBP/Maps/FirstPersonExampleMap.FirstPersonExampleMap:PersistentLevel.FirstPersonExampleMap'
[2018.10.25-22.15.06:160][655]LogBlueprintUserMessages: Early EndPlayMap Detection: Level '/Game/FirstPersonBP/Maps/FirstPersonExampleMap.FirstPersonExampleMap:PersistentLevel' has LevelScriptBlueprint '/Game/FirstPersonBP/Maps/FirstPersonExampleMap.FirstPersonExampleMap:PersistentLevel.FirstPersonExampleMap' with GeneratedClass '/Game/FirstPersonBP/Maps/FirstPersonExampleMap.FirstPersonExampleMap_C' with ClassGeneratedBy '/Game/FirstPersonBP/Maps/FirstPersonExampleMap.FirstPersonExampleMap:PersistentLevel.FirstPersonExampleMap'
[2018.10.25-22.15.06:227][655]LogBlueprintUserMessages: Late EndPlayMap Detection: Level '/Game/FirstPersonBP/Maps/FirstPersonExampleMap.FirstPersonExampleMap:PersistentLevel' has LevelScriptBlueprint '/Game/FirstPersonBP/Maps/FirstPersonExampleMap.FirstPersonExampleMap:PersistentLevel.FirstPersonExampleMap' with GeneratedClass '/Game/FirstPersonBP/Maps/FirstPersonExampleMap.FirstPersonExampleMap_C' with ClassGeneratedBy '/Game/FirstPersonBP/Maps/FirstPersonExampleMap.FirstPersonExampleMap:PersistentLevel.FirstPersonExampleMap'
[2018.10.25-22.15.31:705][775]LogSavePackage: Save=201.54ms
[2018.10.25-22.15.31:705][775]LogSavePackage: Moving '../../../../../../Proyecto2Repository/Proyecto2/Saved/FirstPersonExampleMap_Auto5CD2B79B54CA559425C834EAA8E332996.tmp' to '../../../../../../Proyecto2Repository/Proyecto2/Saved/Autosaves/Game/FirstPersonBP/Maps/FirstPersonExampleMap_Auto5.umap'
[2018.10.25-22.15.31:706][775]LogSavePackage:Display: Finished SavePackage ../../../../../../Proyecto2Repository/Proyecto2/Saved/Autosaves/Game/FirstPersonBP/Maps/FirstPersonExampleMap_Auto5.umap
[2018.10.25-22.15.31:708][775]LogFileHelpers: Editor autosave (incl. sublevels) for '/Game/FirstPersonBP/Maps/FirstPersonExampleMap' took 0.317
[2018.10.25-22.15.31:708][775]LogFileHelpers: Editor autosave (incl. sublevels) for all levels took 0.317
[2018.10.25-22.15.31:710][775]OBJ SavePackage: Generating thumbnails for [1] asset(s) in package [/Game/FirstPersonBP/Blueprints/FirstPersonCharacter] ([1] browsable assets)...
[2018.10.25-22.15.31:726][775]OBJ SavePackage:     Rendered thumbnail for [Blueprint /Game/FirstPersonBP/Blueprints/FirstPersonCharacter.FirstPersonCharacter]
[2018.10.25-22.15.31:726][775]OBJ SavePackage: Finished generating thumbnails for package [/Game/FirstPersonBP/Blueprints/FirstPersonCharacter]
[2018.10.25-22.15.31:862][775]LogSavePackage: Save=125.40ms
[2018.10.25-22.15.31:862][775]LogSavePackage: Moving '../../../../../../Proyecto2Repository/Proyecto2/Saved/FirstPersonCharacter_Auto5782976764493AB39FBE97EBA3CABC8F9.tmp' to '../../../../../../Proyecto2Repository/Proyecto2/Saved/Autosaves/Game/FirstPersonBP/Blueprints/FirstPersonCharacter_Auto5.uasset'
[2018.10.25-22.15.31:863][775]LogSavePackage:Display: Finished SavePackage ../../../../../../Proyecto2Repository/Proyecto2/Saved/Autosaves/Game/FirstPersonBP/Blueprints/FirstPersonCharacter_Auto5.uasset
[2018.10.25-22.15.31:863][775]LogFileHelpers: Auto-saving content packages took 0.154
[2018.10.25-22.48.10:848][896]LogSavePackage: Save=117.16ms
[2018.10.25-22.48.10:848][896]LogSavePackage: Moving '../../../../../../Proyecto2Repository/Proyecto2/Saved/FirstPersonCharacter9BBA218847932E6CC50EE6A8D0540382.tmp' to '../../../../../../Proyecto2Repository/Proyecto2/Content/FirstPersonBP/Blueprints/FirstPersonCharacter.uasset'
[2018.10.25-22.48.10:862][896]LogSavePackage:Display: Finished SavePackage ../../../../../../Proyecto2Repository/Proyecto2/Content/FirstPersonBP/Blueprints/FirstPersonCharacter.uasset
[2018.10.25-22.48.14:773][212]LogSavePackage: Save=173.70ms
[2018.10.25-22.48.14:773][212]LogSavePackage: Moving '../../../../../../Proyecto2Repository/Proyecto2/Saved/FirstPersonExampleMapC9F6BDB1459AB574A19941B03CEED22C.tmp' to '../../../../../../Proyecto2Repository/Proyecto2/Content/FirstPersonBP/Maps/FirstPersonExampleMap.umap'
[2018.10.25-22.48.14:778][212]LogSavePackage:Display: Finished SavePackage ../../../../../../Proyecto2Repository/Proyecto2/Content/FirstPersonBP/Maps/FirstPersonExampleMap.umap
[2018.10.25-22.48.16:250][212]LogSavePackage: Save=1314.71ms
[2018.10.25-22.48.16:250][212]LogSavePackage: Moving '../../../../../../Proyecto2Repository/Proyecto2/Saved/FirstPersonExampleMap_BuiltData613A6B844EF78295D14FADAB8F7A700E.tmp' to '../../../../../../Proyecto2Repository/Proyecto2/Content/FirstPersonBP/Maps/FirstPersonExampleMap_BuiltData.uasset'
[2018.10.25-22.48.16:251][212]LogSavePackage:Display: Finished SavePackage ../../../../../../Proyecto2Repository/Proyecto2/Content/FirstPersonBP/Maps/FirstPersonExampleMap_BuiltData.uasset
[2018.10.25-22.48.26:543][ 10]Cmd: QUIT_EDITOR
[2018.10.25-22.48.26:855][ 10]LogWindowsTextInputMethodSystem:Display: IME system now deactivated.
[2018.10.25-22.48.26:877][ 10]LogExit: Preparing to exit.
[2018.10.25-22.48.28:079][ 10]LogDirectoryWatcher: A directory notification for 'D:/Proyecto2Repository/Proyecto2/Content/' was aborted.
[2018.10.25-22.48.28:222][ 10]LogExit: Editor shut down
[2018.10.25-22.48.28:255][ 10]LogExit: Transaction tracking system shut down
[2018.10.25-22.48.28:449][ 10]LogObj: Freed 0b from 0 cluster array pools.
[2018.10.25-22.48.28:450][ 10]LogExit: Object subsystem successfully closed.
[2018.10.25-22.48.28:502][ 10]LogD3D11RHI: Shutdown
[2018.10.25-22.48.28:502][ 10]LogD3D11RHI: CleanupD3DDevice
[2018.10.25-22.48.28:627][ 10]LogD3D11RHI: ~FD3D11DynamicRHI
[2018.10.25-22.48.28:657][ 10]LogModuleManager: Shutting down and abandoning module MovieSceneCapture (530)
[2018.10.25-22.48.28:657][ 10]LogModuleManager: Shutting down and abandoning module BlueprintGraph (528)
[2018.10.25-22.48.28:657][ 10]LogModuleManager: Shutting down and abandoning module BlueprintProfiler (526)
[2018.10.25-22.48.28:667][ 10]LogModuleManager: Shutting down and abandoning module HierarchicalLODOutliner (524)
[2018.10.25-22.48.28:667][ 10]LogModuleManager: Shutting down and abandoning module CrashTracker (522)
[2018.10.25-22.48.28:667][ 10]LogModuleManager: Shutting down and abandoning module SceneOutliner (520)
[2018.10.25-22.48.28:678][ 10]LogModuleManager: Shutting down and abandoning module AddContentDialog (518)
[2018.10.25-22.48.28:698][ 10]LogDirectoryWatcher: A directory notification for 'D:/Fortnite/fortniteeee/UE_4.16/FeaturePacks/' was aborted.
[2018.10.25-22.48.28:703][ 10]LogModuleManager: Shutting down and abandoning module WidgetCarousel (517)
[2018.10.25-22.48.28:703][ 10]LogModuleManager: Shutting down and abandoning module EditorWidgets (514)
[2018.10.25-22.48.28:703][ 10]LogModuleManager: Shutting down and abandoning module CollectionManager (512)
[2018.10.25-22.48.28:703][ 10]LogDirectoryWatcher: A directory notification for 'D:/Proyecto2Repository/Proyecto2/Content/Collections/' was aborted.
[2018.10.25-22.48.28:704][ 10]LogDirectoryWatcher: A directory notification for 'D:/Proyecto2Repository/Proyecto2/Content/Developers/marcs/Collections/' was aborted.
[2018.10.25-22.48.28:704][ 10]LogDirectoryWatcher: A directory notification for 'D:/Proyecto2Repository/Proyecto2/Saved/Collections/' was aborted.
[2018.10.25-22.48.28:704][ 10]LogModuleManager: Shutting down and abandoning module StatsViewer (510)
[2018.10.25-22.48.28:704][ 10]LogModuleManager: Shutting down and abandoning module FoliageEdit (508)
[2018.10.25-22.48.28:704][ 10]LogModuleManager: Shutting down and abandoning module LandscapeEditor (506)
[2018.10.25-22.48.28:704][ 10]LogModuleManager: Shutting down and abandoning module MeshPaintMode (504)
[2018.10.25-22.48.28:704][ 10]LogModuleManager: Shutting down and abandoning module SceneDepthPickerMode (502)
[2018.10.25-22.48.28:704][ 10]LogModuleManager: Shutting down and abandoning module ActorPickerMode (500)
[2018.10.25-22.48.28:704][ 10]LogModuleManager: Shutting down and abandoning module GeometryMode (498)
[2018.10.25-22.48.28:704][ 10]LogModuleManager: Shutting down and abandoning module TextureAlignMode (496)
[2018.10.25-22.48.28:704][ 10]LogModuleManager: Shutting down and abandoning module BspMode (494)
[2018.10.25-22.48.28:704][ 10]LogModuleManager: Shutting down and abandoning module HardwareSurvey (492)
[2018.10.25-22.48.28:704][ 10]LogModuleManager: Shutting down and abandoning module SequenceRecorderSections (490)
[2018.10.25-22.48.28:704][ 10]LogModuleManager: Shutting down and abandoning module AutomationWorker (488)
[2018.10.25-22.48.28:704][ 10]LogModuleManager: Shutting down and abandoning module MatineeToLevelSequence (486)
[2018.10.25-22.48.28:704][ 10]LogModuleManager: Shutting down and abandoning module LevelSequenceEditor (484)
[2018.10.25-22.48.28:704][ 10]LogModuleManager: Shutting down and abandoning module PlacementMode (483)
[2018.10.25-22.48.28:704][ 10]LogModuleManager: Shutting down and abandoning module WmfMediaFactory (480)
[2018.10.25-22.48.28:704][ 10]LogModuleManager: Shutting down and abandoning module WmfMediaEditor (478)
[2018.10.25-22.48.28:704][ 10]LogModuleManager: Shutting down and abandoning module AvfMediaFactory (476)
[2018.10.25-22.48.28:704][ 10]LogModuleManager: Shutting down and abandoning module AvfMediaEditor (474)
[2018.10.25-22.48.28:704][ 10]LogModuleManager: Shutting down and abandoning module AndroidMediaFactory (472)
[2018.10.25-22.48.28:704][ 10]LogModuleManager: Shutting down and abandoning module Media (471)
[2018.10.25-22.48.28:704][ 10]LogModuleManager: Shutting down and abandoning module AndroidMediaEditor (468)
[2018.10.25-22.48.28:704][ 10]LogModuleManager: Shutting down and abandoning module CharacterAI (466)
[2018.10.25-22.48.28:704][ 10]LogModuleManager: Shutting down and abandoning module AudioCapture (464)
[2018.10.25-22.48.28:704][ 10]LogModuleManager: Shutting down and abandoning module SequenceRecorder (463)
[2018.10.25-22.48.28:705][ 10]LogModuleManager: Shutting down and abandoning module SmartSnapping (460)
[2018.10.25-22.48.28:705][ 10]LogModuleManager: Shutting down and abandoning module SessionServices (458)
[2018.10.25-22.48.28:705][ 10]LogModuleManager: Shutting down and abandoning module ViewportSnapping (456)
[2018.10.25-22.48.28:705][ 10]LogModuleManager: Shutting down and abandoning module ViewportInteraction (454)
[2018.10.25-22.48.28:705][ 10]LogModuleManager: Shutting down and abandoning module ClothPainter (452)
[2018.10.25-22.48.28:705][ 10]LogModuleManager: Shutting down and abandoning module LogVisualizer (450)
[2018.10.25-22.48.28:705][ 10]LogModuleManager: Shutting down and abandoning module IntroTutorials (448)
[2018.10.25-22.48.28:705][ 10]LogModuleManager: Shutting down and abandoning module GameProjectGeneration (447)
[2018.10.25-22.48.28:705][ 10]LogModuleManager: Shutting down and abandoning module EditorLiveStreaming (444)
[2018.10.25-22.48.28:705][ 10]LogModuleManager: Shutting down and abandoning module IOSPlatformEditor (442)
[2018.10.25-22.48.28:705][ 10]LogModuleManager: Shutting down and abandoning module HTML5PlatformEditor (440)
[2018.10.25-22.48.28:705][ 10]LogModuleManager: Shutting down and abandoning module AndroidPlatformEditor (438)
[2018.10.25-22.48.28:705][ 10]LogModuleManager: Shutting down and abandoning module AndroidDeviceDetection (437)
[2018.10.25-22.48.29:274][ 10]LogModuleManager: Shutting down and abandoning module IOSRuntimeSettings (434)
[2018.10.25-22.48.29:274][ 10]LogModuleManager: Shutting down and abandoning module AndroidRuntimeSettings (432)
[2018.10.25-22.48.29:274][ 10]LogModuleManager: Shutting down and abandoning module InputBindingEditor (430)
[2018.10.25-22.48.29:274][ 10]LogModuleManager: Shutting down and abandoning module MergeActors (428)
[2018.10.25-22.48.29:274][ 10]LogModuleManager: Shutting down and abandoning module SizeMap (426)
[2018.10.25-22.48.29:274][ 10]LogModuleManager: Shutting down and abandoning module TreeMap (424)
[2018.10.25-22.48.29:274][ 10]LogModuleManager: Shutting down and abandoning module ReferenceViewer (422)
[2018.10.25-22.48.29:275][ 10]LogModuleManager: Shutting down and abandoning module LocalizationDashboard (420)
[2018.10.25-22.48.29:275][ 10]LogModuleManager: Shutting down and abandoning module LocalizationService (419)
[2018.10.25-22.48.29:275][ 10]LogModuleManager: Shutting down and abandoning module HardwareTargeting (416)
[2018.10.25-22.48.29:275][ 10]LogModuleManager: Shutting down and abandoning module DeviceProfileEditor (414)
[2018.10.25-22.48.29:275][ 10]LogModuleManager: Shutting down and abandoning module UndoHistory (412)
[2018.10.25-22.48.29:275][ 10]LogModuleManager: Shutting down and abandoning module UserFeedback (410)
[2018.10.25-22.48.29:275][ 10]LogModuleManager: Shutting down and abandoning module XmlParser (408)
[2018.10.25-22.48.29:275][ 10]LogModuleManager: Shutting down and abandoning module Blutility (406)
[2018.10.25-22.48.29:275][ 10]LogModuleManager: Shutting down and abandoning module ProjectSettingsViewer (404)
[2018.10.25-22.48.29:275][ 10]LogModuleManager: Shutting down and abandoning module ProjectTargetPlatformEditor (403)
[2018.10.25-22.48.29:275][ 10]LogModuleManager: Shutting down and abandoning module EditorSettingsViewer (400)
[2018.10.25-22.48.29:275][ 10]LogModuleManager: Shutting down and abandoning module SettingsEditor (398)
[2018.10.25-22.48.29:275][ 10]LogModuleManager: Shutting down and abandoning module ProjectLauncher (396)
[2018.10.25-22.48.29:275][ 10]LogModuleManager: Shutting down and abandoning module SessionFrontend (394)
[2018.10.25-22.48.29:275][ 10]LogModuleManager: Shutting down and abandoning module ProfilerClient (392)
[2018.10.25-22.48.29:275][ 10]LogModuleManager: Shutting down and abandoning module DeviceManager (390)
[2018.10.25-22.48.29:275][ 10]LogModuleManager: Shutting down and abandoning module TargetDeviceServices (389)
[2018.10.25-22.48.29:331][ 10]LogModuleManager: Shutting down and abandoning module AutomationController (386)
[2018.10.25-22.48.29:331][ 10]LogModuleManager: Shutting down and abandoning module AutomationWindow (384)
[2018.10.25-22.48.29:331][ 10]LogModuleManager: Shutting down and abandoning module Layers (382)
[2018.10.25-22.48.29:331][ 10]LogModuleManager: Shutting down and abandoning module ComponentVisualizers (380)
[2018.10.25-22.48.29:331][ 10]LogModuleManager: Shutting down and abandoning module DetailCustomizations (378)
[2018.10.25-22.48.29:331][ 10]LogModuleManager: Shutting down and abandoning module PackagesDialog (376)
[2018.10.25-22.48.29:331][ 10]LogModuleManager: Shutting down and abandoning module Persona (374)
[2018.10.25-22.48.29:331][ 10]LogModuleManager: Shutting down and abandoning module AdvancedPreviewScene (373)
[2018.10.25-22.48.29:331][ 10]LogModuleManager: Shutting down and abandoning module AnimGraph (371)
[2018.10.25-22.48.29:331][ 10]LogModuleManager: Shutting down and abandoning module Kismet (368)
[2018.10.25-22.48.29:342][ 10]LogModuleManager: Shutting down and abandoning module ClassViewer (366)
[2018.10.25-22.48.29:342][ 10]LogModuleManager: Shutting down and abandoning module Toolbox (364)
[2018.10.25-22.48.29:342][ 10]LogModuleManager: Shutting down and abandoning module ModuleUI (362)
[2018.10.25-22.48.29:342][ 10]LogModuleManager: Shutting down and abandoning module MovieSceneTools (360)
[2018.10.25-22.48.29:342][ 10]LogModuleManager: Shutting down and abandoning module OutputLog (358)
[2018.10.25-22.48.29:342][ 10]LogModuleManager: Shutting down and abandoning module GammaUI (356)
[2018.10.25-22.48.29:342][ 10]LogModuleManager: Shutting down and abandoning module Documentation (354)
[2018.10.25-22.48.29:342][ 10]LogModuleManager: Shutting down and abandoning module MovieSceneTracks (352)
[2018.10.25-22.48.29:342][ 10]LogModuleManager: Shutting down and abandoning module MovieScene (350)
[2018.10.25-22.48.29:342][ 10]LogModuleManager: Shutting down and abandoning module Niagara (348)
[2018.10.25-22.48.29:342][ 10]LogModuleManager: Shutting down and abandoning module NiagaraEditor (347)
[2018.10.25-22.48.29:342][ 10]LogModuleManager: Shutting down and abandoning module StreamingPauseRendering (344)
[2018.10.25-22.48.29:342][ 10]LogModuleManager: Shutting down and abandoning module AnalyticsET (342)
[2018.10.25-22.48.29:343][ 10]LogModuleManager: Shutting down and abandoning module PortalServices (340)
[2018.10.25-22.48.29:343][ 10]LogModuleManager: Shutting down and abandoning module PortalRpc (338)
[2018.10.25-22.48.29:343][ 10]LogModuleManager: Shutting down and abandoning module MessagingRpc (336)
[2018.10.25-22.48.29:343][ 10]LogModuleManager: Shutting down and abandoning module AIModule (334)
[2018.10.25-22.48.29:343][ 10]LogModuleManager: Shutting down and abandoning module GameplayDebugger (333)
[2018.10.25-22.48.29:343][ 10]LogModuleManager: Shutting down and abandoning module AITestSuite (331)
[2018.10.25-22.48.29:343][ 10]LogModuleManager: Shutting down and abandoning module ProfilerService (328)
[2018.10.25-22.48.29:553][ 10]LogModuleManager: Shutting down and abandoning module TaskGraph (326)
[2018.10.25-22.48.29:553][ 10]LogModuleManager: Shutting down and abandoning module SteamVRController (324)
[2018.10.25-22.48.29:553][ 10]LogModuleManager: Shutting down and abandoning module SteamVR (322)
[2018.10.25-22.48.29:553][ 10]LogModuleManager: Shutting down and abandoning module ProceduralMeshComponentEditor (320)
[2018.10.25-22.48.29:553][ 10]LogModuleManager: Shutting down and abandoning module ProceduralMeshComponent (318)
[2018.10.25-22.48.29:553][ 10]LogModuleManager: Shutting down and abandoning module OculusLibrary (316)
[2018.10.25-22.48.29:553][ 10]LogModuleManager: Shutting down and abandoning module OculusInput (314)
[2018.10.25-22.48.29:553][ 10]LogModuleManager: Shutting down and abandoning module MobilePatchingUtils (312)
[2018.10.25-22.48.29:553][ 10]LogModuleManager: Shutting down and abandoning module CustomMeshComponent (310)
[2018.10.25-22.48.29:553][ 10]LogModuleManager: Shutting down and abandoning module CableComponent (308)
[2018.10.25-22.48.29:553][ 10]LogModuleManager: Shutting down and abandoning module ArchVisCharacter (306)
[2018.10.25-22.48.29:553][ 10]LogModuleManager: Shutting down and abandoning module AndroidPermission (304)
[2018.10.25-22.48.29:553][ 10]LogModuleManager: Shutting down and abandoning module MediaPlayerEditor (300)
[2018.10.25-22.48.29:553][ 10]LogModuleManager: Shutting down and abandoning module HTML5Networking (298)
[2018.10.25-22.48.29:553][ 10]LogModuleManager: Shutting down and abandoning module AlembicImporter (296)
[2018.10.25-22.48.29:553][ 10]LogModuleManager: Shutting down and abandoning module AlembicLibrary (295)
[2018.10.25-22.48.29:554][ 10]LogModuleManager: Shutting down and abandoning module GeometryCache (294)
[2018.10.25-22.48.29:554][ 10]LogModuleManager: Shutting down and abandoning module GeometryCacheEd (293)
[2018.10.25-22.48.29:554][ 10]LogModuleManager: Shutting down and abandoning module SuperSearchEditor (288)
[2018.10.25-22.48.29:554][ 10]LogModuleManager: Shutting down and abandoning module SuperSearch (287)
[2018.10.25-22.48.29:554][ 10]LogModuleManager: Shutting down and abandoning module SpeedTreeImporter (284)
[2018.10.25-22.48.29:554][ 10]LogModuleManager: Shutting down and abandoning module PluginBrowser (282)
[2018.10.25-22.48.29:554][ 10]LogModuleManager: Shutting down and abandoning module MobileLauncherProfileWizard (280)
[2018.10.25-22.48.29:554][ 10]LogModuleManager: Shutting down and abandoning module VisualStudioSourceCodeAccess (278)
[2018.10.25-22.48.29:554][ 10]LogModuleManager: Shutting down and abandoning module DesktopPlatform (277)
[2018.10.25-22.48.29:554][ 10]LogModuleManager: Shutting down and abandoning module UObjectPlugin (274)
[2018.10.25-22.48.29:554][ 10]LogModuleManager: Shutting down and abandoning module SubversionSourceControl (272)
[2018.10.25-22.48.29:554][ 10]LogModuleManager: Shutting down and abandoning module PerforceSourceControl (270)
[2018.10.25-22.48.29:554][ 10]LogModuleManager: Shutting down and abandoning module GitSourceControl (268)
[2018.10.25-22.48.29:554][ 10]LogModuleManager: Shutting down and abandoning module SourceControl (267)
[2018.10.25-22.48.29:554][ 10]LogModuleManager: Shutting down and abandoning module LightPropagationVolumeEditor (264)
[2018.10.25-22.48.29:554][ 10]LogModuleManager: Shutting down and abandoning module PaperTiledImporter (262)
[2018.10.25-22.48.29:554][ 10]LogModuleManager: Shutting down and abandoning module PaperSpriteSheetImporter (260)
[2018.10.25-22.48.29:554][ 10]LogModuleManager: Shutting down and abandoning module Paper2DEditor (258)
[2018.10.25-22.48.29:554][ 10]LogModuleManager: Shutting down and abandoning module MeshPaint (257)
[2018.10.25-22.48.29:554][ 10]LogModuleManager: Shutting down and abandoning module LevelEditor (255)
[2018.10.25-22.48.29:555][ 10]LogModuleManager: Shutting down and abandoning module PixelInspectorModule (254)
[2018.10.25-22.48.29:555][ 10]LogModuleManager: Shutting down and abandoning module MainFrame (252)
[2018.10.25-22.48.29:555][ 10]LogModuleManager: Shutting down and abandoning module HotReload (251)
[2018.10.25-22.48.29:555][ 10]LogModuleManager: Shutting down and abandoning module PhysXVehiclesEditor (246)
[2018.10.25-22.48.29:556][ 10]LogModuleManager: Shutting down and abandoning module PhysXVehicles (244)
[2018.10.25-22.48.29:556][ 10]LogModuleManager: Shutting down and abandoning module LocationServicesBPLibrary (242)
[2018.10.25-22.48.29:556][ 10]LogModuleManager: Shutting down and abandoning module ImmediatePhysicsEditor (240)
[2018.10.25-22.48.29:556][ 10]LogModuleManager: Shutting down and abandoning module ImmediatePhysics (238)
[2018.10.25-22.48.29:556][ 10]LogModuleManager: Shutting down and abandoning module UdpMessaging (236)
[2018.10.25-22.48.29:656][ 10]LogModuleManager: Shutting down and abandoning module TcpMessaging (234)
[2018.10.25-22.48.29:757][ 10]LogModuleManager: Shutting down and abandoning module GameplayTagsEditor (232)
[2018.10.25-22.48.29:757][ 10]LogModuleManager: Shutting down and abandoning module FacialAnimationEditor (230)
[2018.10.25-22.48.29:757][ 10]LogModuleManager: Shutting down and abandoning module FacialAnimation (228)
[2018.10.25-22.48.29:757][ 10]LogModuleManager: Shutting down and abandoning module AssetManagerEditor (226)
[2018.10.25-22.48.29:757][ 10]LogModuleManager: Shutting down and abandoning module GraphEditor (225)
[2018.10.25-22.48.29:757][ 10]LogModuleManager: Shutting down and abandoning module ContentBrowser (223)
[2018.10.25-22.48.29:760][ 10]LogModuleManager: Shutting down and abandoning module LightPropagationVolumeRuntime (220)
[2018.10.25-22.48.29:760][ 10]LogModuleManager: Shutting down and abandoning module Paper2D (218)
[2018.10.25-22.48.29:760][ 10]LogModuleManager: Shutting down and abandoning module WindowsMoviePlayer (216)
[2018.10.25-22.48.29:760][ 10]LogModuleManager: Shutting down and abandoning module WmfMedia (214)
[2018.10.25-22.48.29:764][ 10]LogModuleManager: Shutting down and abandoning module ClothingSystemEditor (212)
[2018.10.25-22.48.29:764][ 10]LogModuleManager: Shutting down and abandoning module ClothingSystemRuntime (210)
[2018.10.25-22.48.29:765][ 10]LogModuleManager: Shutting down and abandoning module MediaAssets (208)
[2018.10.25-22.48.29:765][ 10]LogModuleManager: Shutting down and abandoning module GameLiveStreaming (206)
[2018.10.25-22.48.29:765][ 10]LogModuleManager: Shutting down and abandoning module VREditor (204)
[2018.10.25-22.48.29:765][ 10]LogModuleManager: Shutting down and abandoning module StringTableEditor (202)
[2018.10.25-22.48.29:765][ 10]LogModuleManager: Shutting down and abandoning module GameplayTasksEditor (200)
[2018.10.25-22.48.29:765][ 10]LogModuleManager: Shutting down and abandoning module BehaviorTreeEditor (198)
[2018.10.25-22.48.29:765][ 10]LogModuleManager: Shutting down and abandoning module FunctionalTesting (196)
[2018.10.25-22.48.29:765][ 10]LogModuleManager: Shutting down and abandoning module CollisionAnalyzer (194)
[2018.10.25-22.48.29:765][ 10]LogModuleManager: Shutting down and abandoning module UMG (192)
[2018.10.25-22.48.29:765][ 10]LogModuleManager: Shutting down and abandoning module UMGEditor (191)
[2018.10.25-22.48.29:765][ 10]LogModuleManager: Shutting down and abandoning module Sequencer (190)
[2018.10.25-22.48.29:765][ 10]LogModuleManager: Shutting down and abandoning module AssetTools (188)
[2018.10.25-22.48.29:766][ 10]LogModuleManager: Shutting down and abandoning module MessageLog (187)
[2018.10.25-22.48.29:766][ 10]LogModuleManager: Shutting down and abandoning module WorkspaceMenuStructure (186)
[2018.10.25-22.48.29:766][ 10]LogModuleManager: Shutting down and abandoning module SlateReflector (180)
[2018.10.25-22.48.29:766][ 10]LogModuleManager: Shutting down and abandoning module Slate (178)
[2018.10.25-22.48.29:766][ 10]LogModuleManager: Shutting down and abandoning module EditorStyle (176)
[2018.10.25-22.48.29:771][ 10]LogModuleManager: Shutting down and abandoning module SourceCodeAccess (174)
[2018.10.25-22.48.29:771][ 10]LogModuleManager: Shutting down and abandoning module HeadMountedDisplay (172)
[2018.10.25-22.48.29:771][ 10]LogModuleManager: Shutting down and abandoning module XAudio2 (170)
[2018.10.25-22.48.29:771][ 10]LogModuleManager: Shutting down and abandoning module Networking (168)
[2018.10.25-22.48.29:771][ 10]LogModuleManager: Shutting down and abandoning module Core (164)
[2018.10.25-22.48.29:771][ 10]LogModuleManager: Shutting down and abandoning module AssetRegistry (162)
[2018.10.25-22.48.29:998][ 10]LogDirectoryWatcher: A directory notification for '../../../Engine/Content/' was aborted.
[2018.10.25-22.48.29:998][ 10]LogDirectoryWatcher: A directory notification for '../../../../../../Proyecto2Repository/Proyecto2/Content/' was aborted.
[2018.10.25-22.48.29:998][ 10]LogDirectoryWatcher: A directory notification for '../../../Engine/Plugins/2D/Paper2D/Content/' was aborted.
[2018.10.25-22.48.29:998][ 10]LogDirectoryWatcher: A directory notification for '../../../Engine/Plugins/Runtime/GearVR/Content/' was aborted.
[2018.10.25-22.48.30:005][ 10]LogModuleManager: Shutting down and abandoning module DirectoryWatcher (161)
[2018.10.25-22.48.30:011][ 10]LogModuleManager: Shutting down and abandoning module KismetCompiler (158)
[2018.10.25-22.48.30:011][ 10]LogModuleManager: Shutting down and abandoning module LevelSequence (156)
[2018.10.25-22.48.30:011][ 10]LogModuleManager: Shutting down and abandoning module PhysXFormats (154)
[2018.10.25-22.48.30:011][ 10]LogModuleManager: Shutting down and abandoning module MeshUtilities (152)
[2018.10.25-22.48.30:011][ 10]LogModuleManager: Shutting down and abandoning module SimplygonSwarm (151)
[2018.10.25-22.48.30:011][ 10]LogModuleManager: Shutting down and abandoning module SimplygonMeshReduction (149)
[2018.10.25-22.48.30:011][ 10]LogModuleManager: Shutting down and abandoning module QuadricMeshReduction (147)
[2018.10.25-22.48.30:011][ 10]LogModuleManager: Shutting down and abandoning module DerivedDataCache (144)
[2018.10.25-22.48.30:051][ 10]LogDerivedDataCache: Shutdown
[2018.10.25-22.48.30:051][ 10]LogModuleManager: Shutting down and abandoning module TargetPlatform (142)
[2018.10.25-22.48.30:051][ 10]LogModuleManager: Shutting down and abandoning module VulkanShaderFormat (141)
[2018.10.25-22.48.30:051][ 10]LogModuleManager: Shutting down and abandoning module ShaderFormatVectorVM (139)
[2018.10.25-22.48.30:052][ 10]LogModuleManager: Shutting down and abandoning module ShaderFormatOpenGL (137)
[2018.10.25-22.48.30:052][ 10]LogModuleManager: Shutting down and abandoning module ShaderFormatD3D (135)
[2018.10.25-22.48.30:052][ 10]LogModuleManager: Shutting down and abandoning module MetalShaderFormat (133)
[2018.10.25-22.48.30:052][ 10]LogModuleManager: Shutting down and abandoning module TextureFormatUncompressed (131)
[2018.10.25-22.48.30:052][ 10]LogModuleManager: Shutting down and abandoning module TextureFormatPVR (129)
[2018.10.25-22.48.30:052][ 10]LogModuleManager: Shutting down and abandoning module TextureFormatDXT (127)
[2018.10.25-22.48.30:052][ 10]LogModuleManager: Shutting down and abandoning module TextureFormatIntelISPCTexComp (125)
[2018.10.25-22.48.30:052][ 10]LogModuleManager: Shutting down and abandoning module TextureFormatASTC (123)
[2018.10.25-22.48.30:052][ 10]LogModuleManager: Shutting down and abandoning module ImageWrapper (122)
[2018.10.25-22.48.30:052][ 10]LogModuleManager: Shutting down and abandoning module TextureFormatAndroid (119)
[2018.10.25-22.48.30:052][ 10]LogModuleManager: Shutting down and abandoning module AudioFormatOpus (117)
[2018.10.25-22.48.30:052][ 10]LogModuleManager: Shutting down and abandoning module AudioFormatOgg (115)
[2018.10.25-22.48.30:052][ 10]LogModuleManager: Shutting down and abandoning module AudioFormatADPCM (113)
[2018.10.25-22.48.30:052][ 10]LogModuleManager: Shutting down and abandoning module LinuxTargetPlatform (111)
[2018.10.25-22.48.30:052][ 10]LogModuleManager: Shutting down and abandoning module LinuxServerTargetPlatform (109)
[2018.10.25-22.48.30:052][ 10]LogModuleManager: Shutting down and abandoning module LinuxNoEditorTargetPlatform (107)
[2018.10.25-22.48.30:052][ 10]LogModuleManager: Shutting down and abandoning module LinuxClientTargetPlatform (105)
[2018.10.25-22.48.30:052][ 10]LogModuleManager: Shutting down and abandoning module TVOSTargetPlatform (103)
[2018.10.25-22.48.30:052][ 10]LogModuleManager: Shutting down and abandoning module Messaging (101)
[2018.10.25-22.48.30:052][ 10]LogModuleManager: Shutting down and abandoning module IOSTargetPlatform (99)
[2018.10.25-22.48.30:052][ 10]LogModuleManager: Shutting down and abandoning module HTML5TargetPlatform (97)
[2018.10.25-22.48.30:052][ 10]LogModuleManager: Shutting down and abandoning module Android_PVRTCTargetPlatform (95)
[2018.10.25-22.48.30:052][ 10]LogModuleManager: Shutting down and abandoning module Android_MultiTargetPlatform (93)
[2018.10.25-22.48.30:052][ 10]LogModuleManager: Shutting down and abandoning module Android_ETC2TargetPlatform (91)
[2018.10.25-22.48.30:052][ 10]LogModuleManager: Shutting down and abandoning module Android_ETC1TargetPlatform (89)
[2018.10.25-22.48.30:052][ 10]LogModuleManager: Shutting down and abandoning module Android_DXTTargetPlatform (87)
[2018.10.25-22.48.30:052][ 10]LogModuleManager: Shutting down and abandoning module Android_ATCTargetPlatform (85)
[2018.10.25-22.48.30:052][ 10]LogModuleManager: Shutting down and abandoning module Android_ASTCTargetPlatform (83)
[2018.10.25-22.48.30:052][ 10]LogModuleManager: Shutting down and abandoning module AndroidTargetPlatform (81)
[2018.10.25-22.48.30:052][ 10]LogModuleManager: Shutting down and abandoning module WindowsTargetPlatform (79)
[2018.10.25-22.48.30:052][ 10]LogModuleManager: Shutting down and abandoning module WindowsServerTargetPlatform (77)
[2018.10.25-22.48.30:052][ 10]LogModuleManager: Shutting down and abandoning module WindowsNoEditorTargetPlatform (75)
[2018.10.25-22.48.30:052][ 10]LogModuleManager: Shutting down and abandoning module WindowsClientTargetPlatform (73)
[2018.10.25-22.48.30:052][ 10]LogModuleManager: Shutting down and abandoning module MacTargetPlatform (71)
[2018.10.25-22.48.30:052][ 10]LogModuleManager: Shutting down and abandoning module MacServerTargetPlatform (69)
[2018.10.25-22.48.30:052][ 10]LogModuleManager: Shutting down and abandoning module MacNoEditorTargetPlatform (67)
[2018.10.25-22.48.30:052][ 10]LogModuleManager: Shutting down and abandoning module MacClientTargetPlatform (65)
[2018.10.25-22.48.30:052][ 10]LogModuleManager: Shutting down and abandoning module AllDesktopTargetPlatform (63)
[2018.10.25-22.48.30:052][ 10]LogModuleManager: Shutting down and abandoning module InputCore (60)
[2018.10.25-22.48.30:052][ 10]LogModuleManager: Shutting down and abandoning module Settings (58)
[2018.10.25-22.48.30:053][ 10]LogModuleManager: Shutting down and abandoning module OculusRift (56)
[2018.10.25-22.48.30:053][ 10]LogModuleManager: Shutting down and abandoning module GearVRController (54)
[2018.10.25-22.48.30:053][ 10]LogModuleManager: Shutting down and abandoning module GearVR (52)
[2018.10.25-22.48.30:053][ 10]LogModuleManager: Shutting down and abandoning module ExampleDeviceProfileSelector (50)
[2018.10.25-22.48.30:053][ 10]LogModuleManager: Shutting down and abandoning module OnlineBlueprintSupport (48)
[2018.10.25-22.48.30:053][ 10]LogModuleManager: Shutting down and abandoning module OnlineSubsystem (44)
[2018.10.25-22.48.30:053][ 10]LogOnline:Display: Unloading online subsystem: NULL
[2018.10.25-22.48.30:053][ 10]LogModuleManager: Shutting down and abandoning module XMPP (43)
[2018.10.25-22.48.30:053][ 10]LogModuleManager: Shutting down and abandoning module HTTP (41)
[2018.10.25-22.48.30:053][ 10]LogHttp:Display: Http module shutting down, but needs to wait on 1 outstanding Http requests:
[2018.10.25-22.48.30:053][ 10]LogHttp:Display: 	verb=[POST] url=[https://datarouter.ol.epicgames.com/datarouter/api/v1/public/data?SessionID=%7B55DC8CE6-4782-40BE-5F35-71BEAC37C1D3%7D&AppID=UEEditor.Rocket.Release&AppVersion=4.16.3-3561208%2B%2B%2BUE4%2BRelease-4.16&UserID=da8c84f040e48c3e895c81a6193aa06c%7C68c8af13466e46adb58a2c994ca3f825%7Cbe7b3fef-f0f9-46fb-b702-64477f726259&AppEnvironment=datacollector-binary&UploadType=eteventstream] status=Processing
[2018.10.25-22.48.30:071][ 10]LogModuleManager: Shutting down and abandoning module SSL (40)
[2018.10.25-22.48.30:073][ 10]LogModuleManager: Shutting down and abandoning module HTTPChunkInstaller (36)
[2018.10.25-22.48.30:073][ 10]LogModuleManager: Shutting down and abandoning module AnimationModifiers (34)
[2018.10.25-22.48.30:073][ 10]LogModuleManager: Shutting down and abandoning module PropertyEditor (33)
[2018.10.25-22.48.30:073][ 10]LogModuleManager: Shutting down and abandoning module AudioEditor (30)
[2018.10.25-22.48.30:073][ 10]LogModuleManager: Shutting down and abandoning module TextureCompressor (28)
[2018.10.25-22.48.30:073][ 10]LogModuleManager: Shutting down and abandoning module ShaderCore (26)
[2018.10.25-22.48.30:073][ 10]LogModuleManager: Shutting down and abandoning module Landscape (24)
[2018.10.25-22.48.30:073][ 10]LogModuleManager: Shutting down and abandoning module SlateRHIRenderer (22)
[2018.10.25-22.48.30:078][ 10]LogModuleManager: Shutting down and abandoning module OpenGLDrv (20)
[2018.10.25-22.48.30:078][ 10]LogModuleManager: Shutting down and abandoning module D3D11RHI (18)
[2018.10.25-22.48.30:078][ 10]LogModuleManager: Shutting down and abandoning module AnimGraphRuntime (16)
[2018.10.25-22.48.30:078][ 10]LogModuleManager: Shutting down and abandoning module Renderer (14)
[2018.10.25-22.48.30:078][ 10]LogModuleManager: Shutting down and abandoning module Engine (12)
[2018.10.25-22.48.30:078][ 10]LogModuleManager: Shutting down and abandoning module CoreUObject (10)
[2018.10.25-22.48.30:078][ 10]LogModuleManager: Shutting down and abandoning module NetworkFile (8)
[2018.10.25-22.48.30:078][ 10]LogModuleManager: Shutting down and abandoning module StreamingFile (6)
[2018.10.25-22.48.30:078][ 10]LogModuleManager: Shutting down and abandoning module SandboxFile (4)
[2018.10.25-22.48.30:078][ 10]LogModuleManager: Shutting down and abandoning module PakFile (2)
[2018.10.25-22.48.30:081][ 10]LogExit: Exiting.
[2018.10.25-22.48.30:105][ 10]Log file closed, 10/26/18 00:48:30
