Log file open, 11/03/18 09:36:06
LogInit:Display: Running engine for game: Proyecto2
LogPlatformFile: Not using cached read wrapper
LogInit:Display: RandInit(1057297836) SRandInit(1057297836).
LogTaskGraph: Started task graph with 5 named threads and 8 total threads with 1 sets of task threads.
LogStats: Stats thread started at 0.097902
LogInit: Using libcurl 7.47.1
LogInit:  - built for x86_64-pc-win32
LogInit:  - supports SSL with OpenSSL/1.0.2g
LogInit:  - supports HTTP deflate (compression) using libz 1.2.8
LogInit:  - other features:
LogInit:      CURL_VERSION_SSL
LogInit:      CURL_VERSION_LIBZ
LogInit:      CURL_VERSION_IPV6
LogInit:      CURL_VERSION_ASYNCHDNS
LogInit:      CURL_VERSION_LARGEFILE
LogInit:      CURL_VERSION_IDN
LogInit:  CurlRequestOptions (configurable via config and command line):
LogInit:  - bVerifyPeer = false  - Libcurl will NOT verify peer certificate
LogInit:  - bUseHttpProxy = false  - Libcurl will NOT use HTTP proxy
LogInit:  - bDontReuseConnections = false  - Libcurl will reuse connections
LogInit:  - CertBundlePath = nullptr  - Libcurl will use whatever was configured at build time.
LogInit: Build: ++UE4+Release-4.16-CL-3561208
LogInit: Engine Version: 4.16.3-3561208+++UE4+Release-4.16
LogInit: Compatible Engine Version: 4.16.0-3452394+++UE4+Release-4.16
LogInit: Net CL: 3452394
LogDevObjectVersion: Number of dev versions registered: 16
LogDevObjectVersion:   Dev-Blueprints (B0D832E4-1F89-4F0D-ACCF-7EB736FD4AA2): 9
LogDevObjectVersion:   Dev-Build (E1C64328-A22C-4D53-A36C-8E866417BD8C): 0
LogDevObjectVersion:   Dev-Core (375EC13C-06E4-48FB-B500-84F0262A717E): 2
LogDevObjectVersion:   Dev-Editor (E4B068ED-F494-42E9-A231-DA0B2E46BB41): 17
LogDevObjectVersion:   Dev-Framework (CFFC743F-43B0-4480-9391-14DF171D2073): 23
LogDevObjectVersion:   Dev-Mobile (B02B49B5-BB20-44E9-A304-32B752E40360): 0
LogDevObjectVersion:   Dev-Networking (A4E4105C-59A1-49B5-A7C5-40C4547EDFEE): 0
LogDevObjectVersion:   Dev-Online (39C831C9-5AE6-47DC-9A44-9C173E1C8E7C): 0
LogDevObjectVersion:   Dev-Physics (78F01B33-EBEA-4F98-B9B4-84EACCB95AA2): 0
LogDevObjectVersion:   Dev-Platform (6631380F-2D4D-43E0-8009-CF276956A95A): 0
LogDevObjectVersion:   Dev-Rendering (12F88B9F-8875-4AFC-A67C-D90C383ABD29): 15
LogDevObjectVersion:   Dev-Sequencer (7B5AE74C-D270-4C10-A958-57980B212A5A): 4
LogDevObjectVersion:   Dev-VR (D7296918-1DD6-4BDD-9DE2-64A83CC13884): 0
LogDevObjectVersion:   Dev-LoadTimes (C2A15278-BFE7-4AFE-6C17-90FF531DF755): 1
LogDevObjectVersion:   Private-Geometry (6EACA3D4-40EC-4CC1-B786-8BED09428FC5): 1
LogDevObjectVersion:   Dev-AnimPhys (29E575DD-E0A3-4627-9D10-D276232CDCEA): 3
LogInit: Compiled (64-bit): Jul 28 2017 11:49:47
LogInit: Compiled with Visual C++: 19.00.24215.01
LogInit: Build Configuration: Development
LogInit: Branch Name: ++UE4+Release-4.16
LogInit: Command line: 
LogInit: Base directory: D:/UE_4.16/Engine/Binaries/Win64/
LogInit: Installed Engine Build: 1
LogInit: Presizing for max 8388607 objects, including 0 objects not considered by GC, pre-allocating 0 bytes for permanent pool.
LogInit: Object subsystem initialized
[2018.11.03-08.36.06:793][  0]LogInit: Selected Device Profile: [Windows]
[2018.11.03-08.36.06:793][  0]LogInit: Applying CVar settings loaded from the selected device profile: [Windows]
[2018.11.03-08.36.06:801][  0]LogInit: Computer: DESKTOP-9PP4UUF
[2018.11.03-08.36.06:801][  0]LogInit: User: Marc
[2018.11.03-08.36.06:801][  0]LogInit: CPU Page size=4096, Cores=4
[2018.11.03-08.36.06:801][  0]LogInit: High frequency timer resolution =3.320315 MHz
[2018.11.03-08.36.06:801][  0]LogMemory: Memory total: Physical=16.0GB (16GB approx)
[2018.11.03-08.36.06:801][  0]LogMemory: Platform Memory Stats for Windows
[2018.11.03-08.36.06:801][  0]LogMemory: Process Physical Memory: 273.22 MB used, 273.22 MB peak
[2018.11.03-08.36.06:801][  0]LogMemory: Process Virtual Memory: 261.18 MB used, 261.18 MB peak
[2018.11.03-08.36.06:801][  0]LogMemory: Physical Memory: 4522.68 MB used,  11816.83 MB free, 16339.51 MB total
[2018.11.03-08.36.06:801][  0]LogMemory: Virtual Memory: 4759.83 MB used,  11816.83 MB free, 134217728.00 MB total
[2018.11.03-08.36.06:864][  0]LogInit: Using OS detected language (es-ES).
[2018.11.03-08.36.06:864][  0]LogInit: Using OS detected locale (es-ES).
[2018.11.03-08.36.06:868][  0]LogTextLocalizationManager: No specific localization for 'es-ES' exists, so the 'es' localization will be used.
[2018.11.03-08.36.07:674][  0]LogD3D11RHI: D3D11 adapters:
[2018.11.03-08.36.07:745][  0]LogD3D11RHI:    0. 'NVIDIA GeForce GTX 560 Ti' (Feature Level 11_0)
[2018.11.03-08.36.07:745][  0]LogD3D11RHI:       979/0/8169 MB DedicatedVideo/DedicatedSystem/SharedSystem, Outputs:1, VendorId:0x10de
[2018.11.03-08.36.07:750][  0]LogD3D11RHI:    1. 'Microsoft Basic Render Driver' (Feature Level 11_0)
[2018.11.03-08.36.07:750][  0]LogD3D11RHI:       0/0/8169 MB DedicatedVideo/DedicatedSystem/SharedSystem, Outputs:0, VendorId:0x1414
[2018.11.03-08.36.07:750][  0]LogD3D11RHI: Chosen D3D11 Adapter: 0
[2018.11.03-08.36.07:760][  0]LogD3D11RHI: Creating new Direct3DDevice
[2018.11.03-08.36.07:760][  0]LogD3D11RHI:     GPU DeviceId: 0x1200 (for the marketing name, search the web for "GPU Device Id")
[2018.11.03-08.36.07:760][  0]LogWindows: EnumDisplayDevices:
[2018.11.03-08.36.07:760][  0]LogWindows:    0. 'NVIDIA GeForce GTX 560 Ti' (P:1 D:1)
[2018.11.03-08.36.07:761][  0]LogWindows:    1. 'NVIDIA GeForce GTX 560 Ti' (P:0 D:0)
[2018.11.03-08.36.07:761][  0]LogWindows: DebugString: GetVideoDriverDetailsInvalid PrimaryIsNotTheChoosenAdapter GetVideoDriverDetailsInvalid PrimaryIsNotTheChoosenAdapter FoundDriverCount:0 
[2018.11.03-08.36.07:761][  0]LogD3D11RHI:     Adapter Name: NVIDIA GeForce GTX 560 Ti
[2018.11.03-08.36.07:761][  0]LogD3D11RHI:   Driver Version: Unknown (internal:Unknown, unified:Unknown)
[2018.11.03-08.36.07:761][  0]LogD3D11RHI:      Driver Date: Unknown
[2018.11.03-08.36.07:761][  0]LogRHI: Texture pool is 685 MB (70% of 979 MB)
[2018.11.03-08.36.07:806][  0]LogD3D11RHI:Display: Timestamp queries are currently disabled on this hardware due to instability. Realtime GPU stats will not be available. You can override this behaviour by setting r.NVIDIATimestampWorkaround to 0
[2018.11.03-08.36.07:806][  0]LogD3D11RHI: Async texture creation enabled
[2018.11.03-08.36.07:818][  0]LogD3D11RHI: GPU Timing Frequency: 1000.000000 (Debug: 2 1)
[2018.11.03-08.36.07:822][  0]LogShaderCompilers: Guid format shader working directory is 2 characters bigger than the processId version (C:/Users/Marc/Desktop/repositorio/Proyecto2/Intermediate/Shaders/WorkingDirectory/6076/).
[2018.11.03-08.36.07:823][  0]LogShaderCompilers: Cleaned the shader compiler working directory 'C:/Users/Marc/AppData/Local/Temp/UnrealShaderWorkingDir/EC16F1734F2F8894E8227CBF59A9CCE6/'.
[2018.11.03-08.36.07:823][  0]LogShaderCompilers:Display: Using Local Shader Compiler.
[2018.11.03-08.36.08:912][  0]LogTemp:Display: Loaded TP AllDesktopTargetPlatform
[2018.11.03-08.36.08:971][  0]LogTemp:Display: Loaded TP MacClientTargetPlatform
[2018.11.03-08.36.09:029][  0]LogTemp:Display: Loaded TP MacNoEditorTargetPlatform
[2018.11.03-08.36.09:084][  0]LogTemp:Display: Loaded TP MacServerTargetPlatform
[2018.11.03-08.36.09:140][  0]LogTemp:Display: Loaded TP MacTargetPlatform
[2018.11.03-08.36.09:196][  0]LogTemp:Display: Loaded TP WindowsClientTargetPlatform
[2018.11.03-08.36.09:252][  0]LogTemp:Display: Loaded TP WindowsNoEditorTargetPlatform
[2018.11.03-08.36.09:308][  0]LogTemp:Display: Loaded TP WindowsServerTargetPlatform
[2018.11.03-08.36.09:357][  0]LogTemp:Display: Loaded TP WindowsTargetPlatform
[2018.11.03-08.36.09:409][  0]LogTemp:Display: Loaded TP AndroidTargetPlatform
[2018.11.03-08.36.09:464][  0]LogTemp:Display: Loaded TP Android_ASTCTargetPlatform
[2018.11.03-08.36.09:517][  0]LogTemp:Display: Loaded TP Android_ATCTargetPlatform
[2018.11.03-08.36.09:572][  0]LogTemp:Display: Loaded TP Android_DXTTargetPlatform
[2018.11.03-08.36.09:627][  0]LogTemp:Display: Loaded TP Android_ETC1TargetPlatform
[2018.11.03-08.36.09:681][  0]LogTemp:Display: Loaded TP Android_ETC2TargetPlatform
[2018.11.03-08.36.09:789][  0]LogTemp:Display: Loaded TP Android_MultiTargetPlatform
[2018.11.03-08.36.09:789][  0]LogTemp:Display: Loaded TP Android_PVRTCTargetPlatform
[2018.11.03-08.36.09:832][  0]LogTemp:Display: Loaded TP HTML5TargetPlatform
[2018.11.03-08.36.09:951][  0]LogTemp:Display: Loaded TP IOSTargetPlatform
[2018.11.03-08.36.09:982][  0]LogTemp:Display: Loaded TP TVOSTargetPlatform
[2018.11.03-08.36.10:039][  0]LogTemp:Display: Loaded TP LinuxClientTargetPlatform
[2018.11.03-08.36.10:097][  0]LogTemp:Display: Loaded TP LinuxNoEditorTargetPlatform
[2018.11.03-08.36.10:153][  0]LogTemp:Display: Loaded TP LinuxServerTargetPlatform
[2018.11.03-08.36.10:213][  0]LogTemp:Display: Loaded TP LinuxTargetPlatform
[2018.11.03-08.36.10:213][  0]LogTargetPlatformManager:Display: Building Assets For Windows
[2018.11.03-08.36.10:772][  0]LogDerivedDataCache:Display: Max Cache Size: 512 MB
[2018.11.03-08.36.10:872][  0]LogDerivedDataCache: Loaded boot cache 0.10s 90MB C:/Users/Marc/AppData/Local/UnrealEngine/4.16/DerivedDataCache/Boot.ddc.
[2018.11.03-08.36.10:872][  0]LogDerivedDataCache:Display: Loaded Boot cache: C:/Users/Marc/AppData/Local/UnrealEngine/4.16/DerivedDataCache/Boot.ddc
[2018.11.03-08.36.10:872][  0]LogDerivedDataCache: FDerivedDataBackendGraph:  Pak pak cache file C:/Users/Marc/Desktop/repositorio/Proyecto2/DerivedDataCache/DDC.ddp not found, will not use a pak cache.
[2018.11.03-08.36.10:872][  0]LogDerivedDataCache: Unable to find inner node Pak for hierarchical cache Hierarchy.
[2018.11.03-08.36.10:872][  0]LogDerivedDataCache: FDerivedDataBackendGraph:  CompressedPak pak cache file C:/Users/Marc/Desktop/repositorio/Proyecto2/DerivedDataCache/Compressed.ddp not found, will not use a pak cache.
[2018.11.03-08.36.10:872][  0]LogDerivedDataCache: Unable to find inner node CompressedPak for hierarchical cache Hierarchy.
[2018.11.03-08.36.10:888][  0]LogDerivedDataCache:Display: Pak cache opened for reading ../../../Engine/DerivedDataCache/Compressed.ddp.
[2018.11.03-08.36.10:901][  0]LogDerivedDataCache: Using Local data cache path C:/Users/Marc/AppData/Local/UnrealEngine/Common/DerivedDataCache: Writable
[2018.11.03-08.36.10:912][  0]LogMaterial: Verifying Global Shaders for PCD3D_SM5
[2018.11.03-08.36.10:913][  0]LogSlate: Using Freetype 2.6.0
[2018.11.03-08.36.10:914][  0]LogSlate: SlateFontCache - WITH_FREETYPE: 1, WITH_HARFBUZZ: 1
[2018.11.03-08.36.10:914][  0]LogSlate: SlateFontCache - WITH_FREETYPE: 1, WITH_HARFBUZZ: 1
[2018.11.03-08.36.11:341][  0]LogInit: Selected Device Profile: [Windows]
[2018.11.03-08.36.11:417][  0]LogContentStreaming: Texture pool size is 0.00 MB
[2018.11.03-08.36.11:589][  0]LogMeshUtilities: Using QuadricMeshReduction for automatic static mesh reduction
[2018.11.03-08.36.11:637][  0]LogSimplygon: Simplygon DLL not present - disabling.
[2018.11.03-08.36.11:694][  0]LogMeshUtilities: Using SimplygonSwarm for distributed automatic mesh merging
[2018.11.03-08.36.11:694][  0]LogMeshUtilities: No automatic skeletal mesh reduction module available
[2018.11.03-08.36.11:694][  0]LogMeshUtilities: No automatic mesh merging module available
[2018.11.03-08.36.12:325][  0]LogNetVersion: Proyecto2 , NetCL: 3452394, EngineNetVer: 2, GameNetVer: 0 (Checksum: 2528454084)
[2018.11.03-08.36.12:399][  0]LogAssetRegistry: FAssetRegistry took 0.0285 seconds to start up
[2018.11.03-08.36.12:489][  0]LogPackageLocalizationCache: Processed 4 localized package path(s) for 2 prioritized culture(s) in 0.046821 seconds
[2018.11.03-08.36.12:495][  0]LogUObjectArray: 34194 objects as part of root set at end of initial load.
[2018.11.03-08.36.12:495][  0]LogUObjectAllocator: 7260424 out of 0 bytes used by permanent object pool.
[2018.11.03-08.36.12:495][  0]LogUObjectArray: CloseDisregardForGC: 0/0 objects in disregard for GC pool
[2018.11.03-08.36.12:592][  0]LogInit: WinSock: version 1.1 (2.2), MaxSocks=32767, MaxUdp=65467
[2018.11.03-08.36.15:416][  0]LogTcpMessaging: Initializing TcpMessaging bridge
[2018.11.03-08.36.15:470][  0]LogUdpMessaging: Initializing bridge on interface 0.0.0.0:0 to multicast group 230.0.0.1:6666.
[2018.11.03-08.36.16:123][  0]LogMaterial: Uniform references updated for custom material expression Custom.
[2018.11.03-08.36.16:577][  0]SourceControl: Información El control de código fuente está desactivado
[2018.11.03-08.36.16:630][  0]SourceControl: Información El control de código fuente está desactivado
[2018.11.03-08.36.16:686][  0]SourceControl: Información El control de código fuente está desactivado
[2018.11.03-08.36.16:751][  0]SourceControl: Información El control de código fuente está desactivado
[2018.11.03-08.36.17:547][  0]LogAndroidPermission: UAndroidPermissionCallbackProxy::GetInstance
[2018.11.03-08.36.18:251][  0]LogEngine: Initializing Engine...
[2018.11.03-08.36.18:253][  0]LogHMD: Failed to initialize OpenVR with code 110
[2018.11.03-08.36.18:498][  0]LogStats: UGameplayTagsManager::ConstructGameplayTagTree: Construct from data asset -  0.000 s
[2018.11.03-08.36.18:499][  0]LogStats: UGameplayTagsManager::ConstructGameplayTagTree: GameplayTagTreeChangedEvent.Broadcast -  0.000 s
[2018.11.03-08.36.18:633][  0]LogAIModule: Creating AISystem for world Untitled
[2018.11.03-08.36.18:651][  0]LogInit: XAudio2 using 'Altavoces (4- USB Headphone Set)' : 2 channels at 48 kHz using 16 bits per sample (channel mask 0x3)
[2018.11.03-08.36.18:670][  0]LogInit: FAudioDevice initialized.
[2018.11.03-08.36.18:722][  0]LogDerivedDataCache: Saved boot cache 0.05s 90MB C:/Users/Marc/AppData/Local/UnrealEngine/4.16/DerivedDataCache/Boot.ddc.
[2018.11.03-08.36.18:734][  0]LogInit: Texture streaming: Enabled
[2018.11.03-08.36.18:839][  0]LogEngineSessionManager: EngineSessionManager initialized
[2018.11.03-08.36.19:138][  0]LogInit: Transaction tracking system initialized
[2018.11.03-08.36.19:467][  0]BlueprintLog: New page: Cargar el editor
[2018.11.03-08.36.20:460][  0]LocalizationService: Información Localization service is disabled
[2018.11.03-08.36.21:205][  0]LogConsoleResponse:Display: 
[2018.11.03-08.36.21:387][  0]LogCook:Display: Max memory allowance for cook 16384mb min free memory 0mb
[2018.11.03-08.36.21:387][  0]LogCook:Display: Mobile HDR setting 1
[2018.11.03-08.36.22:507][  0]LogFileCache: Scanning file cache for directory 'C:/Users/Marc/Desktop/repositorio/Proyecto2/Content/' took 0.02s
[2018.11.03-08.36.22:556][  0]SourceControl: Información El control de código fuente está desactivado
[2018.11.03-08.36.22:556][  0]Cmd: MAP LOAD FILE="C:/Users/Marc/Desktop/repositorio/Proyecto2/Content/FirstPersonBP/Maps/FirstPersonExampleMap.umap" TEMPLATE=0 SHOWPROGRESS=1 FEATURELEVEL=3
[2018.11.03-08.36.22:557][  0]LightingResults: New page: Diseñar la iluminación
[2018.11.03-08.36.22:603][  0]MapCheck: New page: Revisión del mapa
[2018.11.03-08.36.22:603][  0]LightingResults: New page: Diseñar la iluminación
[2018.11.03-08.36.25:585][  0]LogAIModule: Creating AISystem for world FirstPersonExampleMap
[2018.11.03-08.36.25:940][  0]LogEditorServer: Finished looking for orphan Actors (0.000 secs)
[2018.11.03-08.36.25:978][  0]Cmd: MAP CHECKDEP NOCLEARLOG
[2018.11.03-08.36.26:086][  0]MapCheck: Información Map check complete: 0 Error(s), 0 Warning(s), took 107,931ms to complete.
[2018.11.03-08.36.26:087][  0]LogFileHelpers: Loading map 'FirstPersonExampleMap' took 3.531
[2018.11.03-08.36.26:387][  0]LogCollectionManager: Loaded 0 collections in 0.001877 seconds
[2018.11.03-08.36.26:494][  0]LogFileCache: Scanning file cache for directory 'C:/Users/Marc/Desktop/repositorio/Proyecto2/Saved/Collections/' took 0.01s
[2018.11.03-08.36.26:494][  0]LogFileCache: Scanning file cache for directory 'C:/Users/Marc/Desktop/repositorio/Proyecto2/Content/Developers/Marc/Collections/' took 0.01s
[2018.11.03-08.36.26:494][  0]LogFileCache: Scanning file cache for directory 'C:/Users/Marc/Desktop/repositorio/Proyecto2/Content/Collections/' took 0.01s
[2018.11.03-08.36.26:494][  0]LogCollectionManager: Rebuilt the GUID cache for 0 collections in 0.000002 seconds
[2018.11.03-08.36.26:504][  0]LogContentBrowser: Native class hierarchy populated in 0.0100 seconds. Added 2329 classes and 491 folders.
[2018.11.03-08.36.26:576][  0]LogContentBrowser: Native class hierarchy updated for 'WidgetCarousel' in 0.0007 seconds. Added 0 classes and 0 folders.
[2018.11.03-08.36.27:179][  0]LogContentBrowser: Native class hierarchy updated for 'AddContentDialog' in 0.0007 seconds. Added 0 classes and 0 folders.
[2018.11.03-08.36.27:237][  0]LogContentBrowser: Native class hierarchy updated for 'SceneOutliner' in 0.0007 seconds. Added 1 classes and 2 folders.
[2018.11.03-08.36.27:327][  0]LogCrashTracker: Crashtracker disabled due to settings.
[2018.11.03-08.36.27:340][  0]LogSlate: Took 0.000325 seconds to synchronously load lazily loaded font '../../../Engine/Content/Slate/Fonts/Roboto-Regular.ttf' (155K)
[2018.11.03-08.36.27:342][  0]LogSlate: Took 0.000317 seconds to synchronously load lazily loaded font '../../../Engine/Content/Slate/Fonts/Roboto-Bold.ttf' (160K)
[2018.11.03-08.36.27:357][  0]LogSlate: Took 0.008903 seconds to synchronously load lazily loaded font '../../../Engine/Content/Editor/Slate/Fonts/FontAwesome.ttf' (139K)
[2018.11.03-08.36.27:551][  0]LogRenderer: Reallocating scene render targets to support 1208x576 NumSamples 1 (Frame:1).
[2018.11.03-08.36.27:702][  0]LogSlate: Took 0.008014 seconds to synchronously load lazily loaded font '../../../Engine/Content/Slate/Fonts/Roboto-Light.ttf' (159K)
[2018.11.03-08.36.27:769][  0]LogUObjectGlobals:Warning: Error al encontrar el objeto 'Class Ninguno.'
[2018.11.03-08.36.27:846][  0]LogContentBrowser: Native class hierarchy updated for 'HierarchicalLODOutliner' in 0.0007 seconds. Added 1 classes and 2 folders.
[2018.11.03-08.36.27:846][  0]LogLoad: (Engine Initialization) Total time: 22.97 seconds
[2018.11.03-08.36.27:846][  0]LogLoad: (Engine Initialization) Total Blueprint compile time: 0.59 seconds
[2018.11.03-08.36.27:846][  0]LogExternalProfiler: No external profilers were discovered.  External profiling features will not be available.
[2018.11.03-08.36.28:186][  0]LogOcInput: OculusInput pre-init called
[2018.11.03-08.36.28:186][  0]LogHMD: Starting GearVRController plugin
[2018.11.03-08.36.28:237][  0]LogContentStreaming: Texture pool size now 1000 MB
[2018.11.03-08.36.28:521][  1]LogFileCache: Retrieving MD5 hashes for directory 'C:/Users/Marc/Desktop/repositorio/Proyecto2/Content/' took 0.32s
[2018.11.03-08.36.28:864][  2]LogAssetRegistry: Asset discovery search completed in 16.4883 seconds
[2018.11.03-08.36.28:868][  2]LogCollectionManager: Rebuilt the object cache for 0 collections in 0.000001 seconds (found 0 objects)
[2018.11.03-08.36.28:868][  2]LogCollectionManager: Fixed up redirectors for 0 collections in 0.000072 seconds (updated 0 objects)
[2018.11.03-08.36.31:210][ 23]LogSlate: Took 0.000314 seconds to synchronously load lazily loaded font '../../../Engine/Content/Slate/Fonts/Roboto-Light.ttf' (159K)
[2018.11.03-08.36.34:218][261]AssetReimport: New page: Outstanding source content changes 10:36:34
[2018.11.03-08.36.44:563][965]LogTemp: Repeting last play command: Selected Viewport
[2018.11.03-08.36.44:622][965]LogBlueprintUserMessages: Early PlayInEditor Detection: Level '/Game/FirstPersonBP/Maps/FirstPersonExampleMap.FirstPersonExampleMap:PersistentLevel' has LevelScriptBlueprint '/Game/FirstPersonBP/Maps/FirstPersonExampleMap.FirstPersonExampleMap:PersistentLevel.FirstPersonExampleMap' with GeneratedClass '/Game/FirstPersonBP/Maps/FirstPersonExampleMap.FirstPersonExampleMap_C' with ClassGeneratedBy '/Game/FirstPersonBP/Maps/FirstPersonExampleMap.FirstPersonExampleMap:PersistentLevel.FirstPersonExampleMap'
[2018.11.03-08.36.44:622][965]LogPlayLevel: PlayLevel: No blueprints needed recompiling
[2018.11.03-08.36.44:653][965]PIE: New page: Sesión PIE (reproducción en el editor): FirstPersonExampleMap (3/11/2018 10:36:44)
[2018.11.03-08.36.44:653][965]LogPlayLevel: Creating play world package: /Game/FirstPersonBP/Maps/UEDPIE_0_FirstPersonExampleMap
[2018.11.03-08.36.44:722][965]LogPlayLevel: PIE: StaticDuplicateObject took: (0.068191s)
[2018.11.03-08.36.44:722][965]LogAIModule: Creating AISystem for world FirstPersonExampleMap
[2018.11.03-08.36.44:722][965]LogPlayLevel: PIE: World Init took: (0.000810s)
[2018.11.03-08.36.44:723][965]LogPlayLevel: PIE: Created PIE world by copying editor world from /Game/FirstPersonBP/Maps/FirstPersonExampleMap.FirstPersonExampleMap to /Game/FirstPersonBP/Maps/UEDPIE_0_FirstPersonExampleMap.FirstPersonExampleMap (0.069517s)
[2018.11.03-08.36.44:749][965]LogInit: XAudio2 using 'Altavoces (4- USB Headphone Set)' : 2 channels at 48 kHz using 16 bits per sample (channel mask 0x3)
[2018.11.03-08.36.44:760][965]LogInit: FAudioDevice initialized.
[2018.11.03-08.36.44:806][965]LogLoad: Game class is 'FirstPersonGameMode_C'
[2018.11.03-08.36.44:836][965]LogWorld: Bringing World /Game/FirstPersonBP/Maps/UEDPIE_0_FirstPersonExampleMap.FirstPersonExampleMap up for play (max tick rate 0) at 2018.11.03-09.36.44
[2018.11.03-08.36.44:840][965]LogWorld: Bringing up level for play took: 0.031725
[2018.11.03-08.36.44:896][965]LogContentBrowser: Native class hierarchy updated for 'MovieSceneCapture' in 0.0008 seconds. Added 11 classes and 0 folders.
[2018.11.03-08.36.44:899][965]LogScriptCore:Warning: Script Msg: Attempted to access index 0 from array CallFunc_GetAllActorsWithTag_OutActors of length 0!
[2018.11.03-08.36.44:899][965]LogBlueprintUserMessages: [FirstPersonGameMode_C_0] Failed to casto to generador
[2018.11.03-08.36.44:901][965]PIE: Información Tiempo de inicio de la reproducción en el editor para  /Game/FirstPersonBP/Maps/UEDPIE_0_FirstPersonExampleMap -0,232
[2018.11.03-08.36.44:901][965]LogBlueprintUserMessages: Late PlayInEditor Detection: Level '/Game/FirstPersonBP/Maps/FirstPersonExampleMap.FirstPersonExampleMap:PersistentLevel' has LevelScriptBlueprint '/Game/FirstPersonBP/Maps/FirstPersonExampleMap.FirstPersonExampleMap:PersistentLevel.FirstPersonExampleMap' with GeneratedClass '/Game/FirstPersonBP/Maps/FirstPersonExampleMap.FirstPersonExampleMap_C' with ClassGeneratedBy '/Game/FirstPersonBP/Maps/FirstPersonExampleMap.FirstPersonExampleMap:PersistentLevel.FirstPersonExampleMap'
[2018.11.03-08.36.45:576][  0]LogBlueprintUserMessages: [FirstPersonGameMode_C_0] 0
[2018.11.03-08.36.46:577][ 59]LogBlueprintUserMessages: [FirstPersonGameMode_C_0] 0
[2018.11.03-08.36.47:572][133]LogBlueprintUserMessages: [FirstPersonGameMode_C_0] 0
[2018.11.03-08.36.48:572][209]LogBlueprintUserMessages: [FirstPersonGameMode_C_0] 0
[2018.11.03-08.36.49:574][287]LogBlueprintUserMessages: [FirstPersonGameMode_C_0] 0
[2018.11.03-08.36.50:568][365]LogBlueprintUserMessages: [FirstPersonGameMode_C_0] 0
[2018.11.03-08.36.51:576][441]LogBlueprintUserMessages: [FirstPersonGameMode_C_0] 0
[2018.11.03-08.36.52:568][514]LogBlueprintUserMessages: [FirstPersonGameMode_C_0] 0
[2018.11.03-08.36.53:567][587]LogBlueprintUserMessages: [FirstPersonGameMode_C_0] 0
[2018.11.03-08.36.54:570][662]LogBlueprintUserMessages: [FirstPersonGameMode_C_0] 0
[2018.11.03-08.36.55:568][744]LogBlueprintUserMessages: [FirstPersonGameMode_C_0] 0
[2018.11.03-08.36.56:577][812]LogBlueprintUserMessages: [FirstPersonGameMode_C_0] 0
[2018.11.03-08.36.57:565][886]LogBlueprintUserMessages: [FirstPersonGameMode_C_0] 0
[2018.11.03-08.36.58:567][969]LogBlueprintUserMessages: [FirstPersonGameMode_C_0] 0
[2018.11.03-08.36.59:572][ 53]LogBlueprintUserMessages: [FirstPersonGameMode_C_0] 0
[2018.11.03-08.37.00:568][137]LogBlueprintUserMessages: [FirstPersonGameMode_C_0] 0
[2018.11.03-08.37.01:568][221]LogBlueprintUserMessages: [FirstPersonGameMode_C_0] 0
[2018.11.03-08.37.02:567][305]LogBlueprintUserMessages: [FirstPersonGameMode_C_0] 0
[2018.11.03-08.37.03:570][375]LogBlueprintUserMessages: [FirstPersonGameMode_C_0] 0
[2018.11.03-08.37.04:565][448]LogBlueprintUserMessages: [FirstPersonGameMode_C_0] 0
[2018.11.03-08.37.05:568][520]LogBlueprintUserMessages: [FirstPersonGameMode_C_0] 0
[2018.11.03-08.37.06:568][586]LogBlueprintUserMessages: [FirstPersonGameMode_C_0] 0
[2018.11.03-08.37.07:578][649]LogBlueprintUserMessages: [FirstPersonGameMode_C_0] 0
[2018.11.03-08.37.08:577][716]LogBlueprintUserMessages: [FirstPersonGameMode_C_0] 0
[2018.11.03-08.37.09:569][785]LogBlueprintUserMessages: [FirstPersonGameMode_C_0] 0
[2018.11.03-08.37.10:564][852]LogBlueprintUserMessages: [FirstPersonGameMode_C_0] 0
[2018.11.03-08.37.11:575][912]LogBlueprintUserMessages: [FirstPersonGameMode_C_0] 0
[2018.11.03-08.37.12:580][979]LogBlueprintUserMessages: [FirstPersonGameMode_C_0] 0
[2018.11.03-08.37.13:575][ 52]LogBlueprintUserMessages: [FirstPersonGameMode_C_0] 0
[2018.11.03-08.37.14:568][120]LogBlueprintUserMessages: [FirstPersonGameMode_C_0] 0
[2018.11.03-08.37.15:572][193]LogBlueprintUserMessages: [FirstPersonGameMode_C_0] 0
[2018.11.03-08.37.16:574][271]LogBlueprintUserMessages: [FirstPersonGameMode_C_0] 0
[2018.11.03-08.37.17:568][348]LogBlueprintUserMessages: [FirstPersonGameMode_C_0] 0
[2018.11.03-08.37.18:574][427]LogBlueprintUserMessages: [FirstPersonGameMode_C_0] 0
[2018.11.03-08.37.19:573][504]LogBlueprintUserMessages: [FirstPersonGameMode_C_0] 0
[2018.11.03-08.37.20:567][578]LogBlueprintUserMessages: [FirstPersonGameMode_C_0] 0
[2018.11.03-08.37.21:574][647]LogBlueprintUserMessages: [FirstPersonGameMode_C_0] 0
[2018.11.03-08.37.22:579][715]LogBlueprintUserMessages: [FirstPersonGameMode_C_0] 0
[2018.11.03-08.37.23:575][781]LogBlueprintUserMessages: [FirstPersonGameMode_C_0] 0
[2018.11.03-08.37.24:571][849]LogBlueprintUserMessages: [FirstPersonGameMode_C_0] 0
[2018.11.03-08.37.25:571][920]LogBlueprintUserMessages: [FirstPersonGameMode_C_0] 0
[2018.11.03-08.37.26:572][999]LogBlueprintUserMessages: [FirstPersonGameMode_C_0] 0
[2018.11.03-08.37.27:577][ 78]LogBlueprintUserMessages: [FirstPersonGameMode_C_0] 0
[2018.11.03-08.37.28:581][123]LogBlueprintUserMessages: [FirstPersonGameMode_C_0] 0
[2018.11.03-08.37.29:580][170]LogBlueprintUserMessages: [FirstPersonGameMode_C_0] 0
[2018.11.03-08.37.30:565][238]LogBlueprintUserMessages: [FirstPersonGameMode_C_0] 0
[2018.11.03-08.37.31:577][313]LogBlueprintUserMessages: [FirstPersonGameMode_C_0] 0
[2018.11.03-08.37.32:567][388]LogBlueprintUserMessages: [FirstPersonGameMode_C_0] 0
[2018.11.03-08.37.33:567][468]LogBlueprintUserMessages: [FirstPersonGameMode_C_0] 0
[2018.11.03-08.37.34:566][544]LogBlueprintUserMessages: [FirstPersonGameMode_C_0] 0
[2018.11.03-08.37.35:570][620]LogBlueprintUserMessages: [FirstPersonGameMode_C_0] 0
[2018.11.03-08.37.36:567][688]LogBlueprintUserMessages: [FirstPersonGameMode_C_0] 0
[2018.11.03-08.37.37:565][750]LogBlueprintUserMessages: [FirstPersonGameMode_C_0] 0
[2018.11.03-08.37.38:573][816]LogBlueprintUserMessages: [FirstPersonGameMode_C_0] 0
[2018.11.03-08.37.39:571][880]LogBlueprintUserMessages: [FirstPersonGameMode_C_0] 0
[2018.11.03-08.37.40:578][948]LogBlueprintUserMessages: [FirstPersonGameMode_C_0] 0
[2018.11.03-08.37.41:564][ 14]LogBlueprintUserMessages: [FirstPersonGameMode_C_0] 0
[2018.11.03-08.37.42:570][ 91]LogBlueprintUserMessages: [FirstPersonGameMode_C_0] 0
[2018.11.03-08.37.43:568][169]LogBlueprintUserMessages: [FirstPersonGameMode_C_0] 0
[2018.11.03-08.37.44:569][244]LogBlueprintUserMessages: [FirstPersonGameMode_C_0] 0
[2018.11.03-08.37.45:569][311]LogBlueprintUserMessages: [FirstPersonGameMode_C_0] 0
[2018.11.03-08.37.46:572][379]LogBlueprintUserMessages: [FirstPersonGameMode_C_0] 0
[2018.11.03-08.37.47:574][452]LogBlueprintUserMessages: [FirstPersonGameMode_C_0] 0
[2018.11.03-08.37.48:568][508]LogBlueprintUserMessages: [FirstPersonGameMode_C_0] 0
[2018.11.03-08.37.49:581][566]LogBlueprintUserMessages: [FirstPersonGameMode_C_0] 0
[2018.11.03-08.37.50:569][624]LogBlueprintUserMessages: [FirstPersonGameMode_C_0] 0
[2018.11.03-08.37.51:575][687]LogBlueprintUserMessages: [FirstPersonGameMode_C_0] 0
[2018.11.03-08.37.52:579][750]LogBlueprintUserMessages: [FirstPersonGameMode_C_0] 0
[2018.11.03-08.37.53:568][809]LogBlueprintUserMessages: [FirstPersonGameMode_C_0] 0
[2018.11.03-08.37.54:572][869]LogBlueprintUserMessages: [FirstPersonGameMode_C_0] 0
[2018.11.03-08.37.55:574][928]LogBlueprintUserMessages: [FirstPersonGameMode_C_0] 0
[2018.11.03-08.37.56:574][987]LogBlueprintUserMessages: [FirstPersonGameMode_C_0] 0
[2018.11.03-08.37.57:575][ 44]LogBlueprintUserMessages: [FirstPersonGameMode_C_0] 0
[2018.11.03-08.37.58:573][118]LogBlueprintUserMessages: [FirstPersonGameMode_C_0] 0
[2018.11.03-08.37.59:565][187]LogBlueprintUserMessages: [FirstPersonGameMode_C_0] 0
[2018.11.03-08.38.00:580][257]LogBlueprintUserMessages: [FirstPersonGameMode_C_0] 0
[2018.11.03-08.38.01:577][327]LogBlueprintUserMessages: [FirstPersonGameMode_C_0] 0
[2018.11.03-08.38.02:573][397]LogBlueprintUserMessages: [FirstPersonGameMode_C_0] 0
[2018.11.03-08.38.03:565][458]LogBlueprintUserMessages: [FirstPersonGameMode_C_0] 0
[2018.11.03-08.38.04:580][521]LogBlueprintUserMessages: [FirstPersonGameMode_C_0] 0
[2018.11.03-08.38.05:577][587]LogBlueprintUserMessages: [FirstPersonGameMode_C_0] 0
[2018.11.03-08.38.06:574][657]LogBlueprintUserMessages: [FirstPersonGameMode_C_0] 0
[2018.11.03-08.38.07:567][729]LogBlueprintUserMessages: [FirstPersonGameMode_C_0] 0
[2018.11.03-08.38.08:580][802]LogBlueprintUserMessages: [FirstPersonGameMode_C_0] 0
[2018.11.03-08.38.09:573][874]LogBlueprintUserMessages: [FirstPersonGameMode_C_0] 0
[2018.11.03-08.38.10:567][945]LogBlueprintUserMessages: [FirstPersonGameMode_C_0] 0
[2018.11.03-08.38.11:565][ 17]LogBlueprintUserMessages: [FirstPersonGameMode_C_0] 0
[2018.11.03-08.38.12:565][ 89]LogBlueprintUserMessages: [FirstPersonGameMode_C_0] 0
[2018.11.03-08.38.13:569][166]LogBlueprintUserMessages: [FirstPersonGameMode_C_0] 0
[2018.11.03-08.38.14:569][236]LogBlueprintUserMessages: [FirstPersonGameMode_C_0] 0
[2018.11.03-08.38.15:837][293]LogBlueprintUserMessages: [FirstPersonGameMode_C_0] 0
[2018.11.03-08.38.16:574][331]LogBlueprintUserMessages: [FirstPersonGameMode_C_0] 0
[2018.11.03-08.38.17:581][387]LogBlueprintUserMessages: [FirstPersonGameMode_C_0] 0
[2018.11.03-08.38.18:575][440]LogBlueprintUserMessages: [FirstPersonGameMode_C_0] 0
[2018.11.03-08.38.19:576][504]LogBlueprintUserMessages: [FirstPersonGameMode_C_0] 0
[2018.11.03-08.38.20:572][559]LogBlueprintUserMessages: [FirstPersonGameMode_C_0] 0
[2018.11.03-08.38.21:577][620]LogBlueprintUserMessages: [FirstPersonGameMode_C_0] 0
[2018.11.03-08.38.22:584][680]LogBlueprintUserMessages: [FirstPersonGameMode_C_0] 0
[2018.11.03-08.38.23:579][731]LogBlueprintUserMessages: [FirstPersonGameMode_C_0] 0
[2018.11.03-08.38.24:565][782]LogBlueprintUserMessages: [FirstPersonGameMode_C_0] 0
[2018.11.03-08.38.25:579][836]LogBlueprintUserMessages: [FirstPersonGameMode_C_0] 0
[2018.11.03-08.38.26:566][892]LogBlueprintUserMessages: [FirstPersonGameMode_C_0] 0
[2018.11.03-08.38.27:574][956]LogBlueprintUserMessages: [FirstPersonGameMode_C_0] 0
[2018.11.03-08.38.28:575][ 21]LogBlueprintUserMessages: [FirstPersonGameMode_C_0] 0
[2018.11.03-08.38.29:569][ 97]LogBlueprintUserMessages: [FirstPersonGameMode_C_0] 0
[2018.11.03-08.38.30:565][173]LogBlueprintUserMessages: [FirstPersonGameMode_C_0] 0
[2018.11.03-08.38.31:576][249]LogBlueprintUserMessages: [FirstPersonGameMode_C_0] 0
[2018.11.03-08.38.32:572][310]LogBlueprintUserMessages: [FirstPersonGameMode_C_0] 0
[2018.11.03-08.38.33:568][377]LogBlueprintUserMessages: [FirstPersonGameMode_C_0] 0
[2018.11.03-08.38.34:577][444]LogBlueprintUserMessages: [FirstPersonGameMode_C_0] 0
[2018.11.03-08.38.35:566][515]LogBlueprintUserMessages: [FirstPersonGameMode_C_0] 0
[2018.11.03-08.38.36:574][592]LogBlueprintUserMessages: [FirstPersonGameMode_C_0] 0
[2018.11.03-08.38.36:733][605]LogBlueprintUserMessages: Early EndPlayMap Detection: Level '/Game/FirstPersonBP/Maps/FirstPersonExampleMap.FirstPersonExampleMap:PersistentLevel' has LevelScriptBlueprint '/Game/FirstPersonBP/Maps/FirstPersonExampleMap.FirstPersonExampleMap:PersistentLevel.FirstPersonExampleMap' with GeneratedClass '/Game/FirstPersonBP/Maps/FirstPersonExampleMap.FirstPersonExampleMap_C' with ClassGeneratedBy '/Game/FirstPersonBP/Maps/FirstPersonExampleMap.FirstPersonExampleMap:PersistentLevel.FirstPersonExampleMap'
[2018.11.03-08.38.36:784][605]LogBlueprintUserMessages: Late EndPlayMap Detection: Level '/Game/FirstPersonBP/Maps/FirstPersonExampleMap.FirstPersonExampleMap:PersistentLevel' has LevelScriptBlueprint '/Game/FirstPersonBP/Maps/FirstPersonExampleMap.FirstPersonExampleMap:PersistentLevel.FirstPersonExampleMap' with GeneratedClass '/Game/FirstPersonBP/Maps/FirstPersonExampleMap.FirstPersonExampleMap_C' with ClassGeneratedBy '/Game/FirstPersonBP/Maps/FirstPersonExampleMap.FirstPersonExampleMap:PersistentLevel.FirstPersonExampleMap'
[2018.11.03-08.38.39:098][780]LogWindowsTextInputMethodSystem:Display: IME system now deactivated.
[2018.11.03-08.38.39:262][781]Cmd: QUIT_EDITOR
[2018.11.03-08.38.39:417][781]LogExit: Preparing to exit.
[2018.11.03-08.38.39:734][781]LogExit: Editor shut down
[2018.11.03-08.38.39:736][781]LogExit: Transaction tracking system shut down
[2018.11.03-08.38.39:833][781]LogObj: Freed 0b from 0 cluster array pools.
[2018.11.03-08.38.39:833][781]LogExit: Object subsystem successfully closed.
[2018.11.03-08.38.39:861][781]LogD3D11RHI: Shutdown
[2018.11.03-08.38.39:861][781]LogD3D11RHI: CleanupD3DDevice
[2018.11.03-08.38.39:972][781]LogD3D11RHI: ~FD3D11DynamicRHI
[2018.11.03-08.38.39:983][781]LogModuleManager: Shutting down and abandoning module MovieSceneCapture (526)
[2018.11.03-08.38.39:983][781]LogModuleManager: Shutting down and abandoning module HierarchicalLODOutliner (524)
[2018.11.03-08.38.39:983][781]LogModuleManager: Shutting down and abandoning module CrashTracker (522)
[2018.11.03-08.38.39:983][781]LogModuleManager: Shutting down and abandoning module SceneOutliner (520)
[2018.11.03-08.38.39:983][781]LogModuleManager: Shutting down and abandoning module AddContentDialog (518)
[2018.11.03-08.38.39:983][781]LogDirectoryWatcher: A directory notification for 'D:/UE_4.16/FeaturePacks/' was aborted.
[2018.11.03-08.38.39:983][781]LogModuleManager: Shutting down and abandoning module WidgetCarousel (517)
[2018.11.03-08.38.39:984][781]LogModuleManager: Shutting down and abandoning module EditorWidgets (514)
[2018.11.03-08.38.39:984][781]LogModuleManager: Shutting down and abandoning module CollectionManager (512)
[2018.11.03-08.38.39:984][781]LogDirectoryWatcher: A directory notification for 'C:/Users/Marc/Desktop/repositorio/Proyecto2/Content/Collections/' was aborted.
[2018.11.03-08.38.39:984][781]LogDirectoryWatcher: A directory notification for 'C:/Users/Marc/Desktop/repositorio/Proyecto2/Content/Developers/Marc/Collections/' was aborted.
[2018.11.03-08.38.39:984][781]LogDirectoryWatcher: A directory notification for 'C:/Users/Marc/Desktop/repositorio/Proyecto2/Saved/Collections/' was aborted.
[2018.11.03-08.38.39:984][781]LogModuleManager: Shutting down and abandoning module StatsViewer (510)
[2018.11.03-08.38.39:984][781]LogModuleManager: Shutting down and abandoning module FoliageEdit (508)
[2018.11.03-08.38.39:984][781]LogModuleManager: Shutting down and abandoning module LandscapeEditor (506)
[2018.11.03-08.38.39:984][781]LogModuleManager: Shutting down and abandoning module MeshPaintMode (504)
[2018.11.03-08.38.39:984][781]LogModuleManager: Shutting down and abandoning module SceneDepthPickerMode (502)
[2018.11.03-08.38.39:984][781]LogModuleManager: Shutting down and abandoning module ActorPickerMode (500)
[2018.11.03-08.38.39:984][781]LogModuleManager: Shutting down and abandoning module GeometryMode (498)
[2018.11.03-08.38.39:984][781]LogModuleManager: Shutting down and abandoning module TextureAlignMode (496)
[2018.11.03-08.38.39:984][781]LogModuleManager: Shutting down and abandoning module BspMode (494)
[2018.11.03-08.38.39:984][781]LogModuleManager: Shutting down and abandoning module HardwareSurvey (492)
[2018.11.03-08.38.39:984][781]LogModuleManager: Shutting down and abandoning module SequenceRecorderSections (490)
[2018.11.03-08.38.39:984][781]LogModuleManager: Shutting down and abandoning module AutomationWorker (488)
[2018.11.03-08.38.39:984][781]LogModuleManager: Shutting down and abandoning module MatineeToLevelSequence (486)
[2018.11.03-08.38.39:984][781]LogModuleManager: Shutting down and abandoning module LevelSequenceEditor (484)
[2018.11.03-08.38.39:984][781]LogModuleManager: Shutting down and abandoning module PlacementMode (483)
[2018.11.03-08.38.39:984][781]LogModuleManager: Shutting down and abandoning module WmfMediaFactory (480)
[2018.11.03-08.38.39:984][781]LogModuleManager: Shutting down and abandoning module WmfMediaEditor (478)
[2018.11.03-08.38.39:984][781]LogModuleManager: Shutting down and abandoning module AvfMediaFactory (476)
[2018.11.03-08.38.39:984][781]LogModuleManager: Shutting down and abandoning module AvfMediaEditor (474)
[2018.11.03-08.38.39:984][781]LogModuleManager: Shutting down and abandoning module AndroidMediaFactory (472)
[2018.11.03-08.38.39:984][781]LogModuleManager: Shutting down and abandoning module Media (471)
[2018.11.03-08.38.39:984][781]LogModuleManager: Shutting down and abandoning module AndroidMediaEditor (468)
[2018.11.03-08.38.39:984][781]LogModuleManager: Shutting down and abandoning module CharacterAI (466)
[2018.11.03-08.38.39:984][781]LogModuleManager: Shutting down and abandoning module AudioCapture (464)
[2018.11.03-08.38.39:984][781]LogModuleManager: Shutting down and abandoning module SequenceRecorder (463)
[2018.11.03-08.38.39:984][781]LogModuleManager: Shutting down and abandoning module SmartSnapping (460)
[2018.11.03-08.38.39:984][781]LogModuleManager: Shutting down and abandoning module SessionServices (458)
[2018.11.03-08.38.39:984][781]LogModuleManager: Shutting down and abandoning module ViewportSnapping (456)
[2018.11.03-08.38.39:984][781]LogModuleManager: Shutting down and abandoning module ViewportInteraction (454)
[2018.11.03-08.38.39:984][781]LogModuleManager: Shutting down and abandoning module ClothPainter (452)
[2018.11.03-08.38.39:984][781]LogModuleManager: Shutting down and abandoning module LogVisualizer (450)
[2018.11.03-08.38.39:984][781]LogModuleManager: Shutting down and abandoning module IntroTutorials (448)
[2018.11.03-08.38.39:984][781]LogModuleManager: Shutting down and abandoning module GameProjectGeneration (447)
[2018.11.03-08.38.39:984][781]LogModuleManager: Shutting down and abandoning module EditorLiveStreaming (444)
[2018.11.03-08.38.39:984][781]LogModuleManager: Shutting down and abandoning module IOSPlatformEditor (442)
[2018.11.03-08.38.39:985][781]LogModuleManager: Shutting down and abandoning module HTML5PlatformEditor (440)
[2018.11.03-08.38.39:985][781]LogModuleManager: Shutting down and abandoning module AndroidPlatformEditor (438)
[2018.11.03-08.38.39:985][781]LogModuleManager: Shutting down and abandoning module AndroidDeviceDetection (437)
[2018.11.03-08.38.40:897][781]LogModuleManager: Shutting down and abandoning module IOSRuntimeSettings (434)
[2018.11.03-08.38.40:897][781]LogModuleManager: Shutting down and abandoning module AndroidRuntimeSettings (432)
[2018.11.03-08.38.40:897][781]LogModuleManager: Shutting down and abandoning module InputBindingEditor (430)
[2018.11.03-08.38.40:897][781]LogModuleManager: Shutting down and abandoning module MergeActors (428)
[2018.11.03-08.38.40:897][781]LogModuleManager: Shutting down and abandoning module SizeMap (426)
[2018.11.03-08.38.40:897][781]LogModuleManager: Shutting down and abandoning module TreeMap (424)
[2018.11.03-08.38.40:897][781]LogModuleManager: Shutting down and abandoning module ReferenceViewer (422)
[2018.11.03-08.38.40:897][781]LogModuleManager: Shutting down and abandoning module LocalizationDashboard (420)
[2018.11.03-08.38.40:897][781]LogModuleManager: Shutting down and abandoning module LocalizationService (419)
[2018.11.03-08.38.40:897][781]LogModuleManager: Shutting down and abandoning module HardwareTargeting (416)
[2018.11.03-08.38.40:897][781]LogModuleManager: Shutting down and abandoning module DeviceProfileEditor (414)
[2018.11.03-08.38.40:897][781]LogModuleManager: Shutting down and abandoning module UndoHistory (412)
[2018.11.03-08.38.40:897][781]LogModuleManager: Shutting down and abandoning module UserFeedback (410)
[2018.11.03-08.38.40:897][781]LogModuleManager: Shutting down and abandoning module XmlParser (408)
[2018.11.03-08.38.40:897][781]LogModuleManager: Shutting down and abandoning module Blutility (406)
[2018.11.03-08.38.40:897][781]LogModuleManager: Shutting down and abandoning module ProjectSettingsViewer (404)
[2018.11.03-08.38.40:898][781]LogModuleManager: Shutting down and abandoning module ProjectTargetPlatformEditor (403)
[2018.11.03-08.38.40:898][781]LogModuleManager: Shutting down and abandoning module EditorSettingsViewer (400)
[2018.11.03-08.38.40:898][781]LogModuleManager: Shutting down and abandoning module SettingsEditor (398)
[2018.11.03-08.38.40:898][781]LogModuleManager: Shutting down and abandoning module ProjectLauncher (396)
[2018.11.03-08.38.40:898][781]LogModuleManager: Shutting down and abandoning module SessionFrontend (394)
[2018.11.03-08.38.40:898][781]LogModuleManager: Shutting down and abandoning module ProfilerClient (392)
[2018.11.03-08.38.40:898][781]LogModuleManager: Shutting down and abandoning module DeviceManager (390)
[2018.11.03-08.38.40:898][781]LogModuleManager: Shutting down and abandoning module TargetDeviceServices (389)
[2018.11.03-08.38.40:953][781]LogModuleManager: Shutting down and abandoning module AutomationController (386)
[2018.11.03-08.38.40:953][781]LogModuleManager: Shutting down and abandoning module AutomationWindow (384)
[2018.11.03-08.38.40:953][781]LogModuleManager: Shutting down and abandoning module Layers (382)
[2018.11.03-08.38.40:953][781]LogModuleManager: Shutting down and abandoning module ComponentVisualizers (380)
[2018.11.03-08.38.40:953][781]LogModuleManager: Shutting down and abandoning module DetailCustomizations (378)
[2018.11.03-08.38.40:953][781]LogModuleManager: Shutting down and abandoning module PackagesDialog (376)
[2018.11.03-08.38.40:953][781]LogModuleManager: Shutting down and abandoning module Persona (374)
[2018.11.03-08.38.40:953][781]LogModuleManager: Shutting down and abandoning module AdvancedPreviewScene (373)
[2018.11.03-08.38.40:953][781]LogModuleManager: Shutting down and abandoning module AnimGraph (371)
[2018.11.03-08.38.40:953][781]LogModuleManager: Shutting down and abandoning module Kismet (368)
[2018.11.03-08.38.40:955][781]LogModuleManager: Shutting down and abandoning module ClassViewer (366)
[2018.11.03-08.38.40:955][781]LogModuleManager: Shutting down and abandoning module Toolbox (364)
[2018.11.03-08.38.40:955][781]LogModuleManager: Shutting down and abandoning module ModuleUI (362)
[2018.11.03-08.38.40:955][781]LogModuleManager: Shutting down and abandoning module MovieSceneTools (360)
[2018.11.03-08.38.40:955][781]LogModuleManager: Shutting down and abandoning module OutputLog (358)
[2018.11.03-08.38.40:955][781]LogModuleManager: Shutting down and abandoning module GammaUI (356)
[2018.11.03-08.38.40:955][781]LogModuleManager: Shutting down and abandoning module Documentation (354)
[2018.11.03-08.38.40:955][781]LogModuleManager: Shutting down and abandoning module MovieSceneTracks (352)
[2018.11.03-08.38.40:955][781]LogModuleManager: Shutting down and abandoning module MovieScene (350)
[2018.11.03-08.38.40:955][781]LogModuleManager: Shutting down and abandoning module Niagara (348)
[2018.11.03-08.38.40:955][781]LogModuleManager: Shutting down and abandoning module NiagaraEditor (347)
[2018.11.03-08.38.40:955][781]LogModuleManager: Shutting down and abandoning module StreamingPauseRendering (344)
[2018.11.03-08.38.40:955][781]LogModuleManager: Shutting down and abandoning module AnalyticsET (342)
[2018.11.03-08.38.40:955][781]LogModuleManager: Shutting down and abandoning module PortalServices (340)
[2018.11.03-08.38.40:955][781]LogModuleManager: Shutting down and abandoning module PortalRpc (338)
[2018.11.03-08.38.40:955][781]LogModuleManager: Shutting down and abandoning module MessagingRpc (336)
[2018.11.03-08.38.40:955][781]LogModuleManager: Shutting down and abandoning module AIModule (334)
[2018.11.03-08.38.40:955][781]LogModuleManager: Shutting down and abandoning module GameplayDebugger (333)
[2018.11.03-08.38.40:955][781]LogModuleManager: Shutting down and abandoning module AITestSuite (331)
[2018.11.03-08.38.40:955][781]LogModuleManager: Shutting down and abandoning module ProfilerService (328)
[2018.11.03-08.38.41:008][781]LogModuleManager: Shutting down and abandoning module TaskGraph (326)
[2018.11.03-08.38.41:008][781]LogModuleManager: Shutting down and abandoning module SteamVRController (324)
[2018.11.03-08.38.41:008][781]LogModuleManager: Shutting down and abandoning module SteamVR (322)
[2018.11.03-08.38.41:008][781]LogModuleManager: Shutting down and abandoning module ProceduralMeshComponentEditor (320)
[2018.11.03-08.38.41:008][781]LogModuleManager: Shutting down and abandoning module ProceduralMeshComponent (318)
[2018.11.03-08.38.41:008][781]LogModuleManager: Shutting down and abandoning module OculusLibrary (316)
[2018.11.03-08.38.41:008][781]LogModuleManager: Shutting down and abandoning module OculusInput (314)
[2018.11.03-08.38.41:008][781]LogModuleManager: Shutting down and abandoning module MobilePatchingUtils (312)
[2018.11.03-08.38.41:008][781]LogModuleManager: Shutting down and abandoning module CustomMeshComponent (310)
[2018.11.03-08.38.41:008][781]LogModuleManager: Shutting down and abandoning module CableComponent (308)
[2018.11.03-08.38.41:008][781]LogModuleManager: Shutting down and abandoning module ArchVisCharacter (306)
[2018.11.03-08.38.41:008][781]LogModuleManager: Shutting down and abandoning module AndroidPermission (304)
[2018.11.03-08.38.41:008][781]LogModuleManager: Shutting down and abandoning module MediaPlayerEditor (300)
[2018.11.03-08.38.41:008][781]LogModuleManager: Shutting down and abandoning module HTML5Networking (298)
[2018.11.03-08.38.41:008][781]LogModuleManager: Shutting down and abandoning module AlembicImporter (296)
[2018.11.03-08.38.41:008][781]LogModuleManager: Shutting down and abandoning module AlembicLibrary (295)
[2018.11.03-08.38.41:008][781]LogModuleManager: Shutting down and abandoning module GeometryCache (294)
[2018.11.03-08.38.41:008][781]LogModuleManager: Shutting down and abandoning module GeometryCacheEd (293)
[2018.11.03-08.38.41:008][781]LogModuleManager: Shutting down and abandoning module SuperSearchEditor (288)
[2018.11.03-08.38.41:008][781]LogModuleManager: Shutting down and abandoning module SuperSearch (287)
[2018.11.03-08.38.41:008][781]LogModuleManager: Shutting down and abandoning module SpeedTreeImporter (284)
[2018.11.03-08.38.41:008][781]LogModuleManager: Shutting down and abandoning module PluginBrowser (282)
[2018.11.03-08.38.41:008][781]LogModuleManager: Shutting down and abandoning module MobileLauncherProfileWizard (280)
[2018.11.03-08.38.41:009][781]LogModuleManager: Shutting down and abandoning module VisualStudioSourceCodeAccess (278)
[2018.11.03-08.38.41:009][781]LogModuleManager: Shutting down and abandoning module DesktopPlatform (277)
[2018.11.03-08.38.41:009][781]LogModuleManager: Shutting down and abandoning module UObjectPlugin (274)
[2018.11.03-08.38.41:009][781]LogModuleManager: Shutting down and abandoning module SubversionSourceControl (272)
[2018.11.03-08.38.41:009][781]LogModuleManager: Shutting down and abandoning module PerforceSourceControl (270)
[2018.11.03-08.38.41:009][781]LogModuleManager: Shutting down and abandoning module GitSourceControl (268)
[2018.11.03-08.38.41:009][781]LogModuleManager: Shutting down and abandoning module SourceControl (267)
[2018.11.03-08.38.41:009][781]LogModuleManager: Shutting down and abandoning module LightPropagationVolumeEditor (264)
[2018.11.03-08.38.41:009][781]LogModuleManager: Shutting down and abandoning module PaperTiledImporter (262)
[2018.11.03-08.38.41:009][781]LogModuleManager: Shutting down and abandoning module PaperSpriteSheetImporter (260)
[2018.11.03-08.38.41:009][781]LogModuleManager: Shutting down and abandoning module Paper2DEditor (258)
[2018.11.03-08.38.41:009][781]LogModuleManager: Shutting down and abandoning module MeshPaint (257)
[2018.11.03-08.38.41:009][781]LogModuleManager: Shutting down and abandoning module LevelEditor (255)
[2018.11.03-08.38.41:009][781]LogModuleManager: Shutting down and abandoning module PixelInspectorModule (254)
[2018.11.03-08.38.41:009][781]LogModuleManager: Shutting down and abandoning module MainFrame (252)
[2018.11.03-08.38.41:009][781]LogModuleManager: Shutting down and abandoning module HotReload (251)
[2018.11.03-08.38.41:010][781]LogModuleManager: Shutting down and abandoning module PhysXVehiclesEditor (246)
[2018.11.03-08.38.41:010][781]LogModuleManager: Shutting down and abandoning module PhysXVehicles (244)
[2018.11.03-08.38.41:010][781]LogModuleManager: Shutting down and abandoning module LocationServicesBPLibrary (242)
[2018.11.03-08.38.41:010][781]LogModuleManager: Shutting down and abandoning module ImmediatePhysicsEditor (240)
[2018.11.03-08.38.41:010][781]LogModuleManager: Shutting down and abandoning module ImmediatePhysics (238)
[2018.11.03-08.38.41:010][781]LogModuleManager: Shutting down and abandoning module UdpMessaging (236)
[2018.11.03-08.38.41:111][781]LogModuleManager: Shutting down and abandoning module TcpMessaging (234)
[2018.11.03-08.38.41:211][781]LogModuleManager: Shutting down and abandoning module GameplayTagsEditor (232)
[2018.11.03-08.38.41:211][781]LogModuleManager: Shutting down and abandoning module FacialAnimationEditor (230)
[2018.11.03-08.38.41:211][781]LogModuleManager: Shutting down and abandoning module FacialAnimation (228)
[2018.11.03-08.38.41:211][781]LogModuleManager: Shutting down and abandoning module AssetManagerEditor (226)
[2018.11.03-08.38.41:211][781]LogModuleManager: Shutting down and abandoning module GraphEditor (225)
[2018.11.03-08.38.41:211][781]LogModuleManager: Shutting down and abandoning module ContentBrowser (223)
[2018.11.03-08.38.41:212][781]LogModuleManager: Shutting down and abandoning module LightPropagationVolumeRuntime (220)
[2018.11.03-08.38.41:212][781]LogModuleManager: Shutting down and abandoning module Paper2D (218)
[2018.11.03-08.38.41:212][781]LogModuleManager: Shutting down and abandoning module WindowsMoviePlayer (216)
[2018.11.03-08.38.41:212][781]LogModuleManager: Shutting down and abandoning module WmfMedia (214)
[2018.11.03-08.38.41:214][781]LogModuleManager: Shutting down and abandoning module ClothingSystemEditor (212)
[2018.11.03-08.38.41:214][781]LogModuleManager: Shutting down and abandoning module ClothingSystemRuntime (210)
[2018.11.03-08.38.41:214][781]LogModuleManager: Shutting down and abandoning module MediaAssets (208)
[2018.11.03-08.38.41:214][781]LogModuleManager: Shutting down and abandoning module GameLiveStreaming (206)
[2018.11.03-08.38.41:214][781]LogModuleManager: Shutting down and abandoning module VREditor (204)
[2018.11.03-08.38.41:214][781]LogModuleManager: Shutting down and abandoning module StringTableEditor (202)
[2018.11.03-08.38.41:214][781]LogModuleManager: Shutting down and abandoning module GameplayTasksEditor (200)
[2018.11.03-08.38.41:214][781]LogModuleManager: Shutting down and abandoning module BehaviorTreeEditor (198)
[2018.11.03-08.38.41:214][781]LogModuleManager: Shutting down and abandoning module FunctionalTesting (196)
[2018.11.03-08.38.41:214][781]LogModuleManager: Shutting down and abandoning module CollisionAnalyzer (194)
[2018.11.03-08.38.41:214][781]LogModuleManager: Shutting down and abandoning module UMG (192)
[2018.11.03-08.38.41:214][781]LogModuleManager: Shutting down and abandoning module UMGEditor (191)
[2018.11.03-08.38.41:214][781]LogModuleManager: Shutting down and abandoning module Sequencer (190)
[2018.11.03-08.38.41:214][781]LogModuleManager: Shutting down and abandoning module AssetTools (188)
[2018.11.03-08.38.41:214][781]LogModuleManager: Shutting down and abandoning module MessageLog (187)
[2018.11.03-08.38.41:214][781]LogModuleManager: Shutting down and abandoning module WorkspaceMenuStructure (186)
[2018.11.03-08.38.41:214][781]LogModuleManager: Shutting down and abandoning module SlateReflector (180)
[2018.11.03-08.38.41:214][781]LogModuleManager: Shutting down and abandoning module Slate (178)
[2018.11.03-08.38.41:214][781]LogModuleManager: Shutting down and abandoning module EditorStyle (176)
[2018.11.03-08.38.41:216][781]LogModuleManager: Shutting down and abandoning module SourceCodeAccess (174)
[2018.11.03-08.38.41:216][781]LogModuleManager: Shutting down and abandoning module HeadMountedDisplay (172)
[2018.11.03-08.38.41:216][781]LogModuleManager: Shutting down and abandoning module XAudio2 (170)
[2018.11.03-08.38.41:216][781]LogModuleManager: Shutting down and abandoning module Networking (168)
[2018.11.03-08.38.41:216][781]LogModuleManager: Shutting down and abandoning module Core (164)
[2018.11.03-08.38.41:216][781]LogModuleManager: Shutting down and abandoning module AssetRegistry (162)
[2018.11.03-08.38.41:340][781]LogDirectoryWatcher: A directory notification for '../../../Engine/Content/' was aborted.
[2018.11.03-08.38.41:340][781]LogDirectoryWatcher: A directory notification for 'C:/Users/Marc/Desktop/repositorio/Proyecto2/Content/' was aborted.
[2018.11.03-08.38.41:340][781]LogDirectoryWatcher: A directory notification for '../../../Engine/Plugins/2D/Paper2D/Content/' was aborted.
[2018.11.03-08.38.41:340][781]LogDirectoryWatcher: A directory notification for '../../../Engine/Plugins/Runtime/GearVR/Content/' was aborted.
[2018.11.03-08.38.41:342][781]LogModuleManager: Shutting down and abandoning module DirectoryWatcher (161)
[2018.11.03-08.38.41:343][781]LogModuleManager: Shutting down and abandoning module KismetCompiler (158)
[2018.11.03-08.38.41:343][781]LogModuleManager: Shutting down and abandoning module LevelSequence (156)
[2018.11.03-08.38.41:343][781]LogModuleManager: Shutting down and abandoning module PhysXFormats (154)
[2018.11.03-08.38.41:343][781]LogModuleManager: Shutting down and abandoning module MeshUtilities (152)
[2018.11.03-08.38.41:343][781]LogModuleManager: Shutting down and abandoning module SimplygonSwarm (151)
[2018.11.03-08.38.41:343][781]LogModuleManager: Shutting down and abandoning module SimplygonMeshReduction (149)
[2018.11.03-08.38.41:343][781]LogModuleManager: Shutting down and abandoning module QuadricMeshReduction (147)
[2018.11.03-08.38.41:343][781]LogModuleManager: Shutting down and abandoning module DerivedDataCache (144)
[2018.11.03-08.38.41:435][781]LogDerivedDataCache: Shutdown
[2018.11.03-08.38.41:435][781]LogModuleManager: Shutting down and abandoning module TargetPlatform (142)
[2018.11.03-08.38.41:435][781]LogModuleManager: Shutting down and abandoning module VulkanShaderFormat (141)
[2018.11.03-08.38.41:435][781]LogModuleManager: Shutting down and abandoning module ShaderFormatVectorVM (139)
[2018.11.03-08.38.41:435][781]LogModuleManager: Shutting down and abandoning module ShaderFormatOpenGL (137)
[2018.11.03-08.38.41:435][781]LogModuleManager: Shutting down and abandoning module ShaderFormatD3D (135)
[2018.11.03-08.38.41:435][781]LogModuleManager: Shutting down and abandoning module MetalShaderFormat (133)
[2018.11.03-08.38.41:435][781]LogModuleManager: Shutting down and abandoning module TextureFormatUncompressed (131)
[2018.11.03-08.38.41:435][781]LogModuleManager: Shutting down and abandoning module TextureFormatPVR (129)
[2018.11.03-08.38.41:435][781]LogModuleManager: Shutting down and abandoning module TextureFormatDXT (127)
[2018.11.03-08.38.41:435][781]LogModuleManager: Shutting down and abandoning module TextureFormatIntelISPCTexComp (125)
[2018.11.03-08.38.41:435][781]LogModuleManager: Shutting down and abandoning module TextureFormatASTC (123)
[2018.11.03-08.38.41:435][781]LogModuleManager: Shutting down and abandoning module ImageWrapper (122)
[2018.11.03-08.38.41:435][781]LogModuleManager: Shutting down and abandoning module TextureFormatAndroid (119)
[2018.11.03-08.38.41:435][781]LogModuleManager: Shutting down and abandoning module AudioFormatOpus (117)
[2018.11.03-08.38.41:435][781]LogModuleManager: Shutting down and abandoning module AudioFormatOgg (115)
[2018.11.03-08.38.41:435][781]LogModuleManager: Shutting down and abandoning module AudioFormatADPCM (113)
[2018.11.03-08.38.41:435][781]LogModuleManager: Shutting down and abandoning module LinuxTargetPlatform (111)
[2018.11.03-08.38.41:435][781]LogModuleManager: Shutting down and abandoning module LinuxServerTargetPlatform (109)
[2018.11.03-08.38.41:435][781]LogModuleManager: Shutting down and abandoning module LinuxNoEditorTargetPlatform (107)
[2018.11.03-08.38.41:435][781]LogModuleManager: Shutting down and abandoning module LinuxClientTargetPlatform (105)
[2018.11.03-08.38.41:435][781]LogModuleManager: Shutting down and abandoning module TVOSTargetPlatform (103)
[2018.11.03-08.38.41:435][781]LogModuleManager: Shutting down and abandoning module Messaging (101)
[2018.11.03-08.38.41:435][781]LogModuleManager: Shutting down and abandoning module IOSTargetPlatform (99)
[2018.11.03-08.38.41:435][781]LogModuleManager: Shutting down and abandoning module HTML5TargetPlatform (97)
[2018.11.03-08.38.41:435][781]LogModuleManager: Shutting down and abandoning module Android_PVRTCTargetPlatform (95)
[2018.11.03-08.38.41:435][781]LogModuleManager: Shutting down and abandoning module Android_MultiTargetPlatform (93)
[2018.11.03-08.38.41:435][781]LogModuleManager: Shutting down and abandoning module Android_ETC2TargetPlatform (91)
[2018.11.03-08.38.41:435][781]LogModuleManager: Shutting down and abandoning module Android_ETC1TargetPlatform (89)
[2018.11.03-08.38.41:435][781]LogModuleManager: Shutting down and abandoning module Android_DXTTargetPlatform (87)
[2018.11.03-08.38.41:435][781]LogModuleManager: Shutting down and abandoning module Android_ATCTargetPlatform (85)
[2018.11.03-08.38.41:435][781]LogModuleManager: Shutting down and abandoning module Android_ASTCTargetPlatform (83)
[2018.11.03-08.38.41:435][781]LogModuleManager: Shutting down and abandoning module AndroidTargetPlatform (81)
[2018.11.03-08.38.41:436][781]LogModuleManager: Shutting down and abandoning module WindowsTargetPlatform (79)
[2018.11.03-08.38.41:436][781]LogModuleManager: Shutting down and abandoning module WindowsServerTargetPlatform (77)
[2018.11.03-08.38.41:436][781]LogModuleManager: Shutting down and abandoning module WindowsNoEditorTargetPlatform (75)
[2018.11.03-08.38.41:436][781]LogModuleManager: Shutting down and abandoning module WindowsClientTargetPlatform (73)
[2018.11.03-08.38.41:436][781]LogModuleManager: Shutting down and abandoning module MacTargetPlatform (71)
[2018.11.03-08.38.41:436][781]LogModuleManager: Shutting down and abandoning module MacServerTargetPlatform (69)
[2018.11.03-08.38.41:436][781]LogModuleManager: Shutting down and abandoning module MacNoEditorTargetPlatform (67)
[2018.11.03-08.38.41:436][781]LogModuleManager: Shutting down and abandoning module MacClientTargetPlatform (65)
[2018.11.03-08.38.41:436][781]LogModuleManager: Shutting down and abandoning module AllDesktopTargetPlatform (63)
[2018.11.03-08.38.41:436][781]LogModuleManager: Shutting down and abandoning module InputCore (60)
[2018.11.03-08.38.41:436][781]LogModuleManager: Shutting down and abandoning module Settings (58)
[2018.11.03-08.38.41:436][781]LogModuleManager: Shutting down and abandoning module OculusRift (56)
[2018.11.03-08.38.41:436][781]LogModuleManager: Shutting down and abandoning module GearVRController (54)
[2018.11.03-08.38.41:436][781]LogModuleManager: Shutting down and abandoning module GearVR (52)
[2018.11.03-08.38.41:436][781]LogModuleManager: Shutting down and abandoning module ExampleDeviceProfileSelector (50)
[2018.11.03-08.38.41:436][781]LogModuleManager: Shutting down and abandoning module OnlineBlueprintSupport (48)
[2018.11.03-08.38.41:436][781]LogModuleManager: Shutting down and abandoning module OnlineSubsystem (44)
[2018.11.03-08.38.41:436][781]LogOnline:Display: Unloading online subsystem: NULL
[2018.11.03-08.38.41:436][781]LogModuleManager: Shutting down and abandoning module XMPP (43)
[2018.11.03-08.38.41:436][781]LogModuleManager: Shutting down and abandoning module HTTP (41)
[2018.11.03-08.38.41:436][781]LogHttp:Display: Http module shutting down, but needs to wait on 1 outstanding Http requests:
[2018.11.03-08.38.41:436][781]LogHttp:Display: 	verb=[POST] url=[https://datarouter.ol.epicgames.com/datarouter/api/v1/public/data?SessionID=%7B7B629D30-4CC6-181E-0C93-CA8F26E957E2%7D&AppID=UEEditor.Rocket.Release&AppVersion=4.16.3-3561208%2B%2B%2BUE4%2BRelease-4.16&UserID=a24a33c3471643ada88e6abf06dda013%7Ca416398c22aa4c7e8e58d36da78c0b7d%7C4142d3b9-a5b9-47d4-b016-2c21a8da2db8&AppEnvironment=datacollector-binary&UploadType=eteventstream] status=Processing
[2018.11.03-08.38.41:447][781]LogModuleManager: Shutting down and abandoning module SSL (40)
[2018.11.03-08.38.41:449][781]LogModuleManager: Shutting down and abandoning module HTTPChunkInstaller (36)
[2018.11.03-08.38.41:449][781]LogModuleManager: Shutting down and abandoning module AnimationModifiers (34)
[2018.11.03-08.38.41:449][781]LogModuleManager: Shutting down and abandoning module PropertyEditor (33)
[2018.11.03-08.38.41:449][781]LogModuleManager: Shutting down and abandoning module AudioEditor (30)
[2018.11.03-08.38.41:449][781]LogModuleManager: Shutting down and abandoning module TextureCompressor (28)
[2018.11.03-08.38.41:449][781]LogModuleManager: Shutting down and abandoning module ShaderCore (26)
[2018.11.03-08.38.41:449][781]LogModuleManager: Shutting down and abandoning module Landscape (24)
[2018.11.03-08.38.41:449][781]LogModuleManager: Shutting down and abandoning module SlateRHIRenderer (22)
[2018.11.03-08.38.41:450][781]LogModuleManager: Shutting down and abandoning module OpenGLDrv (20)
[2018.11.03-08.38.41:450][781]LogModuleManager: Shutting down and abandoning module D3D11RHI (18)
[2018.11.03-08.38.41:450][781]LogModuleManager: Shutting down and abandoning module AnimGraphRuntime (16)
[2018.11.03-08.38.41:450][781]LogModuleManager: Shutting down and abandoning module Renderer (14)
[2018.11.03-08.38.41:451][781]LogModuleManager: Shutting down and abandoning module Engine (12)
[2018.11.03-08.38.41:451][781]LogModuleManager: Shutting down and abandoning module CoreUObject (10)
[2018.11.03-08.38.41:451][781]LogModuleManager: Shutting down and abandoning module NetworkFile (8)
[2018.11.03-08.38.41:451][781]LogModuleManager: Shutting down and abandoning module StreamingFile (6)
[2018.11.03-08.38.41:451][781]LogModuleManager: Shutting down and abandoning module SandboxFile (4)
[2018.11.03-08.38.41:451][781]LogModuleManager: Shutting down and abandoning module PakFile (2)
[2018.11.03-08.38.41:454][781]LogExit: Exiting.
[2018.11.03-08.38.41:478][781]Log file closed, 11/03/18 09:38:41
