Log file open, 11/04/18 16:44:30
LogWindows: Failed to load 'aqProf.dll' (GetLastError=126)
LogWindows: File 'aqProf.dll' does not exist
LogWindows: Failed to load 'VSPerf140.dll' (GetLastError=126)
LogWindows: File 'VSPerf140.dll' does not exist
LogWindows: Failed to load 'VtuneApi.dll' (GetLastError=126)
LogWindows: File 'VtuneApi.dll' does not exist
LogWindows: Failed to load 'VtuneApi32e.dll' (GetLastError=126)
LogWindows: File 'VtuneApi32e.dll' does not exist
LogInit: Display: Running engine for game: Proyecto2
LogPlatformFile: Not using cached read wrapper
LogTaskGraph: Started task graph with 5 named threads and 23 total threads with 3 sets of task threads.
LogStats: Stats thread started at 0.409105
LogD3D11RHI: Loaded GFSDK_Aftermath_Lib.x64.dll
LogICUInternationalization: Display: ICU TimeZone Detection - Raw Offset: +1:00, Platform Override: ''
LogPluginManager: Mounting plugin Paper2D
LogPluginManager: Mounting plugin AISupport
LogPluginManager: Mounting plugin LightPropagationVolume
LogPluginManager: Mounting plugin CLionSourceCodeAccess
LogPluginManager: Mounting plugin CodeLiteSourceCodeAccess
LogPluginManager: Mounting plugin GitSourceControl
LogPluginManager: Mounting plugin KDevelopSourceCodeAccess
LogPluginManager: Mounting plugin NullSourceCodeAccess
LogPluginManager: Mounting plugin PerforceSourceControl
LogPluginManager: Mounting plugin SubversionSourceControl
LogPluginManager: Mounting plugin UObjectPlugin
LogPluginManager: Mounting plugin VisualStudioCodeSourceCodeAccess
LogPluginManager: Mounting plugin VisualStudioSourceCodeAccess
LogPluginManager: Mounting plugin XCodeSourceCodeAccess
LogPluginManager: Mounting plugin AssetManagerEditor
LogPluginManager: Mounting plugin CryptoKeys
LogPluginManager: Mounting plugin DataValidation
LogPluginManager: Mounting plugin FacialAnimation
LogPluginManager: Mounting plugin GameplayTagsEditor
LogPluginManager: Mounting plugin MacGraphicsSwitching
LogPluginManager: Mounting plugin MeshEditor
LogPluginManager: Mounting plugin MobileLauncherProfileWizard
LogPluginManager: Mounting plugin PluginBrowser
LogPluginManager: Mounting plugin SpeedTreeImporter
LogPluginManager: Mounting plugin DatasmithContent
LogPluginManager: Mounting plugin AlembicImporter
LogPluginManager: Mounting plugin AppleImageUtils
LogPluginManager: Mounting plugin AppleVision
LogPluginManager: Mounting plugin BackChannel
LogPluginManager: Mounting plugin CharacterAI
LogPluginManager: Mounting plugin GeometryCache
LogPluginManager: Mounting plugin HTML5Networking
LogPluginManager: Mounting plugin ProxyLODPlugin
LogPluginManager: Mounting plugin MagicLeap
LogPluginManager: Mounting plugin MagicLeapEmulator
LogPluginManager: Mounting plugin MagicLeapMedia
LogPluginManager: Mounting plugin AndroidMedia
LogPluginManager: Mounting plugin AvfMedia
LogPluginManager: Mounting plugin ImgMedia
LogPluginManager: Mounting plugin LinearTimecode
LogPluginManager: Mounting plugin MediaCompositing
LogPluginManager: Mounting plugin MediaPlayerEditor
LogPluginManager: Mounting plugin WmfMedia
LogPluginManager: Mounting plugin TcpMessaging
LogPluginManager: Mounting plugin UdpMessaging
LogPluginManager: Mounting plugin ActorSequence
LogPluginManager: Mounting plugin LevelSequenceEditor
LogPluginManager: Mounting plugin MatineeToLevelSequence
LogPluginManager: Mounting plugin NetcodeUnitTest
LogPluginManager: Mounting plugin NUTUnrealEngine4
LogPluginManager: Mounting plugin OnlineSubsystemGooglePlay
LogPluginManager: Mounting plugin OnlineSubsystemIOS
LogPluginManager: Mounting plugin OnlineSubsystem
LogPluginManager: Mounting plugin OnlineSubsystemNull
LogPluginManager: Mounting plugin OnlineSubsystemUtils
LogPluginManager: Mounting plugin LauncherChunkInstaller
LogPluginManager: Mounting plugin AndroidDeviceProfileSelector
LogPluginManager: Mounting plugin AndroidMoviePlayer
LogPluginManager: Mounting plugin AndroidPermission
LogPluginManager: Mounting plugin AppleMoviePlayer
LogPluginManager: Mounting plugin ArchVisCharacter
LogPluginManager: Mounting plugin AudioCapture
LogPluginManager: Mounting plugin CableComponent
LogPluginManager: Mounting plugin CustomMeshComponent
LogPluginManager: Mounting plugin EditableMesh
LogPluginManager: Mounting plugin ExampleDeviceProfileSelector
LogPluginManager: Mounting plugin GoogleCloudMessaging
LogPluginManager: Mounting plugin ImmediatePhysics
LogPluginManager: Mounting plugin IOSDeviceProfileSelector
LogPluginManager: Mounting plugin LinuxDeviceProfileSelector
LogPluginManager: Mounting plugin LocationServicesBPLibrary
LogPluginManager: Mounting plugin MobilePatchingUtils
LogPluginManager: Mounting plugin OculusVR
LogPluginManager: Plugin shader directory ../../../Engine/Plugins/Runtime/Oculus/OculusVR/Shaders found
LogPluginManager: Mapping shader source directory ../../../Engine/Plugins/Runtime/Oculus/OculusVR/Shaders to virtual directory /Plugin/OculusVR
LogPluginManager: Mounting plugin PhysXVehicles
LogPluginManager: Mounting plugin ProceduralMeshComponent
LogPluginManager: Mounting plugin RuntimePhysXCooking
LogPluginManager: Mounting plugin SteamVR
LogPluginManager: Mounting plugin WindowsMoviePlayer
LogStreaming: Display: Took  0.400s to configure plugins.
LogInit: Using libcurl 7.55.1-DEV
LogInit:  - built for x86_64-pc-win32
LogInit:  - supports SSL with OpenSSL/1.0.2h
LogInit:  - supports HTTP deflate (compression) using libz 1.2.8
LogInit:  - other features:
LogInit:      CURL_VERSION_SSL
LogInit:      CURL_VERSION_LIBZ
LogInit:      CURL_VERSION_IPV6
LogInit:      CURL_VERSION_ASYNCHDNS
LogInit:      CURL_VERSION_LARGEFILE
LogInit:      CURL_VERSION_IDN
LogInit:  CurlRequestOptions (configurable via config and command line):
LogInit:  - bVerifyPeer = false  - Libcurl will NOT verify peer certificate
LogInit:  - bUseHttpProxy = false  - Libcurl will NOT use HTTP proxy
LogInit:  - bDontReuseConnections = false  - Libcurl will reuse connections
LogInit:  - CertBundlePath = nullptr  - Libcurl will use whatever was configured at build time.
LogInit:  - MaxHostConnections = 16  - Libcurl will limit the number of connections to a host
LogInit:  - LocalHostAddr = Default
LogInit:  - BufferSize = 65536
LogInit: WinSock: version 1.1 (2.2), MaxSocks=32767, MaxUdp=65467
LogInit: Build: ++UE4+Release-4.20-CL-4369336
LogInit: Engine Version: 4.20.3-4369336+++UE4+Release-4.20
LogInit: Compatible Engine Version: 4.20.0-4212847+++UE4+Release-4.20
LogInit: Net CL: 4212847
LogInit: OS: Windows 10 (), CPU: Intel(R) Core(TM) i7-6700HQ CPU @ 2.60GHz, GPU: NVIDIA GeForce GTX 1060
LogInit: Compiled (64-bit): Sep 17 2018 12:26:19
LogInit: Compiled with Visual C++: 19.13.26129.00
LogInit: Build Configuration: Development
LogInit: Branch Name: ++UE4+Release-4.20
LogInit: Command Line: 
LogInit: Base Directory: D:/Unreal/UE_4.20/Engine/Binaries/Win64/
LogInit: Installed Engine Build: 1
LogDevObjectVersion: Number of dev versions registered: 20
LogDevObjectVersion:   Dev-Blueprints (B0D832E4-1F89-4F0D-ACCF-7EB736FD4AA2): 10
LogDevObjectVersion:   Dev-Build (E1C64328-A22C-4D53-A36C-8E866417BD8C): 0
LogDevObjectVersion:   Dev-Core (375EC13C-06E4-48FB-B500-84F0262A717E): 2
LogDevObjectVersion:   Dev-Editor (E4B068ED-F494-42E9-A231-DA0B2E46BB41): 24
LogDevObjectVersion:   Dev-Framework (CFFC743F-43B0-4480-9391-14DF171D2073): 34
LogDevObjectVersion:   Dev-Mobile (B02B49B5-BB20-44E9-A304-32B752E40360): 2
LogDevObjectVersion:   Dev-Networking (A4E4105C-59A1-49B5-A7C5-40C4547EDFEE): 0
LogDevObjectVersion:   Dev-Online (39C831C9-5AE6-47DC-9A44-9C173E1C8E7C): 0
LogDevObjectVersion:   Dev-Physics (78F01B33-EBEA-4F98-B9B4-84EACCB95AA2): 0
LogDevObjectVersion:   Dev-Platform (6631380F-2D4D-43E0-8009-CF276956A95A): 0
LogDevObjectVersion:   Dev-Rendering (12F88B9F-8875-4AFC-A67C-D90C383ABD29): 26
LogDevObjectVersion:   Dev-Sequencer (7B5AE74C-D270-4C10-A958-57980B212A5A): 9
LogDevObjectVersion:   Dev-VR (D7296918-1DD6-4BDD-9DE2-64A83CC13884): 2
LogDevObjectVersion:   Dev-LoadTimes (C2A15278-BFE7-4AFE-6C17-90FF531DF755): 1
LogDevObjectVersion:   Private-Geometry (6EACA3D4-40EC-4CC1-B786-8BED09428FC5): 3
LogDevObjectVersion:   Dev-AnimPhys (29E575DD-E0A3-4627-9D10-D276232CDCEA): 17
LogDevObjectVersion:   Dev-ReflectionCapture (6B266CEC-1EC7-4B8F-A30B-E4D90942FC07): 1
LogDevObjectVersion:   Dev-Automation (0DF73D61-A23F-47EA-B727-89E90C41499A): 1
LogDevObjectVersion:   FortniteMain (601D1886-AC64-4F84-AA16-D3DE0DEAC7D6): 12
LogDevObjectVersion:   Dev-Enterprise (9DFFBCD6-494F-0158-E221-12823C92A888): 1
LogStreaming: Display: Took  0.029s to delete old logs.
LogInit: Presizing for max 8388607 objects, including 0 objects not considered by GC, pre-allocating 0 bytes for permanent pool.
LogInit: Object subsystem initialized
[2018.11.04-15.44.33:294][  0]LogInit: Selected Device Profile: [Windows]
[2018.11.04-15.44.33:294][  0]LogInit: Applying CVar settings loaded from the selected device profile: [Windows]
[2018.11.04-15.44.33:351][  0]LogHAL: Display: Platform has ~ 16 GB [17112543232 / 17179869184 / 16], which maps to Larger [LargestMinGB=32, LargerMinGB=12, DefaultMinGB=8, SmallerMinGB=6, SmallestMinGB=0)
[2018.11.04-15.44.33:351][  0]LogInit: Setting Device Profile CVar: [[r.Vulkan.UseRealUBs:1]]
[2018.11.04-15.44.33:351][  0]LogInit: Going up to parent DeviceProfile []
[2018.11.04-15.44.33:389][  0]LogInit: Computer: DESKTOP-49QTHV5
[2018.11.04-15.44.33:389][  0]LogInit: User: Pol
[2018.11.04-15.44.33:390][  0]LogInit: CPU Page size=4096, Cores=4
[2018.11.04-15.44.33:390][  0]LogInit: High frequency timer resolution =2.531247 MHz
[2018.11.04-15.44.33:390][  0]LogMemory: Memory total: Physical=15.9GB (16GB approx)
[2018.11.04-15.44.33:406][  0]LogMemory: Platform Memory Stats for Windows
[2018.11.04-15.44.33:406][  0]LogMemory: Process Physical Memory: 100.91 MB used, 100.91 MB peak
[2018.11.04-15.44.33:406][  0]LogMemory: Process Virtual Memory: 89.41 MB used, 89.41 MB peak
[2018.11.04-15.44.33:406][  0]LogMemory: Physical Memory: 7556.58 MB used,  8763.21 MB free, 16319.79 MB total
[2018.11.04-15.44.33:406][  0]LogMemory: Virtual Memory: 4624.38 MB used,  8763.21 MB free, 134217728.00 MB total
[2018.11.04-15.44.34:206][  0]LogInit: Overriding language with editor language configuration option (en).
[2018.11.04-15.44.34:206][  0]LogInit: Overriding locale with editor locale configuration option (en).
[2018.11.04-15.44.35:202][  0]LogStreaming: Display: Took  1.011s to InitEngineTextLocalization.
[2018.11.04-15.44.35:202][  0]LogInit: Setting process to per monitor DPI aware
[2018.11.04-15.44.35:718][  0]LogSlate: New Slate User Created.  User Index 0, Is Virtual User: 0
[2018.11.04-15.44.35:718][  0]LogSlate: Slate User Registered.  User Index 0, Is Virtual User: 0
[2018.11.04-15.44.37:000][  0]LogHMD: Failed to initialize OpenVR with code 126
[2018.11.04-15.44.37:027][  0]LogD3D11RHI: D3D11 adapters:
[2018.11.04-15.44.37:135][  0]LogD3D11RHI:    0. 'NVIDIA GeForce GTX 1060' (Feature Level 11_0)
[2018.11.04-15.44.37:135][  0]LogD3D11RHI:       6052/0/8159 MB DedicatedVideo/DedicatedSystem/SharedSystem, Outputs:1, VendorId:0x10de
[2018.11.04-15.44.37:139][  0]LogD3D11RHI:    1. 'Microsoft Basic Render Driver' (Feature Level 11_0)
[2018.11.04-15.44.37:139][  0]LogD3D11RHI:       0/0/8159 MB DedicatedVideo/DedicatedSystem/SharedSystem, Outputs:0, VendorId:0x1414
[2018.11.04-15.44.37:139][  0]LogD3D11RHI: Chosen D3D11 Adapter: 0
[2018.11.04-15.44.37:154][  0]LogD3D11RHI: Creating new Direct3DDevice
[2018.11.04-15.44.37:154][  0]LogD3D11RHI:     GPU DeviceId: 0x1c60 (for the marketing name, search the web for "GPU Device Id")
[2018.11.04-15.44.37:167][  0]LogWindows: EnumDisplayDevices:
[2018.11.04-15.44.37:167][  0]LogWindows:    0. 'NVIDIA GeForce GTX 1060' (P:1 D:1)
[2018.11.04-15.44.37:168][  0]LogWindows:    1. 'NVIDIA GeForce GTX 1060' (P:0 D:0)
[2018.11.04-15.44.37:169][  0]LogWindows:    2. 'NVIDIA GeForce GTX 1060' (P:0 D:0)
[2018.11.04-15.44.37:169][  0]LogWindows:    3. 'NVIDIA GeForce GTX 1060' (P:0 D:0)
[2018.11.04-15.44.37:170][  0]LogWindows: DebugString: FoundDriverCount:4 
[2018.11.04-15.44.37:170][  0]LogD3D11RHI:     Adapter Name: NVIDIA GeForce GTX 1060
[2018.11.04-15.44.37:170][  0]LogD3D11RHI:   Driver Version: 397.93 (internal:24.21.13.9793, unified:397.93)
[2018.11.04-15.44.37:170][  0]LogD3D11RHI:      Driver Date: 5-22-2018
[2018.11.04-15.44.37:170][  0]LogRHI: Texture pool is 4236 MB (70% of 6052 MB)
[2018.11.04-15.44.37:241][  0]LogD3D11RHI: Async texture creation enabled
[2018.11.04-15.44.37:489][  0]LogD3D11RHI: GPU Timing Frequency: 1000.000000 (Debug: 2 2)
[2018.11.04-15.44.37:595][  0]LogShaderCompilers: Guid format shader working directory is 16 characters bigger than the processId version (../../../../../Rep/Proyecto2/Intermediate/Shaders/WorkingDirectory/3836/).
[2018.11.04-15.44.37:596][  0]LogShaderCompilers: Cleaned the shader compiler working directory 'C:/Users/Pol/AppData/Local/Temp/UnrealShaderWorkingDir/9DEFDF964BEEBD66B7AB02BB33E76D59/'.
[2018.11.04-15.44.38:465][  0]LogTemp: Display: Loaded TP AllDesktopTargetPlatform
[2018.11.04-15.44.38:516][  0]LogTemp: Display: Loaded TP MacClientTargetPlatform
[2018.11.04-15.44.38:554][  0]LogTemp: Display: Loaded TP MacNoEditorTargetPlatform
[2018.11.04-15.44.38:583][  0]LogTemp: Display: Loaded TP MacServerTargetPlatform
[2018.11.04-15.44.38:643][  0]LogTemp: Display: Loaded TP MacTargetPlatform
[2018.11.04-15.44.38:672][  0]LogTemp: Display: Loaded TP WindowsClientTargetPlatform
[2018.11.04-15.44.38:696][  0]LogTemp: Display: Loaded TP WindowsNoEditorTargetPlatform
[2018.11.04-15.44.38:720][  0]LogTemp: Display: Loaded TP WindowsServerTargetPlatform
[2018.11.04-15.44.38:731][  0]LogTemp: Display: Loaded TP WindowsTargetPlatform
[2018.11.04-15.44.38:834][  0]LogTemp: Display: Loaded TP AndroidTargetPlatform
[2018.11.04-15.44.38:834][  0]LogTemp: Display: Loaded TP AndroidTargetPlatform
[2018.11.04-15.44.38:834][  0]LogTemp: Display: Loaded TP AndroidTargetPlatform
[2018.11.04-15.44.38:834][  0]LogTemp: Display: Loaded TP AndroidTargetPlatform
[2018.11.04-15.44.38:834][  0]LogTemp: Display: Loaded TP AndroidTargetPlatform
[2018.11.04-15.44.38:834][  0]LogTemp: Display: Loaded TP AndroidTargetPlatform
[2018.11.04-15.44.38:834][  0]LogTemp: Display: Loaded TP AndroidTargetPlatform
[2018.11.04-15.44.38:834][  0]LogTemp: Display: Loaded TP AndroidTargetPlatform
[2018.11.04-15.44.38:834][  0]LogTemp: Display: Loaded TP AndroidTargetPlatform
[2018.11.04-15.44.38:834][  0]LogTemp: Display: Loaded TP AndroidTargetPlatform
[2018.11.04-15.44.38:834][  0]LogTemp: Display: Loaded TP AndroidTargetPlatform
[2018.11.04-15.44.38:834][  0]LogTemp: Display: Loaded TP AndroidTargetPlatform
[2018.11.04-15.44.38:834][  0]LogTemp: Display: Loaded TP AndroidTargetPlatform
[2018.11.04-15.44.38:834][  0]LogTemp: Display: Loaded TP AndroidTargetPlatform
[2018.11.04-15.44.38:834][  0]LogTemp: Display: Loaded TP AndroidTargetPlatform
[2018.11.04-15.44.38:834][  0]LogTemp: Display: Loaded TP AndroidTargetPlatform
[2018.11.04-15.44.38:834][  0]LogTemp: Display: Loaded TP AndroidTargetPlatform
[2018.11.04-15.44.38:834][  0]LogTemp: Display: Loaded TP AndroidTargetPlatform
[2018.11.04-15.44.38:848][  0]LogTemp: Display: Loaded TP HTML5TargetPlatform
[2018.11.04-15.44.39:033][  0]LogTemp: Display: Loaded TP IOSTargetPlatform
[2018.11.04-15.44.39:033][  0]LogTemp: Display: Loaded TP IOSTargetPlatform
[2018.11.04-15.44.39:072][  0]LogTemp: Display: Loaded TP TVOSTargetPlatform
[2018.11.04-15.44.39:072][  0]LogTemp: Display: Loaded TP TVOSTargetPlatform
[2018.11.04-15.44.39:102][  0]LogTemp: Display: Loaded TP LinuxClientTargetPlatform
[2018.11.04-15.44.39:120][  0]LogTemp: Display: Loaded TP LinuxNoEditorTargetPlatform
[2018.11.04-15.44.39:154][  0]LogTemp: Display: Loaded TP LinuxServerTargetPlatform
[2018.11.04-15.44.39:190][  0]LogTemp: Display: Loaded TP LinuxTargetPlatform
[2018.11.04-15.44.39:242][  0]LogTemp: Display: Loaded TP LuminTargetPlatform
[2018.11.04-15.44.39:242][  0]LogTargetPlatformManager: Display: Building Assets For Windows
[2018.11.04-15.44.39:877][  0]LogXGEController: Cannot use XGE Controller as Incredibuild is not installed on this machine.
[2018.11.04-15.44.39:877][  0]LogShaderCompilers: Cannot use XGE Shader Compiler as Incredibuild is not installed on this machine.
[2018.11.04-15.44.39:877][  0]LogShaderCompilers: Display: Using Local Shader Compiler.
[2018.11.04-15.44.41:345][  0]LogDerivedDataCache: Display: Max Cache Size: 512 MB
[2018.11.04-15.44.41:717][  0]LogDerivedDataCache: Loaded boot cache 0.37s 71MB C:/Users/Pol/AppData/Local/UnrealEngine/4.20/DerivedDataCache/Boot.ddc.
[2018.11.04-15.44.41:718][  0]LogDerivedDataCache: Display: Loaded Boot cache: C:/Users/Pol/AppData/Local/UnrealEngine/4.20/DerivedDataCache/Boot.ddc
[2018.11.04-15.44.41:718][  0]LogDerivedDataCache: FDerivedDataBackendGraph:  Pak pak cache file ../../../../../Rep/Proyecto2/DerivedDataCache/DDC.ddp not found, will not use a pak cache.
[2018.11.04-15.44.41:718][  0]LogDerivedDataCache: Unable to find inner node Pak for hierarchical cache Hierarchy.
[2018.11.04-15.44.41:718][  0]LogDerivedDataCache: FDerivedDataBackendGraph:  CompressedPak pak cache file ../../../../../Rep/Proyecto2/DerivedDataCache/Compressed.ddp not found, will not use a pak cache.
[2018.11.04-15.44.41:718][  0]LogDerivedDataCache: Unable to find inner node CompressedPak for hierarchical cache Hierarchy.
[2018.11.04-15.44.41:805][  0]LogDerivedDataCache: Display: Pak cache opened for reading ../../../Engine/DerivedDataCache/Compressed.ddp.
[2018.11.04-15.44.41:819][  0]LogDerivedDataCache: Using Local data cache path C:/Users/Pol/AppData/Local/UnrealEngine/Common/DerivedDataCache: Writable
[2018.11.04-15.44.41:819][  0]LogDerivedDataCache: Shared data cache path not found in *engine.ini, will not use an Shared cache.
[2018.11.04-15.44.41:819][  0]LogDerivedDataCache: Unable to find inner node Shared for hierarchical cache Hierarchy.
[2018.11.04-15.44.41:888][  0]LogMaterial: Verifying Global Shaders for PCD3D_SM5
[2018.11.04-15.44.41:951][  0]LogSlate: Using FreeType 2.6.0
[2018.11.04-15.44.42:036][  0]LogSlate: SlateFontServices - WITH_FREETYPE: 1, WITH_HARFBUZZ: 1
[2018.11.04-15.44.42:520][  0]LogAssetRegistry: FAssetRegistry took 0.0334 seconds to start up
[2018.11.04-15.44.48:329][  0]LogInit: Selected Device Profile: [Windows]
[2018.11.04-15.44.49:171][  0]LogSimplygon: Simplygon DLL not present - disabling.
[2018.11.04-15.44.49:340][  0]LogMeshReduction: Using SimplygonSwarm for distributed automatic mesh merging
[2018.11.04-15.44.49:340][  0]LogMeshReduction: Using ProxyLODMeshReduction for automatic mesh merging
[2018.11.04-15.44.49:340][  0]LogMeshReduction: Using QuadricMeshReduction for automatic static mesh reduction
[2018.11.04-15.44.49:341][  0]LogMeshReduction: No automatic skeletal mesh reduction module available
[2018.11.04-15.44.49:563][  0]LogNetVersion: Proyecto2 1.0.0, NetCL: 4212847, EngineNetVer: 5, GameNetVer: 0 (Checksum: 4114807903)
[2018.11.04-15.44.49:858][  0]LogNavigation: Error: [/Script/Engine.RecastNavMesh] found in the DefaultEngine.ini file. This class has been moved. Please rename that section to [/Script/NavigationSystem.RecastNavMesh]
[2018.11.04-15.44.52:557][  0]LogPackageLocalizationCache: Processed 11 localized package path(s) for 1 prioritized culture(s) in 0.149084 seconds
[2018.11.04-15.44.52:629][  0]LogUObjectArray: 38425 objects as part of root set at end of initial load.
[2018.11.04-15.44.52:629][  0]LogUObjectAllocator: 6690864 out of 0 bytes used by permanent object pool.
[2018.11.04-15.44.52:629][  0]LogUObjectArray: CloseDisregardForGC: 0/0 objects in disregard for GC pool
[2018.11.04-15.45.02:736][  0]LogTcpMessaging: Initializing TcpMessaging bridge
[2018.11.04-15.45.02:761][  0]LogUdpMessaging: Initializing bridge on interface 0.0.0.0:0 to multicast group 230.0.0.1:6666.
[2018.11.04-15.45.03:694][  0]SourceControl: Source control is disabled
[2018.11.04-15.45.03:695][  0]SourceControl: Source control is disabled
[2018.11.04-15.45.03:788][  0]SourceControl: Source control is disabled
[2018.11.04-15.45.03:806][  0]SourceControl: Source control is disabled
[2018.11.04-15.45.05:148][  0]LogAndroidPermission: UAndroidPermissionCallbackProxy::GetInstance
[2018.11.04-15.45.05:418][  0]LogOcInput: OculusInput pre-init called
[2018.11.04-15.45.06:142][  0]LogEngine: Initializing Engine...
[2018.11.04-15.45.06:246][  0]LogHMD: Failed to initialize OpenVR with code 126
[2018.11.04-15.45.06:273][  0]LogStats: UGameplayTagsManager::ConstructGameplayTagTree: ImportINI prefixes -  0.000 s
[2018.11.04-15.45.06:273][  0]LogStats: UGameplayTagsManager::ConstructGameplayTagTree: Construct from data asset -  0.000 s
[2018.11.04-15.45.06:274][  0]LogStats: UGameplayTagsManager::ConstructGameplayTagTree: ImportINI -  0.000 s
[2018.11.04-15.45.06:274][  0]LogStats: UGameplayTagsManager::ConstructGameplayTagTree: GameplayTagTreeChangedEvent.Broadcast -  0.000 s
[2018.11.04-15.45.06:814][  0]LogInit: Initializing FReadOnlyCVARCache
[2018.11.04-15.45.07:239][  0]LogAIModule: Creating AISystem for world Untitled
[2018.11.04-15.45.07:393][  0]LogInit: XAudio2 using 'Auriculares (2- Razer Kraken USB)' : 2 channels at 48 kHz using 16 bits per sample (channel mask 0x3)
[2018.11.04-15.45.07:528][  0]LogInit: FAudioDevice initialized.
[2018.11.04-15.45.07:528][  0]LogNetVersion: Set ProjectVersion to 1.0.0.0. Version Checksum will be recalculated on next use.
[2018.11.04-15.45.07:624][  0]LogDerivedDataCache: Saved boot cache 0.10s 71MB C:/Users/Pol/AppData/Local/UnrealEngine/4.20/DerivedDataCache/Boot.ddc.
[2018.11.04-15.45.07:629][  0]LogInit: Texture streaming: Enabled
[2018.11.04-15.45.07:796][  0]LogEngineSessionManager: EngineSessionManager initialized
[2018.11.04-15.45.07:917][  0]LogInit: Transaction tracking system initialized
[2018.11.04-15.45.08:246][  0]BlueprintLog: New page: Editor Load
[2018.11.04-15.45.09:241][  0]LocalizationService: Localization service is disabled
[2018.11.04-15.45.11:035][  0]LogFileCache: Scanning file cache for directory 'D:/Rep/Proyecto2/Content/' took 0.04s
[2018.11.04-15.45.11:035][  0]LogCook: Display: Max memory allowance for cook 16384mb min free memory 0mb
[2018.11.04-15.45.11:035][  0]LogCook: Display: Mobile HDR setting 1
[2018.11.04-15.45.11:062][  0]LogGameplayTags: Display: UGameplayTagsManager::DoneAddingNativeTags. DelegateIsBound: 0
[2018.11.04-15.45.11:062][  0]LogStats: UGameplayTagsManager::ConstructGameplayTagTree: ImportINI prefixes -  0.000 s
[2018.11.04-15.45.11:062][  0]LogStats: UGameplayTagsManager::ConstructGameplayTagTree: Construct from data asset -  0.000 s
[2018.11.04-15.45.11:062][  0]LogStats: UGameplayTagsManager::ConstructGameplayTagTree: ImportINI -  0.000 s
[2018.11.04-15.45.11:063][  0]LogStats: UGameplayTagsManager::ConstructGameplayTagTree: GameplayTagTreeChangedEvent.Broadcast -  0.000 s
[2018.11.04-15.45.13:212][  0]SourceControl: Source control is disabled
[2018.11.04-15.45.13:218][  0]Cmd: MAP LOAD FILE="../../../../../Rep/Proyecto2/Content/FirstPersonBP/Maps/FirstPersonExampleMap.umap" TEMPLATE=0 SHOWPROGRESS=1 FEATURELEVEL=3
[2018.11.04-15.45.13:236][  0]LightingResults: New page: Lighting Build
[2018.11.04-15.45.13:310][  0]MapCheck: New page: Map Check
[2018.11.04-15.45.13:310][  0]LightingResults: New page: Lighting Build
[2018.11.04-15.45.20:250][  0]LogAIModule: Creating AISystem for world FirstPersonExampleMap
[2018.11.04-15.45.21:308][  0]LogEditorServer: Finished looking for orphan Actors (0.000 secs)
[2018.11.04-15.45.21:524][  0]Cmd: MAP CHECKDEP NOCLEARLOG
[2018.11.04-15.45.21:707][  0]MapCheck: Map check complete: 0 Error(s), 0 Warning(s), took 182.289ms to complete.
[2018.11.04-15.45.21:707][  0]LogFileHelpers: Loading map 'FirstPersonExampleMap' took 8.489
[2018.11.04-15.45.22:881][  0]LogSlate: Updating window title bar state: overlay mode, drag disabled, window buttons hidden, title bar hidden
[2018.11.04-15.45.22:903][  0]LogSlate: Updating window title bar state: overlay mode, drag disabled, window buttons hidden, title bar hidden
[2018.11.04-15.45.22:915][  0]LogSlate: Updating window title bar state: overlay mode, drag disabled, window buttons hidden, title bar hidden
[2018.11.04-15.45.22:924][  0]LogSlate: Updating window title bar state: overlay mode, drag disabled, window buttons hidden, title bar hidden
[2018.11.04-15.45.23:002][  0]LogCollectionManager: Loaded 0 collections in 0.002124 seconds
[2018.11.04-15.45.23:196][  0]LogFileCache: Scanning file cache for directory 'D:/Rep/Proyecto2/Saved/Collections/' took 0.01s
[2018.11.04-15.45.23:196][  0]LogFileCache: Scanning file cache for directory 'D:/Rep/Proyecto2/Content/Developers/Pol/Collections/' took 0.01s
[2018.11.04-15.45.23:196][  0]LogFileCache: Scanning file cache for directory 'D:/Rep/Proyecto2/Content/Collections/' took 0.01s
[2018.11.04-15.45.23:196][  0]LogCollectionManager: Rebuilt the GUID cache for 0 collections in 0.000000 seconds
[2018.11.04-15.45.23:211][  0]LogContentBrowser: Native class hierarchy populated in 0.0146 seconds. Added 2572 classes and 603 folders.
[2018.11.04-15.45.23:305][  0]LogContentBrowser: Native class hierarchy updated for 'WidgetCarousel' in 0.0006 seconds. Added 0 classes and 0 folders.
[2018.11.04-15.45.24:704][  0]LogContentBrowser: Native class hierarchy updated for 'AddContentDialog' in 0.0008 seconds. Added 0 classes and 0 folders.
[2018.11.04-15.45.24:743][  0]LogContentBrowser: Native class hierarchy updated for 'SceneOutliner' in 0.0005 seconds. Added 1 classes and 2 folders.
[2018.11.04-15.45.25:763][  0]LogSlate: Took 0.014445 seconds to synchronously load lazily loaded font '../../../Engine/Content/Slate/Fonts/Roboto-Regular.ttf' (155K)
[2018.11.04-15.45.25:775][  0]LogSlate: Took 0.009566 seconds to synchronously load lazily loaded font '../../../Engine/Content/Slate/Fonts/Roboto-Bold.ttf' (160K)
[2018.11.04-15.45.25:829][  0]LogSlate: Took 0.013130 seconds to synchronously load lazily loaded font '../../../Engine/Content/Editor/Slate/Fonts/FontAwesome.ttf' (139K)
[2018.11.04-15.45.26:134][  0]LogRenderer: Reallocating scene render targets to support 1208x552 Format 10 NumSamples 1 (Frame:1).
[2018.11.04-15.45.26:581][  0]LogSlate: Took 0.019538 seconds to synchronously load lazily loaded font '../../../Engine/Content/Slate/Fonts/Roboto-Light.ttf' (167K)
[2018.11.04-15.45.26:803][  0]LogContentBrowser: Native class hierarchy updated for 'HierarchicalLODOutliner' in 0.0007 seconds. Added 0 classes and 0 folders.
[2018.11.04-15.45.26:803][  0]LogLoad: (Engine Initialization) Total time: 67.75 seconds
[2018.11.04-15.45.26:803][  0]LogLoad: (Engine Initialization) Total Blueprint compile time: 0.00 seconds
[2018.11.04-15.45.27:038][  0]LogContentStreaming: Texture pool size now 1000 MB
[2018.11.04-15.45.27:453][  2]LogAssetRegistry: Asset discovery search completed in 44.9560 seconds
[2018.11.04-15.45.27:457][  2]LogCollectionManager: Rebuilt the object cache for 0 collections in 0.000000 seconds (found 0 objects)
[2018.11.04-15.45.27:457][  2]LogCollectionManager: Fixed up redirectors for 0 collections in 0.000125 seconds (updated 0 objects)
[2018.11.04-15.45.32:308][ 46]LogFileCache: Retrieving MD5 hashes for directory 'D:/Rep/Proyecto2/Content/' took 5.41s
[2018.11.04-15.45.44:037][595]LogEditorViewport: Clicking on Actor (LMB): StaticMeshActor (water_hp)
[2018.11.04-15.45.47:718][713]LogEditorViewport: Clicking on Actor (LMB): StaticMeshActor (sisterna_hp)
[2018.11.04-15.45.49:217][775]LogEditorViewport: Clicking on Actor (CTRL LMB): StaticMeshActor (water_hp)
[2018.11.04-15.46.34:849][278]LogSlate: FSceneViewport::OnFocusLost() reason 0
[2018.11.04-15.47.01:167][751]LogSlate: FSceneViewport::OnFocusLost() reason 0
[2018.11.04-15.47.10:341][242]Cmd: DELETE
[2018.11.04-15.47.10:341][242]Cmd: ACTOR DELETE
[2018.11.04-15.47.10:534][242]LogEditorActor: Deleted Actor: PointLight
[2018.11.04-15.47.10:589][242]LogEditorActor: Deleted 1 Actors (0.136 secs)
[2018.11.04-15.47.16:833][599]LogEditorViewport: Clicking on Actor (LMB): SpotLight (SpotLight)
[2018.11.04-15.47.18:305][679]Cmd: DELETE
[2018.11.04-15.47.18:305][679]Cmd: ACTOR DELETE
[2018.11.04-15.47.18:347][679]LogEditorActor: Deleted Actor: SpotLight
[2018.11.04-15.47.18:384][679]LogEditorActor: Deleted 1 Actors (0.079 secs)
[2018.11.04-15.49.08:480][701]LogSlate: FSceneViewport::OnFocusLost() reason 0
[2018.11.04-15.49.10:044][705]LogSlate: Window 'Save Content' being destroyed
[2018.11.04-15.49.10:067][705]LogSlate: Took 0.000582 seconds to synchronously load lazily loaded font '../../../Engine/Content/Slate/Fonts/Roboto-Light.ttf' (167K)
[2018.11.04-15.49.12:357][705]LogSavePackage: Moving '../../../../../Rep/Proyecto2/Saved/FirstPersonExampleMap02BBD5F14D26CD4BC5BD31AE7D257DB6.tmp' to '../../../../../Rep/Proyecto2/Content/FirstPersonBP/Maps/FirstPersonExampleMap.umap'
[2018.11.04-15.49.12:481][705]LogFileHelpers: Saving map 'FirstPersonExampleMap' took 2.384
[2018.11.04-15.49.12:634][705]LogSlate: Window 'Proyecto2 - Unreal Editor' being destroyed
[2018.11.04-15.49.12:635][705]LogWindowsTextInputMethodSystem: Display: IME system now deactivated.
[2018.11.04-15.49.12:964][706]Cmd: QUIT_EDITOR
[2018.11.04-15.49.13:002][706]LogExit: Preparing to exit.
[2018.11.04-15.49.14:376][706]LogExit: Editor shut down
[2018.11.04-15.49.14:377][706]LogExit: Transaction tracking system shut down
[2018.11.04-15.49.15:434][706]LogExit: Object subsystem successfully closed.
[2018.11.04-15.49.15:494][706]LogShaderCompilers: Display: Shaders left to compile 0
[2018.11.04-15.49.15:535][706]LogD3D11RHI: Shutdown
[2018.11.04-15.49.15:535][706]LogD3D11RHI: CleanupD3DDevice
[2018.11.04-15.49.15:557][706]LogD3D11RHI: ~FD3D11DynamicRHI
[2018.11.04-15.49.16:075][706]LogModuleManager: Shutting down and abandoning module HierarchicalLODOutliner (610)
[2018.11.04-15.49.16:075][706]LogModuleManager: Shutting down and abandoning module SceneOutliner (608)
[2018.11.04-15.49.16:075][706]LogModuleManager: Shutting down and abandoning module AddContentDialog (606)
[2018.11.04-15.49.16:081][706]LogModuleManager: Shutting down and abandoning module WidgetCarousel (605)
[2018.11.04-15.49.16:081][706]LogModuleManager: Shutting down and abandoning module EditorWidgets (602)
[2018.11.04-15.49.16:082][706]LogModuleManager: Shutting down and abandoning module CollectionManager (600)
[2018.11.04-15.49.16:097][706]LogModuleManager: Shutting down and abandoning module StatsViewer (598)
[2018.11.04-15.49.16:097][706]LogModuleManager: Shutting down and abandoning module FoliageEdit (596)
[2018.11.04-15.49.16:097][706]LogModuleManager: Shutting down and abandoning module LandscapeEditor (594)
[2018.11.04-15.49.16:115][706]LogModuleManager: Shutting down and abandoning module MeshPaintMode (592)
[2018.11.04-15.49.16:116][706]LogModuleManager: Shutting down and abandoning module SceneDepthPickerMode (590)
[2018.11.04-15.49.16:116][706]LogModuleManager: Shutting down and abandoning module ActorPickerMode (588)
[2018.11.04-15.49.16:116][706]LogModuleManager: Shutting down and abandoning module GeometryMode (586)
[2018.11.04-15.49.16:116][706]LogModuleManager: Shutting down and abandoning module TextureAlignMode (584)
[2018.11.04-15.49.16:116][706]LogModuleManager: Shutting down and abandoning module BspMode (582)
[2018.11.04-15.49.16:125][706]LogModuleManager: Shutting down and abandoning module PIEPreviewDeviceProfileSelector (580)
[2018.11.04-15.49.16:125][706]LogModuleManager: Shutting down and abandoning module SequenceRecorderSections (578)
[2018.11.04-15.49.16:125][706]LogModuleManager: Shutting down and abandoning module AutomationWorker (576)
[2018.11.04-15.49.16:126][706]LogModuleManager: Shutting down and abandoning module AudioCaptureEditor (574)
[2018.11.04-15.49.16:126][706]LogModuleManager: Shutting down and abandoning module SequenceRecorder (573)
[2018.11.04-15.49.16:126][706]LogModuleManager: Shutting down and abandoning module MatineeToLevelSequence (570)
[2018.11.04-15.49.16:126][706]LogModuleManager: Shutting down and abandoning module LevelSequenceEditor (568)
[2018.11.04-15.49.16:138][706]LogModuleManager: Shutting down and abandoning module PlacementMode (567)
[2018.11.04-15.49.16:138][706]LogModuleManager: Shutting down and abandoning module MaterialEditor (566)
[2018.11.04-15.49.16:139][706]LogModuleManager: Shutting down and abandoning module WmfMediaFactory (562)
[2018.11.04-15.49.16:139][706]LogModuleManager: Shutting down and abandoning module WmfMediaEditor (560)
[2018.11.04-15.49.16:139][706]LogModuleManager: Shutting down and abandoning module MediaPlayerEditor (558)
[2018.11.04-15.49.16:140][706]LogModuleManager: Shutting down and abandoning module OpenExrWrapper (556)
[2018.11.04-15.49.16:140][706]LogModuleManager: Shutting down and abandoning module ImgMediaFactory (554)
[2018.11.04-15.49.16:140][706]LogModuleManager: Shutting down and abandoning module ImgMediaEditor (552)
[2018.11.04-15.49.16:141][706]LogModuleManager: Shutting down and abandoning module AvfMediaFactory (550)
[2018.11.04-15.49.16:141][706]LogModuleManager: Shutting down and abandoning module AvfMediaEditor (548)
[2018.11.04-15.49.16:141][706]LogModuleManager: Shutting down and abandoning module AndroidMediaFactory (546)
[2018.11.04-15.49.16:141][706]LogModuleManager: Shutting down and abandoning module AndroidMediaEditor (544)
[2018.11.04-15.49.16:141][706]LogModuleManager: Shutting down and abandoning module MagicLeapCameraPreviewFactory (542)
[2018.11.04-15.49.16:141][706]LogModuleManager: Shutting down and abandoning module MagicLeapMediaFactory (540)
[2018.11.04-15.49.16:141][706]LogModuleManager: Shutting down and abandoning module MagicLeapMediaEditor (538)
[2018.11.04-15.49.16:141][706]LogModuleManager: Shutting down and abandoning module CharacterAI (536)
[2018.11.04-15.49.16:141][706]LogModuleManager: Shutting down and abandoning module SmartSnapping (534)
[2018.11.04-15.49.16:142][706]LogModuleManager: Shutting down and abandoning module SessionServices (532)
[2018.11.04-15.49.16:142][706]LogModuleManager: Shutting down and abandoning module ViewportSnapping (530)
[2018.11.04-15.49.16:142][706]LogModuleManager: Shutting down and abandoning module ViewportInteraction (528)
[2018.11.04-15.49.16:142][706]LogModuleManager: Shutting down and abandoning module ClothPainter (526)
[2018.11.04-15.49.16:152][706]LogModuleManager: Shutting down and abandoning module SkeletalMeshEditor (525)
[2018.11.04-15.49.16:166][706]LogModuleManager: Shutting down and abandoning module LogVisualizer (522)
[2018.11.04-15.49.16:175][706]LogModuleManager: Shutting down and abandoning module IntroTutorials (520)
[2018.11.04-15.49.16:176][706]LogModuleManager: Shutting down and abandoning module GameProjectGeneration (519)
[2018.11.04-15.49.16:186][706]LogModuleManager: Shutting down and abandoning module LuminPlatformEditor (516)
[2018.11.04-15.49.16:187][706]LogModuleManager: Shutting down and abandoning module IOSPlatformEditor (514)
[2018.11.04-15.49.16:187][706]LogModuleManager: Shutting down and abandoning module HTML5PlatformEditor (512)
[2018.11.04-15.49.16:187][706]LogModuleManager: Shutting down and abandoning module AndroidPlatformEditor (510)
[2018.11.04-15.49.16:187][706]LogModuleManager: Shutting down and abandoning module AndroidDeviceDetection (509)
[2018.11.04-15.49.16:573][706]LogModuleManager: Shutting down and abandoning module WindowsPlatformEditor (506)
[2018.11.04-15.49.16:573][706]LogModuleManager: Shutting down and abandoning module LuminRuntimeSettings (504)
[2018.11.04-15.49.16:573][706]LogModuleManager: Shutting down and abandoning module IOSRuntimeSettings (502)
[2018.11.04-15.49.16:573][706]LogModuleManager: Shutting down and abandoning module AndroidRuntimeSettings (500)
[2018.11.04-15.49.16:573][706]LogModuleManager: Shutting down and abandoning module InputBindingEditor (498)
[2018.11.04-15.49.16:597][706]LogModuleManager: Shutting down and abandoning module MergeActors (496)
[2018.11.04-15.49.16:597][706]LogModuleManager: Shutting down and abandoning module LocalizationDashboard (494)
[2018.11.04-15.49.16:607][706]LogModuleManager: Shutting down and abandoning module LocalizationService (493)
[2018.11.04-15.49.16:607][706]LogModuleManager: Shutting down and abandoning module HardwareTargeting (490)
[2018.11.04-15.49.16:607][706]LogModuleManager: Shutting down and abandoning module DeviceProfileEditor (488)
[2018.11.04-15.49.16:607][706]LogModuleManager: Shutting down and abandoning module UndoHistory (486)
[2018.11.04-15.49.16:607][706]LogModuleManager: Shutting down and abandoning module XmlParser (484)
[2018.11.04-15.49.16:607][706]LogModuleManager: Shutting down and abandoning module Blutility (482)
[2018.11.04-15.49.16:607][706]LogModuleManager: Shutting down and abandoning module ProjectSettingsViewer (480)
[2018.11.04-15.49.16:607][706]LogModuleManager: Shutting down and abandoning module ProjectTargetPlatformEditor (479)
[2018.11.04-15.49.16:607][706]LogModuleManager: Shutting down and abandoning module EditorSettingsViewer (476)
[2018.11.04-15.49.16:607][706]LogModuleManager: Shutting down and abandoning module SettingsEditor (474)
[2018.11.04-15.49.16:607][706]LogModuleManager: Shutting down and abandoning module ProjectLauncher (472)
[2018.11.04-15.49.16:641][706]LogModuleManager: Shutting down and abandoning module SessionFrontend (470)
[2018.11.04-15.49.16:641][706]LogModuleManager: Shutting down and abandoning module ProfilerClient (468)
[2018.11.04-15.49.16:653][706]LogModuleManager: Shutting down and abandoning module DeviceManager (466)
[2018.11.04-15.49.16:653][706]LogModuleManager: Shutting down and abandoning module TargetDeviceServices (465)
[2018.11.04-15.49.16:734][706]LogModuleManager: Shutting down and abandoning module AutomationController (462)
[2018.11.04-15.49.16:734][706]LogModuleManager: Shutting down and abandoning module AutomationWindow (460)
[2018.11.04-15.49.16:748][706]LogModuleManager: Shutting down and abandoning module Layers (458)
[2018.11.04-15.49.16:760][706]LogModuleManager: Shutting down and abandoning module ComponentVisualizers (456)
[2018.11.04-15.49.16:760][706]LogModuleManager: Shutting down and abandoning module DetailCustomizations (454)
[2018.11.04-15.49.16:761][706]LogModuleManager: Shutting down and abandoning module PackagesDialog (452)
[2018.11.04-15.49.16:761][706]LogModuleManager: Shutting down and abandoning module Persona (450)
[2018.11.04-15.49.16:784][706]LogModuleManager: Shutting down and abandoning module AdvancedPreviewScene (449)
[2018.11.04-15.49.16:784][706]LogModuleManager: Shutting down and abandoning module AnimGraph (447)
[2018.11.04-15.49.16:784][706]LogModuleManager: Shutting down and abandoning module Kismet (444)
[2018.11.04-15.49.16:799][706]LogModuleManager: Shutting down and abandoning module GraphEditor (442)
[2018.11.04-15.49.16:820][706]LogModuleManager: Shutting down and abandoning module ClassViewer (440)
[2018.11.04-15.49.16:820][706]LogModuleManager: Shutting down and abandoning module Toolbox (438)
[2018.11.04-15.49.16:820][706]LogModuleManager: Shutting down and abandoning module ModuleUI (436)
[2018.11.04-15.49.16:835][706]LogModuleManager: Shutting down and abandoning module MovieSceneTools (434)
[2018.11.04-15.49.16:835][706]LogModuleManager: Shutting down and abandoning module OutputLog (432)
[2018.11.04-15.49.16:835][706]LogModuleManager: Shutting down and abandoning module GammaUI (430)
[2018.11.04-15.49.16:844][706]LogModuleManager: Shutting down and abandoning module Documentation (428)
[2018.11.04-15.49.16:844][706]LogModuleManager: Shutting down and abandoning module MovieSceneTracks (426)
[2018.11.04-15.49.16:844][706]LogModuleManager: Shutting down and abandoning module MovieScene (424)
[2018.11.04-15.49.16:844][706]LogModuleManager: Shutting down and abandoning module StreamingPauseRendering (422)
[2018.11.04-15.49.16:844][706]LogModuleManager: Shutting down and abandoning module LauncherPlatform (420)
[2018.11.04-15.49.16:844][706]LogModuleManager: Shutting down and abandoning module AnalyticsET (418)
[2018.11.04-15.49.16:844][706]LogModuleManager: Shutting down and abandoning module PortalServices (416)
[2018.11.04-15.49.16:844][706]LogModuleManager: Shutting down and abandoning module PortalRpc (414)
[2018.11.04-15.49.16:844][706]LogModuleManager: Shutting down and abandoning module MessagingRpc (412)
[2018.11.04-15.49.16:844][706]LogModuleManager: Shutting down and abandoning module AIModule (410)
[2018.11.04-15.49.16:844][706]LogModuleManager: Shutting down and abandoning module GameplayDebugger (409)
[2018.11.04-15.49.16:844][706]LogModuleManager: Shutting down and abandoning module AITestSuite (407)
[2018.11.04-15.49.16:844][706]LogModuleManager: Shutting down and abandoning module NavigationSystem (405)
[2018.11.04-15.49.16:844][706]LogModuleManager: Shutting down and abandoning module DesktopPlatform (402)
[2018.11.04-15.49.16:844][706]LogModuleManager: Shutting down and abandoning module ProfilerService (400)
[2018.11.04-15.49.17:091][706]LogModuleManager: Shutting down and abandoning module TaskGraph (398)
[2018.11.04-15.49.17:091][706]LogModuleManager: Shutting down and abandoning module SteamVRController (396)
[2018.11.04-15.49.17:091][706]LogModuleManager: Shutting down and abandoning module ProceduralMeshComponentEditor (394)
[2018.11.04-15.49.17:091][706]LogModuleManager: Shutting down and abandoning module ProceduralMeshComponent (392)
[2018.11.04-15.49.17:091][706]LogModuleManager: Shutting down and abandoning module OculusInput (390)
[2018.11.04-15.49.17:091][706]LogModuleManager: Shutting down and abandoning module MobilePatchingUtils (388)
[2018.11.04-15.49.17:091][706]LogModuleManager: Shutting down and abandoning module EditableMesh (386)
[2018.11.04-15.49.17:100][706]LogModuleManager: Shutting down and abandoning module CustomMeshComponent (384)
[2018.11.04-15.49.17:101][706]LogModuleManager: Shutting down and abandoning module CableComponent (382)
[2018.11.04-15.49.17:101][706]LogModuleManager: Shutting down and abandoning module AudioCapture (380)
[2018.11.04-15.49.17:101][706]LogModuleManager: Shutting down and abandoning module ArchVisCharacter (378)
[2018.11.04-15.49.17:101][706]LogModuleManager: Shutting down and abandoning module AndroidPermission (376)
[2018.11.04-15.49.17:101][706]LogModuleManager: Shutting down and abandoning module NUTUnrealEngine4 (374)
[2018.11.04-15.49.17:101][706]LogModuleManager: Shutting down and abandoning module NetcodeUnitTest (372)
[2018.11.04-15.49.17:126][706]LogModuleManager: Shutting down and abandoning module MediaCompositingEditor (370)
[2018.11.04-15.49.17:127][706]LogModuleManager: Shutting down and abandoning module MediaCompositing (368)
[2018.11.04-15.49.17:127][706]LogModuleManager: Shutting down and abandoning module LinearTimecode (366)
[2018.11.04-15.49.17:127][706]LogModuleManager: Shutting down and abandoning module ImgMedia (364)
[2018.11.04-15.49.17:152][706]LogModuleManager: Shutting down and abandoning module HTML5Networking (362)
[2018.11.04-15.49.17:152][706]LogModuleManager: Shutting down and abandoning module GeometryCacheTracks (360)
[2018.11.04-15.49.17:152][706]LogModuleManager: Shutting down and abandoning module GeometryCacheSequencer (358)
[2018.11.04-15.49.17:153][706]LogModuleManager: Shutting down and abandoning module BackChannel (356)
[2018.11.04-15.49.17:153][706]LogModuleManager: Shutting down and abandoning module AppleVision (354)
[2018.11.04-15.49.17:153][706]LogModuleManager: Shutting down and abandoning module AppleImageUtils (352)
[2018.11.04-15.49.17:153][706]LogModuleManager: Shutting down and abandoning module AlembicImporter (350)
[2018.11.04-15.49.17:153][706]LogModuleManager: Shutting down and abandoning module AlembicLibrary (349)
[2018.11.04-15.49.17:153][706]LogModuleManager: Shutting down and abandoning module GeometryCache (348)
[2018.11.04-15.49.17:153][706]LogModuleManager: Shutting down and abandoning module GeometryCacheEd (347)
[2018.11.04-15.49.17:153][706]LogModuleManager: Shutting down and abandoning module DatasmithContentEditor (342)
[2018.11.04-15.49.17:153][706]LogModuleManager: Shutting down and abandoning module DatasmithContent (340)
[2018.11.04-15.49.17:154][706]LogModuleManager: Shutting down and abandoning module SpeedTreeImporter (338)
[2018.11.04-15.49.17:154][706]LogModuleManager: Shutting down and abandoning module PluginBrowser (336)
[2018.11.04-15.49.17:163][706]LogModuleManager: Shutting down and abandoning module MobileLauncherProfileWizard (334)
[2018.11.04-15.49.17:179][706]LogModuleManager: Shutting down and abandoning module PolygonModeling (332)
[2018.11.04-15.49.17:179][706]LogModuleManager: Shutting down and abandoning module MeshEditor (330)
[2018.11.04-15.49.17:179][706]LogModuleManager: Shutting down and abandoning module CryptoKeysOpenSSL (328)
[2018.11.04-15.49.17:179][706]LogModuleManager: Shutting down and abandoning module CryptoKeys (326)
[2018.11.04-15.49.17:179][706]LogModuleManager: Shutting down and abandoning module VisualStudioSourceCodeAccess (324)
[2018.11.04-15.49.17:179][706]LogModuleManager: Shutting down and abandoning module VisualStudioCodeSourceCodeAccess (322)
[2018.11.04-15.49.17:179][706]LogModuleManager: Shutting down and abandoning module UObjectPlugin (320)
[2018.11.04-15.49.17:179][706]LogModuleManager: Shutting down and abandoning module SubversionSourceControl (318)
[2018.11.04-15.49.17:179][706]LogModuleManager: Shutting down and abandoning module PerforceSourceControl (316)
[2018.11.04-15.49.17:195][706]LogModuleManager: Shutting down and abandoning module GitSourceControl (314)
[2018.11.04-15.49.17:195][706]LogModuleManager: Shutting down and abandoning module SourceControl (313)
[2018.11.04-15.49.17:195][706]LogModuleManager: Shutting down and abandoning module CLionSourceCodeAccess (310)
[2018.11.04-15.49.17:195][706]LogModuleManager: Shutting down and abandoning module LightPropagationVolumeEditor (308)
[2018.11.04-15.49.17:195][706]LogModuleManager: Shutting down and abandoning module PaperTiledImporter (306)
[2018.11.04-15.49.17:195][706]LogModuleManager: Shutting down and abandoning module PaperSpriteSheetImporter (304)
[2018.11.04-15.49.17:195][706]LogModuleManager: Shutting down and abandoning module Paper2DEditor (302)
[2018.11.04-15.49.17:211][706]LogModuleManager: Shutting down and abandoning module MeshPaint (301)
[2018.11.04-15.49.17:211][706]LogModuleManager: Shutting down and abandoning module RuntimePhysXCooking (298)
[2018.11.04-15.49.17:211][706]LogModuleManager: Shutting down and abandoning module PhysXVehiclesEditor (296)
[2018.11.04-15.49.17:211][706]LogModuleManager: Shutting down and abandoning module PhysXVehicles (294)
[2018.11.04-15.49.17:212][706]LogModuleManager: Shutting down and abandoning module OculusEditor (292)
[2018.11.04-15.49.17:212][706]LogModuleManager: Shutting down and abandoning module LocationServicesBPLibrary (290)
[2018.11.04-15.49.17:212][706]LogModuleManager: Shutting down and abandoning module ImmediatePhysicsEditor (288)
[2018.11.04-15.49.17:212][706]LogModuleManager: Shutting down and abandoning module ImmediatePhysics (286)
[2018.11.04-15.49.17:212][706]LogModuleManager: Shutting down and abandoning module ActorSequence (284)
[2018.11.04-15.49.17:212][706]LogModuleManager: Shutting down and abandoning module UdpMessaging (282)
[2018.11.04-15.49.17:313][706]LogModuleManager: Shutting down and abandoning module TcpMessaging (280)
[2018.11.04-15.49.17:413][706]LogModuleManager: Shutting down and abandoning module MagicLeapAudio (278)
[2018.11.04-15.49.17:413][706]LogModuleManager: Shutting down and abandoning module GameplayTagsEditor (276)
[2018.11.04-15.49.17:426][706]LogModuleManager: Shutting down and abandoning module FacialAnimationEditor (274)
[2018.11.04-15.49.17:426][706]LogModuleManager: Shutting down and abandoning module FacialAnimation (272)
[2018.11.04-15.49.17:426][706]LogModuleManager: Shutting down and abandoning module DataValidation (270)
[2018.11.04-15.49.17:426][706]LogModuleManager: Shutting down and abandoning module AssetManagerEditor (268)
[2018.11.04-15.49.17:446][706]LogModuleManager: Shutting down and abandoning module LevelEditor (267)
[2018.11.04-15.49.17:447][706]LogModuleManager: Shutting down and abandoning module PixelInspectorModule (266)
[2018.11.04-15.49.17:447][706]LogModuleManager: Shutting down and abandoning module CommonMenuExtensions (264)
[2018.11.04-15.49.17:447][706]LogModuleManager: Shutting down and abandoning module MainFrame (262)
[2018.11.04-15.49.17:447][706]LogModuleManager: Shutting down and abandoning module HotReload (261)
[2018.11.04-15.49.17:449][706]LogModuleManager: Shutting down and abandoning module ContentBrowser (257)
[2018.11.04-15.49.17:450][706]LogModuleManager: Shutting down and abandoning module TreeMap (255)
[2018.11.04-15.49.17:450][706]LogModuleManager: Shutting down and abandoning module LightPropagationVolumeRuntime (252)
[2018.11.04-15.49.17:450][706]LogModuleManager: Shutting down and abandoning module AISupportModule (250)
[2018.11.04-15.49.17:450][706]LogModuleManager: Shutting down and abandoning module Paper2D (248)
[2018.11.04-15.49.17:450][706]LogModuleManager: Shutting down and abandoning module WindowsMoviePlayer (246)
[2018.11.04-15.49.17:450][706]LogModuleManager: Shutting down and abandoning module WmfMedia (244)
[2018.11.04-15.49.17:465][706]LogModuleManager: Shutting down and abandoning module Media (243)
[2018.11.04-15.49.17:470][706]LogModuleManager: Shutting down and abandoning module PacketHandler (240)
[2018.11.04-15.49.17:471][706]LogModuleManager: Shutting down and abandoning module ClothingSystemEditor (238)
[2018.11.04-15.49.17:471][706]LogModuleManager: Shutting down and abandoning module ClothingSystemRuntime (236)
[2018.11.04-15.49.17:480][706]LogModuleManager: Shutting down and abandoning module MediaAssets (234)
[2018.11.04-15.49.17:480][706]LogModuleManager: Shutting down and abandoning module Overlay (232)
[2018.11.04-15.49.17:480][706]LogModuleManager: Shutting down and abandoning module OverlayEditor (231)
[2018.11.04-15.49.17:480][706]LogModuleManager: Shutting down and abandoning module VREditor (228)
[2018.11.04-15.49.17:491][706]LogModuleManager: Shutting down and abandoning module StringTableEditor (226)
[2018.11.04-15.49.17:505][706]LogModuleManager: Shutting down and abandoning module GameplayTasksEditor (224)
[2018.11.04-15.49.17:505][706]LogModuleManager: Shutting down and abandoning module BehaviorTreeEditor (222)
[2018.11.04-15.49.17:524][706]LogModuleManager: Shutting down and abandoning module FunctionalTesting (220)
[2018.11.04-15.49.17:524][706]LogModuleManager: Shutting down and abandoning module CollisionAnalyzer (218)
[2018.11.04-15.49.17:525][706]LogModuleManager: Shutting down and abandoning module WorkspaceMenuStructure (217)
[2018.11.04-15.49.17:525][706]LogModuleManager: Shutting down and abandoning module UMG (214)
[2018.11.04-15.49.17:535][706]LogModuleManager: Shutting down and abandoning module UMGEditor (213)
[2018.11.04-15.49.17:544][706]LogModuleManager: Shutting down and abandoning module Sequencer (212)
[2018.11.04-15.49.17:573][706]LogModuleManager: Shutting down and abandoning module MessageLog (209)
[2018.11.04-15.49.17:573][706]LogModuleManager: Shutting down and abandoning module SlateReflector (204)
[2018.11.04-15.49.17:598][706]LogModuleManager: Shutting down and abandoning module Slate (202)
[2018.11.04-15.49.17:598][706]LogModuleManager: Shutting down and abandoning module EditorStyle (200)
[2018.11.04-15.49.17:601][706]LogModuleManager: Shutting down and abandoning module MRMesh (198)
[2018.11.04-15.49.17:601][706]LogModuleManager: Shutting down and abandoning module SourceCodeAccess (196)
[2018.11.04-15.49.17:601][706]LogModuleManager: Shutting down and abandoning module HeadMountedDisplay (194)
[2018.11.04-15.49.17:601][706]LogModuleManager: Shutting down and abandoning module XAudio2 (192)
[2018.11.04-15.49.17:601][706]LogModuleManager: Shutting down and abandoning module Networking (190)
[2018.11.04-15.49.17:601][706]LogModuleManager: Shutting down and abandoning module Core (188)
[2018.11.04-15.49.17:601][706]LogModuleManager: Shutting down and abandoning module LevelSequence (186)
[2018.11.04-15.49.17:601][706]LogModuleManager: Shutting down and abandoning module KismetCompiler (184)
[2018.11.04-15.49.17:601][706]LogModuleManager: Shutting down and abandoning module MeshUtilities (182)
[2018.11.04-15.49.17:617][706]LogModuleManager: Shutting down and abandoning module MeshMergeUtilities (181)
[2018.11.04-15.49.17:626][706]LogModuleManager: Shutting down and abandoning module MeshReductionInterface (180)
[2018.11.04-15.49.17:626][706]LogModuleManager: Shutting down and abandoning module SimplygonSwarm (179)
[2018.11.04-15.49.17:631][706]LogModuleManager: Shutting down and abandoning module ProxyLODMeshReduction (177)
[2018.11.04-15.49.17:649][706]LogModuleManager: Shutting down and abandoning module SimplygonMeshReduction (175)
[2018.11.04-15.49.17:649][706]LogModuleManager: Shutting down and abandoning module QuadricMeshReduction (173)
[2018.11.04-15.49.17:662][706]LogModuleManager: Shutting down and abandoning module MaterialBaking (169)
[2018.11.04-15.49.17:662][706]LogModuleManager: Shutting down and abandoning module DirectoryWatcher (165)
[2018.11.04-15.49.17:662][706]LogModuleManager: Shutting down and abandoning module DerivedDataCache (162)
[2018.11.04-15.49.17:713][706]LogDerivedDataCache: Shutdown
[2018.11.04-15.49.17:713][706]LogModuleManager: Shutting down and abandoning module XGEController (160)
[2018.11.04-15.49.17:713][706]LogModuleManager: Shutting down and abandoning module TargetPlatform (158)
[2018.11.04-15.49.17:713][706]LogModuleManager: Shutting down and abandoning module VulkanShaderFormat (157)
[2018.11.04-15.49.17:713][706]LogModuleManager: Shutting down and abandoning module ShaderFormatVectorVM (155)
[2018.11.04-15.49.17:713][706]LogModuleManager: Shutting down and abandoning module ShaderFormatOpenGL (153)
[2018.11.04-15.49.17:719][706]LogModuleManager: Shutting down and abandoning module ShaderFormatD3D (151)
[2018.11.04-15.49.17:720][706]LogModuleManager: Shutting down and abandoning module MetalShaderFormat (149)
[2018.11.04-15.49.17:729][706]LogModuleManager: Shutting down and abandoning module TextureFormatUncompressed (147)
[2018.11.04-15.49.17:729][706]LogModuleManager: Shutting down and abandoning module TextureFormatPVR (145)
[2018.11.04-15.49.17:729][706]LogModuleManager: Shutting down and abandoning module TextureFormatDXT (143)
[2018.11.04-15.49.17:729][706]LogModuleManager: Shutting down and abandoning module TextureFormatIntelISPCTexComp (141)
[2018.11.04-15.49.17:729][706]LogModuleManager: Shutting down and abandoning module TextureFormatASTC (139)
[2018.11.04-15.49.17:729][706]LogModuleManager: Shutting down and abandoning module ImageWrapper (138)
[2018.11.04-15.49.17:730][706]LogModuleManager: Shutting down and abandoning module TextureFormatAndroid (135)
[2018.11.04-15.49.17:730][706]LogModuleManager: Shutting down and abandoning module AudioFormatOpus (133)
[2018.11.04-15.49.17:730][706]LogModuleManager: Shutting down and abandoning module AudioFormatOgg (131)
[2018.11.04-15.49.17:730][706]LogModuleManager: Shutting down and abandoning module AudioFormatADPCM (129)
[2018.11.04-15.49.17:730][706]LogModuleManager: Shutting down and abandoning module LuminTargetPlatform (127)
[2018.11.04-15.49.17:730][706]LogModuleManager: Shutting down and abandoning module LinuxTargetPlatform (125)
[2018.11.04-15.49.17:730][706]LogModuleManager: Shutting down and abandoning module LinuxServerTargetPlatform (123)
[2018.11.04-15.49.17:730][706]LogModuleManager: Shutting down and abandoning module LinuxNoEditorTargetPlatform (121)
[2018.11.04-15.49.17:730][706]LogModuleManager: Shutting down and abandoning module LinuxClientTargetPlatform (119)
[2018.11.04-15.49.17:731][706]LogModuleManager: Shutting down and abandoning module TVOSTargetPlatform (117)
[2018.11.04-15.49.17:732][706]LogModuleManager: Shutting down and abandoning module Messaging (115)
[2018.11.04-15.49.17:732][706]LogModuleManager: Shutting down and abandoning module IOSTargetPlatform (113)
[2018.11.04-15.49.17:733][706]LogModuleManager: Shutting down and abandoning module HTML5TargetPlatform (111)
[2018.11.04-15.49.17:733][706]LogModuleManager: Shutting down and abandoning module AndroidTargetPlatform (109)
[2018.11.04-15.49.17:742][706]LogModuleManager: Shutting down and abandoning module WindowsTargetPlatform (107)
[2018.11.04-15.49.17:742][706]LogModuleManager: Shutting down and abandoning module WindowsServerTargetPlatform (105)
[2018.11.04-15.49.17:742][706]LogModuleManager: Shutting down and abandoning module WindowsNoEditorTargetPlatform (103)
[2018.11.04-15.49.17:742][706]LogModuleManager: Shutting down and abandoning module WindowsClientTargetPlatform (101)
[2018.11.04-15.49.17:742][706]LogModuleManager: Shutting down and abandoning module MacTargetPlatform (99)
[2018.11.04-15.49.17:742][706]LogModuleManager: Shutting down and abandoning module MacServerTargetPlatform (97)
[2018.11.04-15.49.17:742][706]LogModuleManager: Shutting down and abandoning module MacNoEditorTargetPlatform (95)
[2018.11.04-15.49.17:742][706]LogModuleManager: Shutting down and abandoning module MacClientTargetPlatform (93)
[2018.11.04-15.49.17:742][706]LogModuleManager: Shutting down and abandoning module AllDesktopTargetPlatform (91)
[2018.11.04-15.49.17:742][706]LogModuleManager: Shutting down and abandoning module InputCore (88)
[2018.11.04-15.49.17:742][706]LogModuleManager: Shutting down and abandoning module Settings (86)
[2018.11.04-15.49.17:742][706]LogModuleManager: Shutting down and abandoning module PhysXCooking (84)
[2018.11.04-15.49.17:742][706]LogModuleManager: Shutting down and abandoning module SteamVR (82)
[2018.11.04-15.49.17:742][706]LogModuleManager: Shutting down and abandoning module OculusHMD (80)
[2018.11.04-15.49.17:742][706]LogModuleManager: Shutting down and abandoning module ExampleDeviceProfileSelector (78)
[2018.11.04-15.49.17:742][706]LogModuleManager: Shutting down and abandoning module LauncherChunkInstaller (76)
[2018.11.04-15.49.17:742][706]LogModuleManager: Shutting down and abandoning module OnlineBlueprintSupport (74)
[2018.11.04-15.49.17:742][706]LogModuleManager: Shutting down and abandoning module OnlineSubsystem (70)
[2018.11.04-15.49.17:776][706]LogModuleManager: Shutting down and abandoning module XMPP (65)
[2018.11.04-15.49.17:788][706]LogModuleManager: Shutting down and abandoning module WebSockets (64)
[2018.11.04-15.49.17:838][706]LogModuleManager: Shutting down and abandoning module HTTP (61)
[2018.11.04-15.49.17:847][706]LogHttp: Display: Http module shutting down, but needs to wait on 1 outstanding Http requests:
[2018.11.04-15.49.17:848][706]LogHttp: Display: 	verb=[POST] url=[https://datarouter.ol.epicgames.com/datarouter/api/v1/public/data?SessionID=%7B8EFD2A98-4378-0133-987F-4492E2CEF4F6%7D&AppID=UEEditor.Rocket.Release&AppVersion=4.20.3-4369336%2B%2B%2BUE4%2BRelease-4.20&UserID=c3c472684d52be292c7a90b4da02f5fe%7C38a7d056cc144ee4b3d1a2d8d7c78e00%7Cb665e2f6-668b-436b-8e13-c1f0d0abee02&AppEnvironment=datacollector-binary&UploadType=eteventstream] status=Processing
[2018.11.04-15.49.17:870][706]LogModuleManager: Shutting down and abandoning module SSL (60)
[2018.11.04-15.49.17:872][706]LogModuleManager: Shutting down and abandoning module MagicLeapEmulator (56)
[2018.11.04-15.49.17:872][706]LogModuleManager: Shutting down and abandoning module MagicLeapPrivileges (54)
[2018.11.04-15.49.17:872][706]LogModuleManager: Shutting down and abandoning module MagicLeapIdentity (52)
[2018.11.04-15.49.17:872][706]LogModuleManager: Shutting down and abandoning module MagicLeapHelperVulkan (50)
[2018.11.04-15.49.17:872][706]LogModuleManager: Shutting down and abandoning module MagicLeapHelperOpenGL (48)
[2018.11.04-15.49.17:872][706]LogModuleManager: Shutting down and abandoning module MagicLeapSecureStorage (46)
[2018.11.04-15.49.17:872][706]LogModuleManager: Shutting down and abandoning module MagicLeapGestures (44)
[2018.11.04-15.49.17:872][706]LogModuleManager: Shutting down and abandoning module MagicLeapEyeTracker (42)
[2018.11.04-15.49.17:872][706]LogModuleManager: Shutting down and abandoning module MagicLeapController (40)
[2018.11.04-15.49.17:872][706]LogSlate: Slate User Destroyed.  User Index 0, Is Virtual User: 0
[2018.11.04-15.49.17:872][706]LogModuleManager: Shutting down and abandoning module MagicLeap (38)
[2018.11.04-15.49.17:872][706]LogModuleManager: Shutting down and abandoning module AnimationModifiers (36)
[2018.11.04-15.49.17:905][706]LogModuleManager: Shutting down and abandoning module PropertyEditor (35)
[2018.11.04-15.49.17:905][706]LogModuleManager: Shutting down and abandoning module AudioEditor (32)
[2018.11.04-15.49.17:928][706]LogModuleManager: Shutting down and abandoning module TextureCompressor (30)
[2018.11.04-15.49.17:929][706]LogModuleManager: Shutting down and abandoning module ShaderCore (28)
[2018.11.04-15.49.17:929][706]LogModuleManager: Shutting down and abandoning module Landscape (26)
[2018.11.04-15.49.17:929][706]LogModuleManager: Shutting down and abandoning module SlateRHIRenderer (24)
[2018.11.04-15.49.17:945][706]LogModuleManager: Shutting down and abandoning module OpenGLDrv (22)
[2018.11.04-15.49.17:957][706]LogModuleManager: Shutting down and abandoning module D3D11RHI (20)
[2018.11.04-15.49.17:957][706]LogModuleManager: Shutting down and abandoning module AnimGraphRuntime (18)
[2018.11.04-15.49.17:957][706]LogModuleManager: Shutting down and abandoning module Renderer (16)
[2018.11.04-15.49.17:957][706]LogModuleManager: Shutting down and abandoning module Engine (14)
[2018.11.04-15.49.17:957][706]LogModuleManager: Shutting down and abandoning module CoreUObject (12)
[2018.11.04-15.49.17:957][706]LogModuleManager: Shutting down and abandoning module NetworkFile (10)
[2018.11.04-15.49.17:957][706]LogModuleManager: Shutting down and abandoning module CookedIterativeFile (8)
[2018.11.04-15.49.17:957][706]LogModuleManager: Shutting down and abandoning module StreamingFile (6)
[2018.11.04-15.49.17:968][706]LogModuleManager: Shutting down and abandoning module SandboxFile (4)
[2018.11.04-15.49.17:968][706]LogModuleManager: Shutting down and abandoning module PakFile (2)
[2018.11.04-15.49.17:993][706]LogExit: Exiting.
[2018.11.04-15.49.18:039][706]Log file closed, 11/04/18 16:49:18
